[2024-11-10T01:52:14.045+0000] {local_task_job_runner.py:120} INFO - ::group::Pre task execution logs
[2024-11-10T01:52:14.069+0000] {taskinstance.py:2076} INFO - Dependencies all met for dep_context=non-requeueable deps ti=<TaskInstance: pipeline.insert_data_into_data_warehouse manual__2024-11-10T01:52:11.178566+00:00 [queued]>
[2024-11-10T01:52:14.077+0000] {taskinstance.py:2076} INFO - Dependencies all met for dep_context=requeueable deps ti=<TaskInstance: pipeline.insert_data_into_data_warehouse manual__2024-11-10T01:52:11.178566+00:00 [queued]>
[2024-11-10T01:52:14.080+0000] {taskinstance.py:2306} INFO - Starting attempt 1 of 1
[2024-11-10T01:52:14.091+0000] {taskinstance.py:2330} INFO - Executing <Task(_PythonDecoratedOperator): insert_data_into_data_warehouse> on 2024-11-10 01:52:11.178566+00:00
[2024-11-10T01:52:14.095+0000] {standard_task_runner.py:64} INFO - Started process 384 to run task
[2024-11-10T01:52:14.097+0000] {standard_task_runner.py:90} INFO - Running: ['***', 'tasks', 'run', 'pipeline', 'insert_data_into_data_warehouse', 'manual__2024-11-10T01:52:11.178566+00:00', '--job-id', '451', '--raw', '--subdir', 'DAGS_FOLDER/pipline.py', '--cfg-path', '/tmp/tmphv46y_j0']
[2024-11-10T01:52:14.100+0000] {standard_task_runner.py:91} INFO - Job 451: Subtask insert_data_into_data_warehouse
[2024-11-10T01:52:14.141+0000] {task_command.py:426} INFO - Running <TaskInstance: pipeline.insert_data_into_data_warehouse manual__2024-11-10T01:52:11.178566+00:00 [running]> on host f27d990d3764
[2024-11-10T01:52:14.247+0000] {taskinstance.py:2648} INFO - Exporting env vars: AIRFLOW_CTX_DAG_OWNER='***' AIRFLOW_CTX_DAG_ID='pipeline' AIRFLOW_CTX_TASK_ID='insert_data_into_data_warehouse' AIRFLOW_CTX_EXECUTION_DATE='2024-11-10T01:52:11.178566+00:00' AIRFLOW_CTX_TRY_NUMBER='1' AIRFLOW_CTX_DAG_RUN_ID='manual__2024-11-10T01:52:11.178566+00:00'
[2024-11-10T01:52:14.248+0000] {taskinstance.py:430} INFO - ::endgroup::
[2024-11-10T01:52:14.260+0000] {base.py:84} INFO - Using connection ID 'mysql_default' for task execution.
[2024-11-10T01:52:14.274+0000] {pipline.py:154} ERROR - Error creating or retrieving journal 'IEEE Transactions on Technology and Society': string indices must be integers, not 'str'
[2024-11-10T01:52:14.275+0000] {pipline.py:199} WARNING - Journal 'IEEE Transactions on Technology and Society' was not inserted.
[2024-11-10T01:52:14.280+0000] {base.py:84} INFO - Using connection ID 'mysql_default' for task execution.
[2024-11-10T01:52:14.288+0000] {pipline.py:154} ERROR - Error creating or retrieving journal 'IEEE Transactions on Technology and Society': string indices must be integers, not 'str'
[2024-11-10T01:52:14.289+0000] {pipline.py:199} WARNING - Journal 'IEEE Transactions on Technology and Society' was not inserted.
[2024-11-10T01:52:14.294+0000] {base.py:84} INFO - Using connection ID 'mysql_default' for task execution.
[2024-11-10T01:52:14.309+0000] {base.py:84} INFO - Using connection ID 'mysql_default' for task execution.
[2024-11-10T01:52:14.330+0000] {pipline.py:178} INFO - Publication 'The Generative AI Landscape in Education: Mapping the Terrain of Opportunities, Challenges, and Student Perception' inserted successfully.
[2024-11-10T01:52:14.335+0000] {base.py:84} INFO - Using connection ID 'mysql_default' for task execution.
[2024-11-10T01:52:14.344+0000] {pipline.py:154} ERROR - Error creating or retrieving journal 'IEEE Computer Architecture Letters': string indices must be integers, not 'str'
[2024-11-10T01:52:14.344+0000] {pipline.py:199} WARNING - Journal 'IEEE Computer Architecture Letters' was not inserted.
[2024-11-10T01:52:14.349+0000] {base.py:84} INFO - Using connection ID 'mysql_default' for task execution.
[2024-11-10T01:52:14.357+0000] {pipline.py:154} ERROR - Error creating or retrieving journal 'IEEE Embedded Systems Letters': string indices must be integers, not 'str'
[2024-11-10T01:52:14.358+0000] {pipline.py:199} WARNING - Journal 'IEEE Embedded Systems Letters' was not inserted.
[2024-11-10T01:52:14.363+0000] {base.py:84} INFO - Using connection ID 'mysql_default' for task execution.
[2024-11-10T01:52:14.378+0000] {base.py:84} INFO - Using connection ID 'mysql_default' for task execution.
[2024-11-10T01:52:14.397+0000] {pipline.py:178} INFO - Publication 'A Survey of Real-Time Strategy Game AI Research and Competition in StarCraft' inserted successfully.
[2024-11-10T01:52:14.402+0000] {base.py:84} INFO - Using connection ID 'mysql_default' for task execution.
[2024-11-10T01:52:14.417+0000] {base.py:84} INFO - Using connection ID 'mysql_default' for task execution.
[2024-11-10T01:52:14.439+0000] {pipline.py:178} INFO - Publication 'Unraveling ML Models of Emotion With NOVA: Multi-Level Explainable AI for Non-Experts' inserted successfully.
[2024-11-10T01:52:14.445+0000] {base.py:84} INFO - Using connection ID 'mysql_default' for task execution.
[2024-11-10T01:52:14.459+0000] {base.py:84} INFO - Using connection ID 'mysql_default' for task execution.
[2024-11-10T01:52:14.476+0000] {pipline.py:178} INFO - Publication 'AIS-PVT: Long-Time AIS Data Assisted Pyramid Vision Transformer for Sea-Land Segmentation in Dual-Polarization SAR Imagery' inserted successfully.
[2024-11-10T01:52:14.482+0000] {base.py:84} INFO - Using connection ID 'mysql_default' for task execution.
[2024-11-10T01:52:14.497+0000] {base.py:84} INFO - Using connection ID 'mysql_default' for task execution.
[2024-11-10T01:52:14.520+0000] {pipline.py:178} INFO - Publication 'Explainable AI for Cheating Detection and Churn Prediction in Online Games' inserted successfully.
[2024-11-10T01:52:14.526+0000] {base.py:84} INFO - Using connection ID 'mysql_default' for task execution.
[2024-11-10T01:52:14.542+0000] {base.py:84} INFO - Using connection ID 'mysql_default' for task execution.
[2024-11-10T01:52:14.568+0000] {pipline.py:178} INFO - Publication 'Towards Measuring Fairness in AI: The Casual Conversations Dataset' inserted successfully.
[2024-11-10T01:52:14.574+0000] {base.py:84} INFO - Using connection ID 'mysql_default' for task execution.
[2024-11-10T01:52:14.588+0000] {base.py:84} INFO - Using connection ID 'mysql_default' for task execution.
[2024-11-10T01:52:14.608+0000] {pipline.py:178} INFO - Publication 'Personas for Artificial Intelligence (AI) an Open Source Toolbox' inserted successfully.
[2024-11-10T01:52:14.613+0000] {base.py:84} INFO - Using connection ID 'mysql_default' for task execution.
[2024-11-10T01:52:14.628+0000] {base.py:84} INFO - Using connection ID 'mysql_default' for task execution.
[2024-11-10T01:52:14.655+0000] {pipline.py:178} INFO - Publication 'A Game AI Competition to Foster Collaborative AI Research and Development' inserted successfully.
[2024-11-10T01:52:14.661+0000] {base.py:84} INFO - Using connection ID 'mysql_default' for task execution.
[2024-11-10T01:52:14.673+0000] {pipline.py:154} ERROR - Error creating or retrieving journal 'IEEE Transactions on Technology and Society': string indices must be integers, not 'str'
[2024-11-10T01:52:14.675+0000] {pipline.py:199} WARNING - Journal 'IEEE Transactions on Technology and Society' was not inserted.
[2024-11-10T01:52:14.682+0000] {base.py:84} INFO - Using connection ID 'mysql_default' for task execution.
[2024-11-10T01:52:14.704+0000] {base.py:84} INFO - Using connection ID 'mysql_default' for task execution.
[2024-11-10T01:52:14.732+0000] {pipline.py:178} INFO - Publication 'XAI-IoT: An Explainable AI Framework for Enhancing Anomaly Detection in IoT Systems' inserted successfully.
[2024-11-10T01:52:14.738+0000] {base.py:84} INFO - Using connection ID 'mysql_default' for task execution.
[2024-11-10T01:52:14.755+0000] {base.py:84} INFO - Using connection ID 'mysql_default' for task execution.
[2024-11-10T01:52:14.780+0000] {pipline.py:178} INFO - Publication 'Human-Centered AI in Smart Farming: Toward Agriculture 5.0' inserted successfully.
[2024-11-10T01:52:14.786+0000] {base.py:84} INFO - Using connection ID 'mysql_default' for task execution.
[2024-11-10T01:52:14.801+0000] {base.py:84} INFO - Using connection ID 'mysql_default' for task execution.
[2024-11-10T01:52:14.825+0000] {pipline.py:178} INFO - Publication 'An Area-Efficient Systolic Array Redundancy Architecture for Reliable AI Accelerator' inserted successfully.
[2024-11-10T01:52:14.830+0000] {base.py:84} INFO - Using connection ID 'mysql_default' for task execution.
[2024-11-10T01:52:14.845+0000] {base.py:84} INFO - Using connection ID 'mysql_default' for task execution.
[2024-11-10T01:52:14.863+0000] {pipline.py:178} INFO - Publication 'Unleashing the Power of Edge-Cloud Generative AI in Mobile Networks: A Survey of AIGC Services' inserted successfully.
[2024-11-10T01:52:14.868+0000] {base.py:84} INFO - Using connection ID 'mysql_default' for task execution.
[2024-11-10T01:52:14.883+0000] {base.py:84} INFO - Using connection ID 'mysql_default' for task execution.
[2024-11-10T01:52:14.904+0000] {pipline.py:178} INFO - Publication 'Exploring the Effect of Generative AI on Social Sustainability Through Integrating AI Attributes, TPB, and T-EESST: A Deep Learning-Based Hybrid SEM-ANN Approach' inserted successfully.
[2024-11-10T01:52:14.909+0000] {base.py:84} INFO - Using connection ID 'mysql_default' for task execution.
[2024-11-10T01:52:14.926+0000] {base.py:84} INFO - Using connection ID 'mysql_default' for task execution.
[2024-11-10T01:52:14.947+0000] {pipline.py:178} INFO - Publication 'The Ethics of AI in Games' inserted successfully.
[2024-11-10T01:52:14.954+0000] {base.py:84} INFO - Using connection ID 'mysql_default' for task execution.
[2024-11-10T01:52:14.973+0000] {base.py:84} INFO - Using connection ID 'mysql_default' for task execution.
[2024-11-10T01:52:14.993+0000] {pipline.py:178} INFO - Publication 'E-XAI: Evaluating Black-Box Explainable AI Frameworks for Network Intrusion Detection' inserted successfully.
[2024-11-10T01:52:15.000+0000] {base.py:84} INFO - Using connection ID 'mysql_default' for task execution.
[2024-11-10T01:52:15.026+0000] {base.py:84} INFO - Using connection ID 'mysql_default' for task execution.
[2024-11-10T01:52:15.053+0000] {pipline.py:178} INFO - Publication 'Demystifying Defects: Federated Learning and Explainable AI for Semiconductor Fault Detection' inserted successfully.
[2024-11-10T01:52:15.060+0000] {base.py:84} INFO - Using connection ID 'mysql_default' for task execution.
[2024-11-10T01:52:15.080+0000] {base.py:84} INFO - Using connection ID 'mysql_default' for task execution.
[2024-11-10T01:52:15.136+0000] {pipline.py:178} INFO - Publication 'Developing a Transparent Diagnosis Model for Diabetic Retinopathy Using Explainable AI' inserted successfully.
[2024-11-10T01:52:15.142+0000] {base.py:84} INFO - Using connection ID 'mysql_default' for task execution.
[2024-11-10T01:52:15.157+0000] {base.py:84} INFO - Using connection ID 'mysql_default' for task execution.
[2024-11-10T01:52:15.177+0000] {pipline.py:178} INFO - Publication 'AI and Security, From an Information Security and Risk Manager Standpoint' inserted successfully.
[2024-11-10T01:52:15.183+0000] {base.py:84} INFO - Using connection ID 'mysql_default' for task execution.
[2024-11-10T01:52:15.198+0000] {base.py:84} INFO - Using connection ID 'mysql_default' for task execution.
[2024-11-10T01:52:15.216+0000] {pipline.py:178} INFO - Publication 'Empirical Evaluations of Framework for Adaptive Trust Calibration in Human-AI Cooperation' inserted successfully.
[2024-11-10T01:52:15.221+0000] {base.py:84} INFO - Using connection ID 'mysql_default' for task execution.
[2024-11-10T01:52:15.229+0000] {pipline.py:154} ERROR - Error creating or retrieving journal 'IEEE Transactions on Technology and Society': string indices must be integers, not 'str'
[2024-11-10T01:52:15.230+0000] {pipline.py:199} WARNING - Journal 'IEEE Transactions on Technology and Society' was not inserted.
[2024-11-10T01:52:15.235+0000] {base.py:84} INFO - Using connection ID 'mysql_default' for task execution.
[2024-11-10T01:52:15.244+0000] {pipline.py:154} ERROR - Error creating or retrieving journal 'IEEE Transactions on Technology and Society': string indices must be integers, not 'str'
[2024-11-10T01:52:15.244+0000] {pipline.py:199} WARNING - Journal 'IEEE Transactions on Technology and Society' was not inserted.
[2024-11-10T01:52:15.245+0000] {python.py:237} INFO - Done. Returned value was: None
[2024-11-10T01:52:15.245+0000] {taskinstance.py:441} INFO - ::group::Post task execution logs
[2024-11-10T01:52:15.251+0000] {taskinstance.py:1206} INFO - Marking task as SUCCESS. dag_id=pipeline, task_id=insert_data_into_data_warehouse, run_id=manual__2024-11-10T01:52:11.178566+00:00, execution_date=20241110T015211, start_date=20241110T015214, end_date=20241110T015215
[2024-11-10T01:52:15.273+0000] {local_task_job_runner.py:243} INFO - Task exited with return code 0
[2024-11-10T01:52:15.297+0000] {taskinstance.py:3503} INFO - 1 downstream tasks scheduled from follow-on schedule check
[2024-11-10T01:52:15.302+0000] {local_task_job_runner.py:222} INFO - ::endgroup::
