[2024-11-10T02:17:34.457+0000] {local_task_job_runner.py:120} INFO - ::group::Pre task execution logs
[2024-11-10T02:17:34.488+0000] {taskinstance.py:2076} INFO - Dependencies all met for dep_context=non-requeueable deps ti=<TaskInstance: pipeline.insert_data_into_data_warehouse manual__2024-11-10T02:17:29.633612+00:00 [queued]>
[2024-11-10T02:17:34.497+0000] {taskinstance.py:2076} INFO - Dependencies all met for dep_context=requeueable deps ti=<TaskInstance: pipeline.insert_data_into_data_warehouse manual__2024-11-10T02:17:29.633612+00:00 [queued]>
[2024-11-10T02:17:34.498+0000] {taskinstance.py:2306} INFO - Starting attempt 1 of 1
[2024-11-10T02:17:34.511+0000] {taskinstance.py:2330} INFO - Executing <Task(_PythonDecoratedOperator): insert_data_into_data_warehouse> on 2024-11-10 02:17:29.633612+00:00
[2024-11-10T02:17:34.515+0000] {standard_task_runner.py:64} INFO - Started process 196 to run task
[2024-11-10T02:17:34.519+0000] {standard_task_runner.py:90} INFO - Running: ['***', 'tasks', 'run', 'pipeline', 'insert_data_into_data_warehouse', 'manual__2024-11-10T02:17:29.633612+00:00', '--job-id', '479', '--raw', '--subdir', 'DAGS_FOLDER/pipline.py', '--cfg-path', '/tmp/tmpe85gqb8p']
[2024-11-10T02:17:34.522+0000] {standard_task_runner.py:91} INFO - Job 479: Subtask insert_data_into_data_warehouse
[2024-11-10T02:17:34.639+0000] {task_command.py:426} INFO - Running <TaskInstance: pipeline.insert_data_into_data_warehouse manual__2024-11-10T02:17:29.633612+00:00 [running]> on host b461dd6659f4
[2024-11-10T02:17:34.978+0000] {taskinstance.py:2648} INFO - Exporting env vars: AIRFLOW_CTX_DAG_OWNER='***' AIRFLOW_CTX_DAG_ID='pipeline' AIRFLOW_CTX_TASK_ID='insert_data_into_data_warehouse' AIRFLOW_CTX_EXECUTION_DATE='2024-11-10T02:17:29.633612+00:00' AIRFLOW_CTX_TRY_NUMBER='1' AIRFLOW_CTX_DAG_RUN_ID='manual__2024-11-10T02:17:29.633612+00:00'
[2024-11-10T02:17:34.979+0000] {taskinstance.py:430} INFO - ::endgroup::
[2024-11-10T02:17:34.998+0000] {base.py:84} INFO - Using connection ID 'mysql_default' for task execution.
[2024-11-10T02:17:35.031+0000] {pipline.py:221} ERROR - Error processing publication 'Assessing Trustworthy AI in Times of COVID-19: Deep Learning for Predicting a Multiregional Score Conveying the Degree of Lung Compromise in COVID-19 Patients': 'str' object has no attribute 'get'
[2024-11-10T02:17:35.038+0000] {base.py:84} INFO - Using connection ID 'mysql_default' for task execution.
[2024-11-10T02:17:35.055+0000] {pipline.py:221} ERROR - Error processing publication 'It is Not “Accuracy vs. Explainability”—We Need Both for Trustworthy AI Systems': 'str' object has no attribute 'get'
[2024-11-10T02:17:35.064+0000] {base.py:84} INFO - Using connection ID 'mysql_default' for task execution.
[2024-11-10T02:17:35.085+0000] {base.py:84} INFO - Using connection ID 'mysql_default' for task execution.
[2024-11-10T02:17:35.113+0000] {pipline.py:192} INFO - Publication 'The Generative AI Landscape in Education: Mapping the Terrain of Opportunities, Challenges, and Student Perception' inserted successfully.
[2024-11-10T02:17:35.121+0000] {base.py:84} INFO - Using connection ID 'mysql_default' for task execution.
[2024-11-10T02:17:35.146+0000] {pipline.py:221} ERROR - Error processing publication 'SmartQuant: CXL-Based AI Model Store in Support of Runtime Configurable Weight Quantization': 'str' object has no attribute 'get'
[2024-11-10T02:17:35.154+0000] {base.py:84} INFO - Using connection ID 'mysql_default' for task execution.
[2024-11-10T02:17:35.168+0000] {pipline.py:221} ERROR - Error processing publication 'mTREE: A Customized Multicast-Enabled Tree-Based Network on Chip for AI Chips': 'str' object has no attribute 'get'
[2024-11-10T02:17:35.176+0000] {base.py:84} INFO - Using connection ID 'mysql_default' for task execution.
[2024-11-10T02:17:35.194+0000] {base.py:84} INFO - Using connection ID 'mysql_default' for task execution.
[2024-11-10T02:17:35.215+0000] {pipline.py:192} INFO - Publication 'A Survey of Real-Time Strategy Game AI Research and Competition in StarCraft' inserted successfully.
[2024-11-10T02:17:35.220+0000] {base.py:84} INFO - Using connection ID 'mysql_default' for task execution.
[2024-11-10T02:17:35.236+0000] {base.py:84} INFO - Using connection ID 'mysql_default' for task execution.
[2024-11-10T02:17:35.259+0000] {pipline.py:192} INFO - Publication 'Unraveling ML Models of Emotion With NOVA: Multi-Level Explainable AI for Non-Experts' inserted successfully.
[2024-11-10T02:17:35.265+0000] {base.py:84} INFO - Using connection ID 'mysql_default' for task execution.
[2024-11-10T02:17:35.282+0000] {base.py:84} INFO - Using connection ID 'mysql_default' for task execution.
[2024-11-10T02:17:35.303+0000] {pipline.py:192} INFO - Publication 'AIS-PVT: Long-Time AIS Data Assisted Pyramid Vision Transformer for Sea-Land Segmentation in Dual-Polarization SAR Imagery' inserted successfully.
[2024-11-10T02:17:35.310+0000] {base.py:84} INFO - Using connection ID 'mysql_default' for task execution.
[2024-11-10T02:17:35.328+0000] {base.py:84} INFO - Using connection ID 'mysql_default' for task execution.
[2024-11-10T02:17:35.350+0000] {pipline.py:192} INFO - Publication 'Explainable AI for Cheating Detection and Churn Prediction in Online Games' inserted successfully.
[2024-11-10T02:17:35.356+0000] {base.py:84} INFO - Using connection ID 'mysql_default' for task execution.
[2024-11-10T02:17:35.376+0000] {base.py:84} INFO - Using connection ID 'mysql_default' for task execution.
[2024-11-10T02:17:35.401+0000] {pipline.py:192} INFO - Publication 'Towards Measuring Fairness in AI: The Casual Conversations Dataset' inserted successfully.
[2024-11-10T02:17:35.407+0000] {base.py:84} INFO - Using connection ID 'mysql_default' for task execution.
[2024-11-10T02:17:35.427+0000] {base.py:84} INFO - Using connection ID 'mysql_default' for task execution.
[2024-11-10T02:17:35.455+0000] {pipline.py:192} INFO - Publication 'Personas for Artificial Intelligence (AI) an Open Source Toolbox' inserted successfully.
[2024-11-10T02:17:35.462+0000] {base.py:84} INFO - Using connection ID 'mysql_default' for task execution.
[2024-11-10T02:17:35.479+0000] {base.py:84} INFO - Using connection ID 'mysql_default' for task execution.
[2024-11-10T02:17:35.501+0000] {pipline.py:192} INFO - Publication 'A Game AI Competition to Foster Collaborative AI Research and Development' inserted successfully.
[2024-11-10T02:17:35.508+0000] {base.py:84} INFO - Using connection ID 'mysql_default' for task execution.
[2024-11-10T02:17:35.520+0000] {pipline.py:221} ERROR - Error processing publication 'Toward a Policy Approach to Normative Artificial Intelligence Governance: Implications for AI Ethics Education': 'str' object has no attribute 'get'
[2024-11-10T02:17:35.526+0000] {base.py:84} INFO - Using connection ID 'mysql_default' for task execution.
[2024-11-10T02:17:35.544+0000] {base.py:84} INFO - Using connection ID 'mysql_default' for task execution.
[2024-11-10T02:17:35.569+0000] {pipline.py:192} INFO - Publication 'XAI-IoT: An Explainable AI Framework for Enhancing Anomaly Detection in IoT Systems' inserted successfully.
[2024-11-10T02:17:35.575+0000] {base.py:84} INFO - Using connection ID 'mysql_default' for task execution.
[2024-11-10T02:17:35.593+0000] {base.py:84} INFO - Using connection ID 'mysql_default' for task execution.
[2024-11-10T02:17:35.618+0000] {pipline.py:192} INFO - Publication 'Human-Centered AI in Smart Farming: Toward Agriculture 5.0' inserted successfully.
[2024-11-10T02:17:35.624+0000] {base.py:84} INFO - Using connection ID 'mysql_default' for task execution.
[2024-11-10T02:17:35.641+0000] {base.py:84} INFO - Using connection ID 'mysql_default' for task execution.
[2024-11-10T02:17:35.668+0000] {pipline.py:192} INFO - Publication 'An Area-Efficient Systolic Array Redundancy Architecture for Reliable AI Accelerator' inserted successfully.
[2024-11-10T02:17:35.675+0000] {base.py:84} INFO - Using connection ID 'mysql_default' for task execution.
[2024-11-10T02:17:35.693+0000] {base.py:84} INFO - Using connection ID 'mysql_default' for task execution.
[2024-11-10T02:17:35.712+0000] {pipline.py:192} INFO - Publication 'Unleashing the Power of Edge-Cloud Generative AI in Mobile Networks: A Survey of AIGC Services' inserted successfully.
[2024-11-10T02:17:35.719+0000] {base.py:84} INFO - Using connection ID 'mysql_default' for task execution.
[2024-11-10T02:17:35.736+0000] {base.py:84} INFO - Using connection ID 'mysql_default' for task execution.
[2024-11-10T02:17:35.761+0000] {pipline.py:192} INFO - Publication 'Exploring the Effect of Generative AI on Social Sustainability Through Integrating AI Attributes, TPB, and T-EESST: A Deep Learning-Based Hybrid SEM-ANN Approach' inserted successfully.
[2024-11-10T02:17:35.767+0000] {base.py:84} INFO - Using connection ID 'mysql_default' for task execution.
[2024-11-10T02:17:35.784+0000] {base.py:84} INFO - Using connection ID 'mysql_default' for task execution.
[2024-11-10T02:17:35.805+0000] {pipline.py:192} INFO - Publication 'The Ethics of AI in Games' inserted successfully.
[2024-11-10T02:17:35.812+0000] {base.py:84} INFO - Using connection ID 'mysql_default' for task execution.
[2024-11-10T02:17:35.835+0000] {base.py:84} INFO - Using connection ID 'mysql_default' for task execution.
[2024-11-10T02:17:35.861+0000] {pipline.py:192} INFO - Publication 'E-XAI: Evaluating Black-Box Explainable AI Frameworks for Network Intrusion Detection' inserted successfully.
[2024-11-10T02:17:35.869+0000] {base.py:84} INFO - Using connection ID 'mysql_default' for task execution.
[2024-11-10T02:17:35.892+0000] {base.py:84} INFO - Using connection ID 'mysql_default' for task execution.
[2024-11-10T02:17:35.930+0000] {pipline.py:192} INFO - Publication 'Demystifying Defects: Federated Learning and Explainable AI for Semiconductor Fault Detection' inserted successfully.
[2024-11-10T02:17:35.938+0000] {base.py:84} INFO - Using connection ID 'mysql_default' for task execution.
[2024-11-10T02:17:35.961+0000] {base.py:84} INFO - Using connection ID 'mysql_default' for task execution.
[2024-11-10T02:17:35.990+0000] {pipline.py:192} INFO - Publication 'Developing a Transparent Diagnosis Model for Diabetic Retinopathy Using Explainable AI' inserted successfully.
[2024-11-10T02:17:35.996+0000] {base.py:84} INFO - Using connection ID 'mysql_default' for task execution.
[2024-11-10T02:17:36.014+0000] {base.py:84} INFO - Using connection ID 'mysql_default' for task execution.
[2024-11-10T02:17:36.035+0000] {pipline.py:192} INFO - Publication 'AI and Security, From an Information Security and Risk Manager Standpoint' inserted successfully.
[2024-11-10T02:17:36.041+0000] {base.py:84} INFO - Using connection ID 'mysql_default' for task execution.
[2024-11-10T02:17:36.059+0000] {base.py:84} INFO - Using connection ID 'mysql_default' for task execution.
[2024-11-10T02:17:36.085+0000] {pipline.py:192} INFO - Publication 'Empirical Evaluations of Framework for Adaptive Trust Calibration in Human-AI Cooperation' inserted successfully.
[2024-11-10T02:17:36.092+0000] {base.py:84} INFO - Using connection ID 'mysql_default' for task execution.
[2024-11-10T02:17:36.105+0000] {pipline.py:221} ERROR - Error processing publication 'Assessing Trustworthy AI in Times of COVID-19: Deep Learning for Predicting a Multiregional Score Conveying the Degree of Lung Compromise in COVID-19 Patients': 'str' object has no attribute 'get'
[2024-11-10T02:17:36.112+0000] {base.py:84} INFO - Using connection ID 'mysql_default' for task execution.
[2024-11-10T02:17:36.128+0000] {pipline.py:221} ERROR - Error processing publication 'It is Not “Accuracy vs. Explainability”—We Need Both for Trustworthy AI Systems': 'str' object has no attribute 'get'
[2024-11-10T02:17:36.129+0000] {python.py:237} INFO - Done. Returned value was: None
[2024-11-10T02:17:36.130+0000] {taskinstance.py:441} INFO - ::group::Post task execution logs
[2024-11-10T02:17:36.140+0000] {taskinstance.py:1206} INFO - Marking task as SUCCESS. dag_id=pipeline, task_id=insert_data_into_data_warehouse, run_id=manual__2024-11-10T02:17:29.633612+00:00, execution_date=20241110T021729, start_date=20241110T021734, end_date=20241110T021736
[2024-11-10T02:17:36.178+0000] {local_task_job_runner.py:243} INFO - Task exited with return code 0
[2024-11-10T02:17:36.203+0000] {taskinstance.py:3503} INFO - 1 downstream tasks scheduled from follow-on schedule check
[2024-11-10T02:17:36.207+0000] {local_task_job_runner.py:222} INFO - ::endgroup::
