[2024-11-09T18:50:31.265+0000] {local_task_job_runner.py:120} INFO - ::group::Pre task execution logs
[2024-11-09T18:50:31.298+0000] {taskinstance.py:2076} INFO - Dependencies all met for dep_context=non-requeueable deps ti=<TaskInstance: pipeline.insert_data_into_data_warehouse manual__2024-11-09T18:50:26.087434+00:00 [queued]>
[2024-11-09T18:50:31.307+0000] {taskinstance.py:2076} INFO - Dependencies all met for dep_context=requeueable deps ti=<TaskInstance: pipeline.insert_data_into_data_warehouse manual__2024-11-09T18:50:26.087434+00:00 [queued]>
[2024-11-09T18:50:31.327+0000] {taskinstance.py:2306} INFO - Starting attempt 1 of 1
[2024-11-09T18:50:31.346+0000] {taskinstance.py:2330} INFO - Executing <Task(_PythonDecoratedOperator): insert_data_into_data_warehouse> on 2024-11-09 18:50:26.087434+00:00
[2024-11-09T18:50:31.350+0000] {standard_task_runner.py:64} INFO - Started process 212 to run task
[2024-11-09T18:50:31.355+0000] {standard_task_runner.py:90} INFO - Running: ['***', 'tasks', 'run', 'pipeline', 'insert_data_into_data_warehouse', 'manual__2024-11-09T18:50:26.087434+00:00', '--job-id', '419', '--raw', '--subdir', 'DAGS_FOLDER/pipline.py', '--cfg-path', '/tmp/tmptoillar9']
[2024-11-09T18:50:31.359+0000] {standard_task_runner.py:91} INFO - Job 419: Subtask insert_data_into_data_warehouse
[2024-11-09T18:50:31.419+0000] {task_command.py:426} INFO - Running <TaskInstance: pipeline.insert_data_into_data_warehouse manual__2024-11-09T18:50:26.087434+00:00 [running]> on host 720c13b76b76
[2024-11-09T18:50:31.820+0000] {taskinstance.py:2648} INFO - Exporting env vars: AIRFLOW_CTX_DAG_OWNER='***' AIRFLOW_CTX_DAG_ID='pipeline' AIRFLOW_CTX_TASK_ID='insert_data_into_data_warehouse' AIRFLOW_CTX_EXECUTION_DATE='2024-11-09T18:50:26.087434+00:00' AIRFLOW_CTX_TRY_NUMBER='1' AIRFLOW_CTX_DAG_RUN_ID='manual__2024-11-09T18:50:26.087434+00:00'
[2024-11-09T18:50:31.824+0000] {taskinstance.py:430} INFO - ::endgroup::
[2024-11-09T18:50:31.882+0000] {base.py:84} INFO - Using connection ID 'mysql_default' for task execution.
[2024-11-09T18:50:32.116+0000] {pipline.py:151} ERROR - Error creating or retrieving journal 'Published in: IEEE Transactions on Technology and Society ( Volume: 3, Issue: 4, December 2022)': string indices must be integers, not 'str'
[2024-11-09T18:50:32.118+0000] {pipline.py:188} WARNING - Journal 'Published in: IEEE Transactions on Technology and Society ( Volume: 3, Issue: 4, December 2022)' was not inserted.
[2024-11-09T18:50:32.144+0000] {base.py:84} INFO - Using connection ID 'mysql_default' for task execution.
[2024-11-09T18:50:32.171+0000] {pipline.py:151} ERROR - Error creating or retrieving journal 'Published in: IEEE Transactions on Technology and Society ( Volume: 4, Issue: 1, March 2023)': string indices must be integers, not 'str'
[2024-11-09T18:50:32.172+0000] {pipline.py:188} WARNING - Journal 'Published in: IEEE Transactions on Technology and Society ( Volume: 4, Issue: 1, March 2023)' was not inserted.
[2024-11-09T18:50:32.179+0000] {base.py:84} INFO - Using connection ID 'mysql_default' for task execution.
[2024-11-09T18:50:32.231+0000] {base.py:84} INFO - Using connection ID 'mysql_default' for task execution.
[2024-11-09T18:50:32.258+0000] {pipline.py:167} INFO - Publication 'The Generative AI Landscape in Education: Mapping the Terrain of Opportunities, Challenges, and Student Perception' inserted successfully.
[2024-11-09T18:50:32.264+0000] {base.py:84} INFO - Using connection ID 'mysql_default' for task execution.
[2024-11-09T18:50:32.275+0000] {pipline.py:151} ERROR - Error creating or retrieving journal 'Published in: IEEE Computer Architecture Letters ( Volume: 23, Issue: 2, July-Dec. 2024)': string indices must be integers, not 'str'
[2024-11-09T18:50:32.275+0000] {pipline.py:188} WARNING - Journal 'Published in: IEEE Computer Architecture Letters ( Volume: 23, Issue: 2, July-Dec. 2024)' was not inserted.
[2024-11-09T18:50:32.281+0000] {base.py:84} INFO - Using connection ID 'mysql_default' for task execution.
[2024-11-09T18:50:32.292+0000] {pipline.py:151} ERROR - Error creating or retrieving journal 'Published in: IEEE Embedded Systems Letters ( Volume: 14, Issue: 3, September 2022)': string indices must be integers, not 'str'
[2024-11-09T18:50:32.293+0000] {pipline.py:188} WARNING - Journal 'Published in: IEEE Embedded Systems Letters ( Volume: 14, Issue: 3, September 2022)' was not inserted.
[2024-11-09T18:50:32.299+0000] {base.py:84} INFO - Using connection ID 'mysql_default' for task execution.
[2024-11-09T18:50:32.334+0000] {base.py:84} INFO - Using connection ID 'mysql_default' for task execution.
[2024-11-09T18:50:32.362+0000] {pipline.py:167} INFO - Publication 'A Survey of Real-Time Strategy Game AI Research and Competition in StarCraft' inserted successfully.
[2024-11-09T18:50:32.369+0000] {base.py:84} INFO - Using connection ID 'mysql_default' for task execution.
[2024-11-09T18:50:32.398+0000] {base.py:84} INFO - Using connection ID 'mysql_default' for task execution.
[2024-11-09T18:50:32.425+0000] {pipline.py:167} INFO - Publication 'Unraveling ML Models of Emotion With NOVA: Multi-Level Explainable AI for Non-Experts' inserted successfully.
[2024-11-09T18:50:32.431+0000] {base.py:84} INFO - Using connection ID 'mysql_default' for task execution.
[2024-11-09T18:50:32.463+0000] {base.py:84} INFO - Using connection ID 'mysql_default' for task execution.
[2024-11-09T18:50:32.490+0000] {pipline.py:167} INFO - Publication 'AIS-PVT: Long-Time AIS Data Assisted Pyramid Vision Transformer for Sea-Land Segmentation in Dual-Polarization SAR Imagery' inserted successfully.
[2024-11-09T18:50:32.497+0000] {base.py:84} INFO - Using connection ID 'mysql_default' for task execution.
[2024-11-09T18:50:32.544+0000] {base.py:84} INFO - Using connection ID 'mysql_default' for task execution.
[2024-11-09T18:50:32.575+0000] {pipline.py:167} INFO - Publication 'Explainable AI for Cheating Detection and Churn Prediction in Online Games' inserted successfully.
[2024-11-09T18:50:32.583+0000] {base.py:84} INFO - Using connection ID 'mysql_default' for task execution.
[2024-11-09T18:50:32.623+0000] {base.py:84} INFO - Using connection ID 'mysql_default' for task execution.
[2024-11-09T18:50:32.669+0000] {pipline.py:167} INFO - Publication 'Towards Measuring Fairness in AI: The Casual Conversations Dataset' inserted successfully.
[2024-11-09T18:50:32.677+0000] {base.py:84} INFO - Using connection ID 'mysql_default' for task execution.
[2024-11-09T18:50:32.717+0000] {base.py:84} INFO - Using connection ID 'mysql_default' for task execution.
[2024-11-09T18:50:32.747+0000] {pipline.py:167} INFO - Publication 'Personas for Artificial Intelligence (AI) an Open Source Toolbox' inserted successfully.
[2024-11-09T18:50:32.755+0000] {base.py:84} INFO - Using connection ID 'mysql_default' for task execution.
[2024-11-09T18:50:32.798+0000] {base.py:84} INFO - Using connection ID 'mysql_default' for task execution.
[2024-11-09T18:50:32.827+0000] {pipline.py:167} INFO - Publication 'A Game AI Competition to Foster Collaborative AI Research and Development' inserted successfully.
[2024-11-09T18:50:32.835+0000] {base.py:84} INFO - Using connection ID 'mysql_default' for task execution.
[2024-11-09T18:50:32.848+0000] {pipline.py:151} ERROR - Error creating or retrieving journal 'Published in: IEEE Transactions on Technology and Society ( Volume: 5, Issue: 3, September 2024)': string indices must be integers, not 'str'
[2024-11-09T18:50:32.849+0000] {pipline.py:188} WARNING - Journal 'Published in: IEEE Transactions on Technology and Society ( Volume: 5, Issue: 3, September 2024)' was not inserted.
[2024-11-09T18:50:32.856+0000] {base.py:84} INFO - Using connection ID 'mysql_default' for task execution.
[2024-11-09T18:50:32.880+0000] {base.py:84} INFO - Using connection ID 'mysql_default' for task execution.
[2024-11-09T18:50:32.935+0000] {pipline.py:167} INFO - Publication 'XAI-IoT: An Explainable AI Framework for Enhancing Anomaly Detection in IoT Systems' inserted successfully.
[2024-11-09T18:50:32.944+0000] {base.py:84} INFO - Using connection ID 'mysql_default' for task execution.
[2024-11-09T18:50:32.964+0000] {base.py:84} INFO - Using connection ID 'mysql_default' for task execution.
[2024-11-09T18:50:33.592+0000] {pipline.py:167} INFO - Publication 'Human-Centered AI in Smart Farming: Toward Agriculture 5.0' inserted successfully.
[2024-11-09T18:50:33.628+0000] {base.py:84} INFO - Using connection ID 'mysql_default' for task execution.
[2024-11-09T18:50:33.784+0000] {base.py:84} INFO - Using connection ID 'mysql_default' for task execution.
[2024-11-09T18:50:33.858+0000] {pipline.py:167} INFO - Publication 'An Area-Efficient Systolic Array Redundancy Architecture for Reliable AI Accelerator' inserted successfully.
[2024-11-09T18:50:33.866+0000] {base.py:84} INFO - Using connection ID 'mysql_default' for task execution.
[2024-11-09T18:50:33.912+0000] {base.py:84} INFO - Using connection ID 'mysql_default' for task execution.
[2024-11-09T18:50:33.944+0000] {pipline.py:167} INFO - Publication 'Unleashing the Power of Edge-Cloud Generative AI in Mobile Networks: A Survey of AIGC Services' inserted successfully.
[2024-11-09T18:50:33.951+0000] {base.py:84} INFO - Using connection ID 'mysql_default' for task execution.
[2024-11-09T18:50:33.984+0000] {base.py:84} INFO - Using connection ID 'mysql_default' for task execution.
[2024-11-09T18:50:34.006+0000] {pipline.py:167} INFO - Publication 'Exploring the Effect of Generative AI on Social Sustainability Through Integrating AI Attributes, TPB, and T-EESST: A Deep Learning-Based Hybrid SEM-ANN Approach' inserted successfully.
[2024-11-09T18:50:34.012+0000] {base.py:84} INFO - Using connection ID 'mysql_default' for task execution.
[2024-11-09T18:50:34.047+0000] {base.py:84} INFO - Using connection ID 'mysql_default' for task execution.
[2024-11-09T18:50:34.074+0000] {pipline.py:167} INFO - Publication 'The Ethics of AI in Games' inserted successfully.
[2024-11-09T18:50:34.081+0000] {base.py:84} INFO - Using connection ID 'mysql_default' for task execution.
[2024-11-09T18:50:34.101+0000] {base.py:84} INFO - Using connection ID 'mysql_default' for task execution.
[2024-11-09T18:50:34.148+0000] {pipline.py:167} INFO - Publication 'E-XAI: Evaluating Black-Box Explainable AI Frameworks for Network Intrusion Detection' inserted successfully.
[2024-11-09T18:50:34.155+0000] {base.py:84} INFO - Using connection ID 'mysql_default' for task execution.
[2024-11-09T18:50:34.174+0000] {base.py:84} INFO - Using connection ID 'mysql_default' for task execution.
[2024-11-09T18:50:34.197+0000] {pipline.py:167} INFO - Publication 'Demystifying Defects: Federated Learning and Explainable AI for Semiconductor Fault Detection' inserted successfully.
[2024-11-09T18:50:34.203+0000] {base.py:84} INFO - Using connection ID 'mysql_default' for task execution.
[2024-11-09T18:50:34.222+0000] {base.py:84} INFO - Using connection ID 'mysql_default' for task execution.
[2024-11-09T18:50:34.250+0000] {pipline.py:167} INFO - Publication 'Developing a Transparent Diagnosis Model for Diabetic Retinopathy Using Explainable AI' inserted successfully.
[2024-11-09T18:50:34.256+0000] {base.py:84} INFO - Using connection ID 'mysql_default' for task execution.
[2024-11-09T18:50:34.274+0000] {base.py:84} INFO - Using connection ID 'mysql_default' for task execution.
[2024-11-09T18:50:34.297+0000] {pipline.py:167} INFO - Publication 'AI and Security, From an Information Security and Risk Manager Standpoint' inserted successfully.
[2024-11-09T18:50:34.303+0000] {base.py:84} INFO - Using connection ID 'mysql_default' for task execution.
[2024-11-09T18:50:34.331+0000] {base.py:84} INFO - Using connection ID 'mysql_default' for task execution.
[2024-11-09T18:50:34.355+0000] {pipline.py:167} INFO - Publication 'Empirical Evaluations of Framework for Adaptive Trust Calibration in Human-AI Cooperation' inserted successfully.
[2024-11-09T18:50:34.361+0000] {base.py:84} INFO - Using connection ID 'mysql_default' for task execution.
[2024-11-09T18:50:34.371+0000] {pipline.py:151} ERROR - Error creating or retrieving journal 'Published in: IEEE Transactions on Technology and Society ( Volume: 3, Issue: 4, December 2022)': string indices must be integers, not 'str'
[2024-11-09T18:50:34.372+0000] {pipline.py:188} WARNING - Journal 'Published in: IEEE Transactions on Technology and Society ( Volume: 3, Issue: 4, December 2022)' was not inserted.
[2024-11-09T18:50:34.377+0000] {base.py:84} INFO - Using connection ID 'mysql_default' for task execution.
[2024-11-09T18:50:34.388+0000] {pipline.py:151} ERROR - Error creating or retrieving journal 'Published in: IEEE Transactions on Technology and Society ( Volume: 4, Issue: 1, March 2023)': string indices must be integers, not 'str'
[2024-11-09T18:50:34.389+0000] {pipline.py:188} WARNING - Journal 'Published in: IEEE Transactions on Technology and Society ( Volume: 4, Issue: 1, March 2023)' was not inserted.
[2024-11-09T18:50:34.389+0000] {python.py:237} INFO - Done. Returned value was: None
[2024-11-09T18:50:34.390+0000] {taskinstance.py:441} INFO - ::group::Post task execution logs
[2024-11-09T18:50:34.397+0000] {taskinstance.py:1206} INFO - Marking task as SUCCESS. dag_id=pipeline, task_id=insert_data_into_data_warehouse, run_id=manual__2024-11-09T18:50:26.087434+00:00, execution_date=20241109T185026, start_date=20241109T185031, end_date=20241109T185034
[2024-11-09T18:50:34.424+0000] {local_task_job_runner.py:243} INFO - Task exited with return code 0
[2024-11-09T18:50:34.448+0000] {taskinstance.py:3503} INFO - 1 downstream tasks scheduled from follow-on schedule check
[2024-11-09T18:50:34.452+0000] {local_task_job_runner.py:222} INFO - ::endgroup::
