[2024-12-22T16:28:28.207+0000] {local_task_job_runner.py:120} INFO - ::group::Pre task execution logs
[2024-12-22T16:28:28.262+0000] {taskinstance.py:2076} INFO - Dependencies all met for dep_context=non-requeueable deps ti=<TaskInstance: pipeline.fetch_data_from_csv manual__2024-12-22T16:28:24.401340+00:00 [queued]>
[2024-12-22T16:28:28.278+0000] {taskinstance.py:2076} INFO - Dependencies all met for dep_context=requeueable deps ti=<TaskInstance: pipeline.fetch_data_from_csv manual__2024-12-22T16:28:24.401340+00:00 [queued]>
[2024-12-22T16:28:28.279+0000] {taskinstance.py:2306} INFO - Starting attempt 1 of 1
[2024-12-22T16:28:28.300+0000] {taskinstance.py:2330} INFO - Executing <Task(_PythonDecoratedOperator): fetch_data_from_csv> on 2024-12-22 16:28:24.401340+00:00
[2024-12-22T16:28:28.306+0000] {standard_task_runner.py:64} INFO - Started process 486 to run task
[2024-12-22T16:28:28.310+0000] {standard_task_runner.py:90} INFO - Running: ['***', 'tasks', 'run', 'pipeline', 'fetch_data_from_csv', 'manual__2024-12-22T16:28:24.401340+00:00', '--job-id', '739', '--raw', '--subdir', 'DAGS_FOLDER/pipline.py', '--cfg-path', '/tmp/tmpyhjpdfyh']
[2024-12-22T16:28:28.314+0000] {standard_task_runner.py:91} INFO - Job 739: Subtask fetch_data_from_csv
[2024-12-22T16:28:28.387+0000] {task_command.py:426} INFO - Running <TaskInstance: pipeline.fetch_data_from_csv manual__2024-12-22T16:28:24.401340+00:00 [running]> on host 2ac427f360a6
[2024-12-22T16:28:28.561+0000] {taskinstance.py:2648} INFO - Exporting env vars: AIRFLOW_CTX_DAG_OWNER='***' AIRFLOW_CTX_DAG_ID='pipeline' AIRFLOW_CTX_TASK_ID='fetch_data_from_csv' AIRFLOW_CTX_EXECUTION_DATE='2024-12-22T16:28:24.401340+00:00' AIRFLOW_CTX_TRY_NUMBER='1' AIRFLOW_CTX_DAG_RUN_ID='manual__2024-12-22T16:28:24.401340+00:00'
[2024-12-22T16:28:28.562+0000] {taskinstance.py:430} INFO - ::endgroup::
[2024-12-22T16:28:47.693+0000] {logging_mixin.py:188} INFO - +-----+---+
| Name|Age|
+-----+---+
|Alice| 34|
|  Bob| 45|
+-----+---+
[2024-12-22T16:28:48.321+0000] {python.py:237} INFO - Done. Returned value was: None
[2024-12-22T16:28:48.323+0000] {taskinstance.py:441} INFO - ::group::Post task execution logs
[2024-12-22T16:28:48.740+0000] {taskinstance.py:1206} INFO - Marking task as SUCCESS. dag_id=pipeline, task_id=fetch_data_from_csv, run_id=manual__2024-12-22T16:28:24.401340+00:00, execution_date=20241222T162824, start_date=20241222T162828, end_date=20241222T162848
[2024-12-22T16:28:48.792+0000] {local_task_job_runner.py:243} INFO - Task exited with return code 0
[2024-12-22T16:28:48.815+0000] {taskinstance.py:3503} INFO - 0 downstream tasks scheduled from follow-on schedule check
[2024-12-22T16:28:48.819+0000] {local_task_job_runner.py:222} INFO - ::endgroup::
