[2024-12-24T18:30:16.246+0000] {local_task_job_runner.py:120} INFO - ::group::Pre task execution logs
[2024-12-24T18:30:16.274+0000] {taskinstance.py:2076} INFO - Dependencies all met for dep_context=non-requeueable deps ti=<TaskInstance: pipeline.setup_database manual__2024-12-24T18:29:54.744412+00:00 [queued]>
[2024-12-24T18:30:16.282+0000] {taskinstance.py:2076} INFO - Dependencies all met for dep_context=requeueable deps ti=<TaskInstance: pipeline.setup_database manual__2024-12-24T18:29:54.744412+00:00 [queued]>
[2024-12-24T18:30:16.283+0000] {taskinstance.py:2306} INFO - Starting attempt 1 of 1
[2024-12-24T18:30:16.295+0000] {taskinstance.py:2330} INFO - Executing <Task(_PythonDecoratedOperator): setup_database> on 2024-12-24 18:29:54.744412+00:00
[2024-12-24T18:30:16.301+0000] {standard_task_runner.py:64} INFO - Started process 557 to run task
[2024-12-24T18:30:16.310+0000] {standard_task_runner.py:90} INFO - Running: ['***', 'tasks', 'run', 'pipeline', 'setup_database', 'manual__2024-12-24T18:29:54.744412+00:00', '--job-id', '893', '--raw', '--subdir', 'DAGS_FOLDER/pipline.py', '--cfg-path', '/tmp/tmpgz54n9aa']
[2024-12-24T18:30:16.319+0000] {standard_task_runner.py:91} INFO - Job 893: Subtask setup_database
[2024-12-24T18:30:16.393+0000] {task_command.py:426} INFO - Running <TaskInstance: pipeline.setup_database manual__2024-12-24T18:29:54.744412+00:00 [running]> on host ae0bb070c0a6
[2024-12-24T18:30:16.503+0000] {taskinstance.py:2648} INFO - Exporting env vars: AIRFLOW_CTX_DAG_OWNER='***' AIRFLOW_CTX_DAG_ID='pipeline' AIRFLOW_CTX_TASK_ID='setup_database' AIRFLOW_CTX_EXECUTION_DATE='2024-12-24T18:29:54.744412+00:00' AIRFLOW_CTX_TRY_NUMBER='1' AIRFLOW_CTX_DAG_RUN_ID='manual__2024-12-24T18:29:54.744412+00:00'
[2024-12-24T18:30:16.504+0000] {taskinstance.py:430} INFO - ::endgroup::
[2024-12-24T18:30:16.515+0000] {base.py:84} INFO - Using connection ID 'postgres_default_2' for task execution.
[2024-12-24T18:30:17.493+0000] {logging_mixin.py:188} INFO - Connexion réussie à PostgreSQL
[2024-12-24T18:30:17.746+0000] {logging_mixin.py:188} INFO - La base de données 'journal' existe déjà.
[2024-12-24T18:30:17.906+0000] {logging_mixin.py:188} INFO - Exécution de la requête : DROP TABLE IF EXISTS "Authors"; 
            CREAT...
[2024-12-24T18:30:18.038+0000] {logging_mixin.py:188} INFO - Exécution de la requête : DROP TABLE IF EXISTS "Date"; 
            CREATE T...
[2024-12-24T18:30:18.167+0000] {logging_mixin.py:188} INFO - Exécution de la requête : DROP TABLE IF EXISTS "Journal"; 
            CREAT...
[2024-12-24T18:30:18.341+0000] {logging_mixin.py:188} INFO - Exécution de la requête : DROP TABLE IF EXISTS "PublicationAuthors"; 
      ...
[2024-12-24T18:30:18.490+0000] {logging_mixin.py:188} INFO - Exécution de la requête : DROP TABLE IF EXISTS "Publications"; 
            ...
[2024-12-24T18:30:18.621+0000] {logging_mixin.py:188} INFO - Exécution de la requête : DROP TABLE IF EXISTS "Quartils"; 
            CREA...
[2024-12-24T18:30:18.754+0000] {logging_mixin.py:188} INFO - Tables créées avec succès.
[2024-12-24T18:30:18.755+0000] {logging_mixin.py:188} INFO - Connexion fermée.
[2024-12-24T18:30:18.755+0000] {python.py:237} INFO - Done. Returned value was: None
[2024-12-24T18:30:18.756+0000] {taskinstance.py:441} INFO - ::group::Post task execution logs
[2024-12-24T18:30:18.766+0000] {taskinstance.py:1206} INFO - Marking task as SUCCESS. dag_id=pipeline, task_id=setup_database, run_id=manual__2024-12-24T18:29:54.744412+00:00, execution_date=20241224T182954, start_date=20241224T183016, end_date=20241224T183018
[2024-12-24T18:30:18.809+0000] {local_task_job_runner.py:243} INFO - Task exited with return code 0
[2024-12-24T18:30:18.831+0000] {taskinstance.py:3503} INFO - 0 downstream tasks scheduled from follow-on schedule check
[2024-12-24T18:30:18.834+0000] {local_task_job_runner.py:222} INFO - ::endgroup::
