[2024-11-10T01:48:58.529+0000] {local_task_job_runner.py:120} INFO - ::group::Pre task execution logs
[2024-11-10T01:48:58.554+0000] {taskinstance.py:2076} INFO - Dependencies all met for dep_context=non-requeueable deps ti=<TaskInstance: pipeline.insert_data_into_data_warehouse manual__2024-11-10T01:48:26.278909+00:00 [queued]>
[2024-11-10T01:48:58.561+0000] {taskinstance.py:2076} INFO - Dependencies all met for dep_context=requeueable deps ti=<TaskInstance: pipeline.insert_data_into_data_warehouse manual__2024-11-10T01:48:26.278909+00:00 [queued]>
[2024-11-10T01:48:58.562+0000] {taskinstance.py:2306} INFO - Starting attempt 1 of 1
[2024-11-10T01:48:58.574+0000] {taskinstance.py:2330} INFO - Executing <Task(_PythonDecoratedOperator): insert_data_into_data_warehouse> on 2024-11-10 01:48:26.278909+00:00
[2024-11-10T01:48:58.578+0000] {standard_task_runner.py:64} INFO - Started process 214 to run task
[2024-11-10T01:48:58.581+0000] {standard_task_runner.py:90} INFO - Running: ['***', 'tasks', 'run', 'pipeline', 'insert_data_into_data_warehouse', 'manual__2024-11-10T01:48:26.278909+00:00', '--job-id', '444', '--raw', '--subdir', 'DAGS_FOLDER/pipline.py', '--cfg-path', '/tmp/tmptv4bcim6']
[2024-11-10T01:48:58.583+0000] {standard_task_runner.py:91} INFO - Job 444: Subtask insert_data_into_data_warehouse
[2024-11-10T01:48:58.624+0000] {task_command.py:426} INFO - Running <TaskInstance: pipeline.insert_data_into_data_warehouse manual__2024-11-10T01:48:26.278909+00:00 [running]> on host f27d990d3764
[2024-11-10T01:48:58.710+0000] {taskinstance.py:2648} INFO - Exporting env vars: AIRFLOW_CTX_DAG_OWNER='***' AIRFLOW_CTX_DAG_ID='pipeline' AIRFLOW_CTX_TASK_ID='insert_data_into_data_warehouse' AIRFLOW_CTX_EXECUTION_DATE='2024-11-10T01:48:26.278909+00:00' AIRFLOW_CTX_TRY_NUMBER='1' AIRFLOW_CTX_DAG_RUN_ID='manual__2024-11-10T01:48:26.278909+00:00'
[2024-11-10T01:48:58.711+0000] {taskinstance.py:430} INFO - ::endgroup::
[2024-11-10T01:48:58.712+0000] {taskinstance.py:441} INFO - ::group::Post task execution logs
[2024-11-10T01:48:58.713+0000] {taskinstance.py:2905} ERROR - Task failed with exception
Traceback (most recent call last):
  File "/home/airflow/.local/lib/python3.11/site-packages/airflow/models/taskinstance.py", line 465, in _execute_task
    result = _execute_callable(context=context, **execute_callable_kwargs)
             ^^^^^^^^^^^^^^^^^^^^^^^^^^^^^^^^^^^^^^^^^^^^^^^^^^^^^^^^^^^^^
  File "/home/airflow/.local/lib/python3.11/site-packages/airflow/models/taskinstance.py", line 432, in _execute_callable
    return execute_callable(context=context, **execute_callable_kwargs)
           ^^^^^^^^^^^^^^^^^^^^^^^^^^^^^^^^^^^^^^^^^^^^^^^^^^^^^^^^^^^^
  File "/home/airflow/.local/lib/python3.11/site-packages/airflow/models/baseoperator.py", line 401, in wrapper
    return func(self, *args, **kwargs)
           ^^^^^^^^^^^^^^^^^^^^^^^^^^^
  File "/home/airflow/.local/lib/python3.11/site-packages/airflow/decorators/base.py", line 265, in execute
    return_value = super().execute(context)
                   ^^^^^^^^^^^^^^^^^^^^^^^^
  File "/home/airflow/.local/lib/python3.11/site-packages/airflow/models/baseoperator.py", line 401, in wrapper
    return func(self, *args, **kwargs)
           ^^^^^^^^^^^^^^^^^^^^^^^^^^^
  File "/home/airflow/.local/lib/python3.11/site-packages/airflow/operators/python.py", line 235, in execute
    return_value = self.execute_callable()
                   ^^^^^^^^^^^^^^^^^^^^^^^
  File "/home/airflow/.local/lib/python3.11/site-packages/airflow/operators/python.py", line 252, in execute_callable
    return self.python_callable(*self.op_args, **self.op_kwargs)
           ^^^^^^^^^^^^^^^^^^^^^^^^^^^^^^^^^^^^^^^^^^^^^^^^^^^^^
  File "/opt/airflow/dags/pipline.py", line 183, in insert_data_into_data_warehouse
    for entry in data:
TypeError: 'NoneType' object is not iterable
[2024-11-10T01:48:58.724+0000] {taskinstance.py:1206} INFO - Marking task as FAILED. dag_id=pipeline, task_id=insert_data_into_data_warehouse, run_id=manual__2024-11-10T01:48:26.278909+00:00, execution_date=20241110T014826, start_date=20241110T014858, end_date=20241110T014858
[2024-11-10T01:48:58.736+0000] {standard_task_runner.py:110} ERROR - Failed to execute job 444 for task insert_data_into_data_warehouse ('NoneType' object is not iterable; 214)
[2024-11-10T01:48:58.754+0000] {local_task_job_runner.py:243} INFO - Task exited with return code 1
[2024-11-10T01:48:58.772+0000] {taskinstance.py:3503} INFO - 0 downstream tasks scheduled from follow-on schedule check
[2024-11-10T01:48:58.777+0000] {local_task_job_runner.py:222} INFO - ::endgroup::
