[2024-11-10T02:13:17.528+0000] {local_task_job_runner.py:120} INFO - ::group::Pre task execution logs
[2024-11-10T02:13:17.554+0000] {taskinstance.py:2076} INFO - Dependencies all met for dep_context=non-requeueable deps ti=<TaskInstance: pipeline.insert_data_into_data_warehouse manual__2024-11-10T02:13:11.260248+00:00 [queued]>
[2024-11-10T02:13:17.562+0000] {taskinstance.py:2076} INFO - Dependencies all met for dep_context=requeueable deps ti=<TaskInstance: pipeline.insert_data_into_data_warehouse manual__2024-11-10T02:13:11.260248+00:00 [queued]>
[2024-11-10T02:13:17.565+0000] {taskinstance.py:2306} INFO - Starting attempt 1 of 1
[2024-11-10T02:13:17.582+0000] {taskinstance.py:2330} INFO - Executing <Task(_PythonDecoratedOperator): insert_data_into_data_warehouse> on 2024-11-10 02:13:11.260248+00:00
[2024-11-10T02:13:17.585+0000] {standard_task_runner.py:64} INFO - Started process 198 to run task
[2024-11-10T02:13:17.588+0000] {standard_task_runner.py:90} INFO - Running: ['***', 'tasks', 'run', 'pipeline', 'insert_data_into_data_warehouse', 'manual__2024-11-10T02:13:11.260248+00:00', '--job-id', '472', '--raw', '--subdir', 'DAGS_FOLDER/pipline.py', '--cfg-path', '/tmp/tmpwri5bgln']
[2024-11-10T02:13:17.591+0000] {standard_task_runner.py:91} INFO - Job 472: Subtask insert_data_into_data_warehouse
[2024-11-10T02:13:17.642+0000] {task_command.py:426} INFO - Running <TaskInstance: pipeline.insert_data_into_data_warehouse manual__2024-11-10T02:13:11.260248+00:00 [running]> on host 283060fc3e17
[2024-11-10T02:13:17.787+0000] {taskinstance.py:2648} INFO - Exporting env vars: AIRFLOW_CTX_DAG_OWNER='***' AIRFLOW_CTX_DAG_ID='pipeline' AIRFLOW_CTX_TASK_ID='insert_data_into_data_warehouse' AIRFLOW_CTX_EXECUTION_DATE='2024-11-10T02:13:11.260248+00:00' AIRFLOW_CTX_TRY_NUMBER='1' AIRFLOW_CTX_DAG_RUN_ID='manual__2024-11-10T02:13:11.260248+00:00'
[2024-11-10T02:13:17.789+0000] {taskinstance.py:430} INFO - ::endgroup::
[2024-11-10T02:13:17.807+0000] {base.py:84} INFO - Using connection ID 'mysql_default' for task execution.
[2024-11-10T02:13:17.860+0000] {pipline.py:217} ERROR - Error processing publication 'Assessing Trustworthy AI in Times of COVID-19: Deep Learning for Predicting a Multiregional Score Conveying the Degree of Lung Compromise in COVID-19 Patients': 'str' object has no attribute 'get'
[2024-11-10T02:13:17.868+0000] {base.py:84} INFO - Using connection ID 'mysql_default' for task execution.
[2024-11-10T02:13:17.889+0000] {pipline.py:217} ERROR - Error processing publication 'It is Not “Accuracy vs. Explainability”—We Need Both for Trustworthy AI Systems': 'str' object has no attribute 'get'
[2024-11-10T02:13:17.895+0000] {base.py:84} INFO - Using connection ID 'mysql_default' for task execution.
[2024-11-10T02:13:17.916+0000] {base.py:84} INFO - Using connection ID 'mysql_default' for task execution.
[2024-11-10T02:13:17.942+0000] {pipline.py:188} INFO - Publication 'The Generative AI Landscape in Education: Mapping the Terrain of Opportunities, Challenges, and Student Perception' inserted successfully.
[2024-11-10T02:13:17.949+0000] {base.py:84} INFO - Using connection ID 'mysql_default' for task execution.
[2024-11-10T02:13:17.973+0000] {pipline.py:217} ERROR - Error processing publication 'SmartQuant: CXL-Based AI Model Store in Support of Runtime Configurable Weight Quantization': 'str' object has no attribute 'get'
[2024-11-10T02:13:17.979+0000] {base.py:84} INFO - Using connection ID 'mysql_default' for task execution.
[2024-11-10T02:13:18.004+0000] {pipline.py:217} ERROR - Error processing publication 'mTREE: A Customized Multicast-Enabled Tree-Based Network on Chip for AI Chips': 'str' object has no attribute 'get'
[2024-11-10T02:13:18.011+0000] {base.py:84} INFO - Using connection ID 'mysql_default' for task execution.
[2024-11-10T02:13:18.030+0000] {base.py:84} INFO - Using connection ID 'mysql_default' for task execution.
[2024-11-10T02:13:18.049+0000] {pipline.py:188} INFO - Publication 'A Survey of Real-Time Strategy Game AI Research and Competition in StarCraft' inserted successfully.
[2024-11-10T02:13:18.056+0000] {base.py:84} INFO - Using connection ID 'mysql_default' for task execution.
[2024-11-10T02:13:18.073+0000] {base.py:84} INFO - Using connection ID 'mysql_default' for task execution.
[2024-11-10T02:13:18.095+0000] {pipline.py:188} INFO - Publication 'Unraveling ML Models of Emotion With NOVA: Multi-Level Explainable AI for Non-Experts' inserted successfully.
[2024-11-10T02:13:18.101+0000] {base.py:84} INFO - Using connection ID 'mysql_default' for task execution.
[2024-11-10T02:13:18.120+0000] {base.py:84} INFO - Using connection ID 'mysql_default' for task execution.
[2024-11-10T02:13:18.147+0000] {pipline.py:188} INFO - Publication 'AIS-PVT: Long-Time AIS Data Assisted Pyramid Vision Transformer for Sea-Land Segmentation in Dual-Polarization SAR Imagery' inserted successfully.
[2024-11-10T02:13:18.153+0000] {base.py:84} INFO - Using connection ID 'mysql_default' for task execution.
[2024-11-10T02:13:18.170+0000] {base.py:84} INFO - Using connection ID 'mysql_default' for task execution.
[2024-11-10T02:13:18.194+0000] {pipline.py:188} INFO - Publication 'Explainable AI for Cheating Detection and Churn Prediction in Online Games' inserted successfully.
[2024-11-10T02:13:18.200+0000] {base.py:84} INFO - Using connection ID 'mysql_default' for task execution.
[2024-11-10T02:13:18.225+0000] {base.py:84} INFO - Using connection ID 'mysql_default' for task execution.
[2024-11-10T02:13:18.252+0000] {pipline.py:188} INFO - Publication 'Towards Measuring Fairness in AI: The Casual Conversations Dataset' inserted successfully.
[2024-11-10T02:13:18.259+0000] {base.py:84} INFO - Using connection ID 'mysql_default' for task execution.
[2024-11-10T02:13:18.282+0000] {base.py:84} INFO - Using connection ID 'mysql_default' for task execution.
[2024-11-10T02:13:18.335+0000] {pipline.py:188} INFO - Publication 'Personas for Artificial Intelligence (AI) an Open Source Toolbox' inserted successfully.
[2024-11-10T02:13:18.342+0000] {base.py:84} INFO - Using connection ID 'mysql_default' for task execution.
[2024-11-10T02:13:18.364+0000] {base.py:84} INFO - Using connection ID 'mysql_default' for task execution.
[2024-11-10T02:13:18.390+0000] {pipline.py:188} INFO - Publication 'A Game AI Competition to Foster Collaborative AI Research and Development' inserted successfully.
[2024-11-10T02:13:18.398+0000] {base.py:84} INFO - Using connection ID 'mysql_default' for task execution.
[2024-11-10T02:13:18.415+0000] {pipline.py:217} ERROR - Error processing publication 'Toward a Policy Approach to Normative Artificial Intelligence Governance: Implications for AI Ethics Education': 'str' object has no attribute 'get'
[2024-11-10T02:13:18.422+0000] {base.py:84} INFO - Using connection ID 'mysql_default' for task execution.
[2024-11-10T02:13:18.444+0000] {base.py:84} INFO - Using connection ID 'mysql_default' for task execution.
[2024-11-10T02:13:18.475+0000] {pipline.py:188} INFO - Publication 'XAI-IoT: An Explainable AI Framework for Enhancing Anomaly Detection in IoT Systems' inserted successfully.
[2024-11-10T02:13:18.482+0000] {base.py:84} INFO - Using connection ID 'mysql_default' for task execution.
[2024-11-10T02:13:18.536+0000] {base.py:84} INFO - Using connection ID 'mysql_default' for task execution.
[2024-11-10T02:13:18.573+0000] {pipline.py:188} INFO - Publication 'Human-Centered AI in Smart Farming: Toward Agriculture 5.0' inserted successfully.
[2024-11-10T02:13:18.581+0000] {base.py:84} INFO - Using connection ID 'mysql_default' for task execution.
[2024-11-10T02:13:18.604+0000] {base.py:84} INFO - Using connection ID 'mysql_default' for task execution.
[2024-11-10T02:13:18.631+0000] {pipline.py:188} INFO - Publication 'An Area-Efficient Systolic Array Redundancy Architecture for Reliable AI Accelerator' inserted successfully.
[2024-11-10T02:13:18.638+0000] {base.py:84} INFO - Using connection ID 'mysql_default' for task execution.
[2024-11-10T02:13:18.655+0000] {base.py:84} INFO - Using connection ID 'mysql_default' for task execution.
[2024-11-10T02:13:18.682+0000] {pipline.py:188} INFO - Publication 'Unleashing the Power of Edge-Cloud Generative AI in Mobile Networks: A Survey of AIGC Services' inserted successfully.
[2024-11-10T02:13:18.688+0000] {base.py:84} INFO - Using connection ID 'mysql_default' for task execution.
[2024-11-10T02:13:18.705+0000] {base.py:84} INFO - Using connection ID 'mysql_default' for task execution.
[2024-11-10T02:13:18.726+0000] {pipline.py:188} INFO - Publication 'Exploring the Effect of Generative AI on Social Sustainability Through Integrating AI Attributes, TPB, and T-EESST: A Deep Learning-Based Hybrid SEM-ANN Approach' inserted successfully.
[2024-11-10T02:13:18.733+0000] {base.py:84} INFO - Using connection ID 'mysql_default' for task execution.
[2024-11-10T02:13:18.750+0000] {base.py:84} INFO - Using connection ID 'mysql_default' for task execution.
[2024-11-10T02:13:18.791+0000] {pipline.py:188} INFO - Publication 'The Ethics of AI in Games' inserted successfully.
[2024-11-10T02:13:18.798+0000] {base.py:84} INFO - Using connection ID 'mysql_default' for task execution.
[2024-11-10T02:13:18.817+0000] {base.py:84} INFO - Using connection ID 'mysql_default' for task execution.
[2024-11-10T02:13:18.849+0000] {pipline.py:188} INFO - Publication 'E-XAI: Evaluating Black-Box Explainable AI Frameworks for Network Intrusion Detection' inserted successfully.
[2024-11-10T02:13:18.855+0000] {base.py:84} INFO - Using connection ID 'mysql_default' for task execution.
[2024-11-10T02:13:18.875+0000] {base.py:84} INFO - Using connection ID 'mysql_default' for task execution.
[2024-11-10T02:13:18.901+0000] {pipline.py:188} INFO - Publication 'Demystifying Defects: Federated Learning and Explainable AI for Semiconductor Fault Detection' inserted successfully.
[2024-11-10T02:13:18.908+0000] {base.py:84} INFO - Using connection ID 'mysql_default' for task execution.
[2024-11-10T02:13:18.927+0000] {base.py:84} INFO - Using connection ID 'mysql_default' for task execution.
[2024-11-10T02:13:18.949+0000] {pipline.py:188} INFO - Publication 'Developing a Transparent Diagnosis Model for Diabetic Retinopathy Using Explainable AI' inserted successfully.
[2024-11-10T02:13:18.956+0000] {base.py:84} INFO - Using connection ID 'mysql_default' for task execution.
[2024-11-10T02:13:18.972+0000] {base.py:84} INFO - Using connection ID 'mysql_default' for task execution.
[2024-11-10T02:13:18.993+0000] {pipline.py:188} INFO - Publication 'AI and Security, From an Information Security and Risk Manager Standpoint' inserted successfully.
[2024-11-10T02:13:18.999+0000] {base.py:84} INFO - Using connection ID 'mysql_default' for task execution.
[2024-11-10T02:13:19.017+0000] {base.py:84} INFO - Using connection ID 'mysql_default' for task execution.
[2024-11-10T02:13:19.040+0000] {pipline.py:188} INFO - Publication 'Empirical Evaluations of Framework for Adaptive Trust Calibration in Human-AI Cooperation' inserted successfully.
[2024-11-10T02:13:19.046+0000] {base.py:84} INFO - Using connection ID 'mysql_default' for task execution.
[2024-11-10T02:13:19.057+0000] {pipline.py:217} ERROR - Error processing publication 'Assessing Trustworthy AI in Times of COVID-19: Deep Learning for Predicting a Multiregional Score Conveying the Degree of Lung Compromise in COVID-19 Patients': 'str' object has no attribute 'get'
[2024-11-10T02:13:19.063+0000] {base.py:84} INFO - Using connection ID 'mysql_default' for task execution.
[2024-11-10T02:13:19.074+0000] {pipline.py:217} ERROR - Error processing publication 'It is Not “Accuracy vs. Explainability”—We Need Both for Trustworthy AI Systems': 'str' object has no attribute 'get'
[2024-11-10T02:13:19.075+0000] {python.py:237} INFO - Done. Returned value was: None
[2024-11-10T02:13:19.075+0000] {taskinstance.py:441} INFO - ::group::Post task execution logs
[2024-11-10T02:13:19.083+0000] {taskinstance.py:1206} INFO - Marking task as SUCCESS. dag_id=pipeline, task_id=insert_data_into_data_warehouse, run_id=manual__2024-11-10T02:13:11.260248+00:00, execution_date=20241110T021311, start_date=20241110T021317, end_date=20241110T021319
[2024-11-10T02:13:19.125+0000] {local_task_job_runner.py:243} INFO - Task exited with return code 0
[2024-11-10T02:13:19.155+0000] {taskinstance.py:3503} INFO - 1 downstream tasks scheduled from follow-on schedule check
[2024-11-10T02:13:19.164+0000] {local_task_job_runner.py:222} INFO - ::endgroup::
