[2024-11-09T17:53:25.940+0000] {local_task_job_runner.py:120} INFO - ::group::Pre task execution logs
[2024-11-09T17:53:25.971+0000] {taskinstance.py:2076} INFO - Dependencies all met for dep_context=non-requeueable deps ti=<TaskInstance: pipeline.insert_data_into_data_warehouse manual__2024-11-09T17:53:21.318523+00:00 [queued]>
[2024-11-09T17:53:25.980+0000] {taskinstance.py:2076} INFO - Dependencies all met for dep_context=requeueable deps ti=<TaskInstance: pipeline.insert_data_into_data_warehouse manual__2024-11-09T17:53:21.318523+00:00 [queued]>
[2024-11-09T17:53:25.981+0000] {taskinstance.py:2306} INFO - Starting attempt 1 of 1
[2024-11-09T17:53:25.994+0000] {taskinstance.py:2330} INFO - Executing <Task(_PythonDecoratedOperator): insert_data_into_data_warehouse> on 2024-11-09 17:53:21.318523+00:00
[2024-11-09T17:53:25.998+0000] {standard_task_runner.py:64} INFO - Started process 261 to run task
[2024-11-09T17:53:26.001+0000] {standard_task_runner.py:90} INFO - Running: ['***', 'tasks', 'run', 'pipeline', 'insert_data_into_data_warehouse', 'manual__2024-11-09T17:53:21.318523+00:00', '--job-id', '353', '--raw', '--subdir', 'DAGS_FOLDER/pipline.py', '--cfg-path', '/tmp/tmp4ug14f51']
[2024-11-09T17:53:26.004+0000] {standard_task_runner.py:91} INFO - Job 353: Subtask insert_data_into_data_warehouse
[2024-11-09T17:53:26.094+0000] {task_command.py:426} INFO - Running <TaskInstance: pipeline.insert_data_into_data_warehouse manual__2024-11-09T17:53:21.318523+00:00 [running]> on host d67fce9b0606
[2024-11-09T17:53:26.417+0000] {taskinstance.py:2648} INFO - Exporting env vars: AIRFLOW_CTX_DAG_OWNER='***' AIRFLOW_CTX_DAG_ID='pipeline' AIRFLOW_CTX_TASK_ID='insert_data_into_data_warehouse' AIRFLOW_CTX_EXECUTION_DATE='2024-11-09T17:53:21.318523+00:00' AIRFLOW_CTX_TRY_NUMBER='1' AIRFLOW_CTX_DAG_RUN_ID='manual__2024-11-09T17:53:21.318523+00:00'
[2024-11-09T17:53:26.419+0000] {taskinstance.py:430} INFO - ::endgroup::
[2024-11-09T17:53:26.428+0000] {base.py:84} INFO - Using connection ID 'mysql_default' for task execution.
[2024-11-09T17:53:26.524+0000] {base.py:84} INFO - Using connection ID 'mysql_default' for task execution.
[2024-11-09T17:53:26.548+0000] {base.py:84} INFO - Using connection ID 'mysql_default' for task execution.
[2024-11-09T17:53:26.566+0000] {base.py:84} INFO - Using connection ID 'mysql_default' for task execution.
[2024-11-09T17:53:26.583+0000] {base.py:84} INFO - Using connection ID 'mysql_default' for task execution.
[2024-11-09T17:53:26.604+0000] {base.py:84} INFO - Using connection ID 'mysql_default' for task execution.
[2024-11-09T17:53:26.627+0000] {base.py:84} INFO - Using connection ID 'mysql_default' for task execution.
[2024-11-09T17:53:26.650+0000] {base.py:84} INFO - Using connection ID 'mysql_default' for task execution.
[2024-11-09T17:53:26.676+0000] {base.py:84} INFO - Using connection ID 'mysql_default' for task execution.
[2024-11-09T17:53:26.696+0000] {base.py:84} INFO - Using connection ID 'mysql_default' for task execution.
[2024-11-09T17:53:26.715+0000] {base.py:84} INFO - Using connection ID 'mysql_default' for task execution.
[2024-11-09T17:53:26.733+0000] {base.py:84} INFO - Using connection ID 'mysql_default' for task execution.
[2024-11-09T17:53:26.751+0000] {base.py:84} INFO - Using connection ID 'mysql_default' for task execution.
[2024-11-09T17:53:26.769+0000] {base.py:84} INFO - Using connection ID 'mysql_default' for task execution.
[2024-11-09T17:53:26.789+0000] {base.py:84} INFO - Using connection ID 'mysql_default' for task execution.
[2024-11-09T17:53:26.809+0000] {base.py:84} INFO - Using connection ID 'mysql_default' for task execution.
[2024-11-09T17:53:26.827+0000] {base.py:84} INFO - Using connection ID 'mysql_default' for task execution.
[2024-11-09T17:53:26.847+0000] {base.py:84} INFO - Using connection ID 'mysql_default' for task execution.
[2024-11-09T17:53:26.871+0000] {base.py:84} INFO - Using connection ID 'mysql_default' for task execution.
[2024-11-09T17:53:26.896+0000] {base.py:84} INFO - Using connection ID 'mysql_default' for task execution.
[2024-11-09T17:53:26.919+0000] {base.py:84} INFO - Using connection ID 'mysql_default' for task execution.
[2024-11-09T17:53:26.943+0000] {base.py:84} INFO - Using connection ID 'mysql_default' for task execution.
[2024-11-09T17:53:26.966+0000] {base.py:84} INFO - Using connection ID 'mysql_default' for task execution.
[2024-11-09T17:53:26.991+0000] {base.py:84} INFO - Using connection ID 'mysql_default' for task execution.
[2024-11-09T17:53:27.008+0000] {python.py:237} INFO - Done. Returned value was: None
[2024-11-09T17:53:27.008+0000] {taskinstance.py:441} INFO - ::group::Post task execution logs
[2024-11-09T17:53:27.019+0000] {taskinstance.py:1206} INFO - Marking task as SUCCESS. dag_id=pipeline, task_id=insert_data_into_data_warehouse, run_id=manual__2024-11-09T17:53:21.318523+00:00, execution_date=20241109T175321, start_date=20241109T175325, end_date=20241109T175327
[2024-11-09T17:53:27.058+0000] {local_task_job_runner.py:243} INFO - Task exited with return code 0
[2024-11-09T17:53:27.087+0000] {taskinstance.py:3503} INFO - 1 downstream tasks scheduled from follow-on schedule check
[2024-11-09T17:53:27.092+0000] {local_task_job_runner.py:222} INFO - ::endgroup::
