[2024-12-23T01:38:21.102+0000] {local_task_job_runner.py:120} INFO - ::group::Pre task execution logs
[2024-12-23T01:38:21.135+0000] {taskinstance.py:2076} INFO - Dependencies all met for dep_context=non-requeueable deps ti=<TaskInstance: pipeline.insert_data_into_data_warehouse manual__2024-12-23T01:37:55.806589+00:00 [queued]>
[2024-12-23T01:38:21.146+0000] {taskinstance.py:2076} INFO - Dependencies all met for dep_context=requeueable deps ti=<TaskInstance: pipeline.insert_data_into_data_warehouse manual__2024-12-23T01:37:55.806589+00:00 [queued]>
[2024-12-23T01:38:21.147+0000] {taskinstance.py:2306} INFO - Starting attempt 1 of 1
[2024-12-23T01:38:21.164+0000] {taskinstance.py:2330} INFO - Executing <Task(_PythonDecoratedOperator): insert_data_into_data_warehouse> on 2024-12-23 01:37:55.806589+00:00
[2024-12-23T01:38:21.169+0000] {standard_task_runner.py:64} INFO - Started process 585 to run task
[2024-12-23T01:38:21.172+0000] {standard_task_runner.py:90} INFO - Running: ['***', 'tasks', 'run', 'pipeline', 'insert_data_into_data_warehouse', 'manual__2024-12-23T01:37:55.806589+00:00', '--job-id', '815', '--raw', '--subdir', 'DAGS_FOLDER/pipline.py', '--cfg-path', '/tmp/tmpfptvtya7']
[2024-12-23T01:38:21.175+0000] {standard_task_runner.py:91} INFO - Job 815: Subtask insert_data_into_data_warehouse
[2024-12-23T01:38:21.227+0000] {task_command.py:426} INFO - Running <TaskInstance: pipeline.insert_data_into_data_warehouse manual__2024-12-23T01:37:55.806589+00:00 [running]> on host 8daebf810789
[2024-12-23T01:38:21.325+0000] {taskinstance.py:2648} INFO - Exporting env vars: AIRFLOW_CTX_DAG_OWNER='***' AIRFLOW_CTX_DAG_ID='pipeline' AIRFLOW_CTX_TASK_ID='insert_data_into_data_warehouse' AIRFLOW_CTX_EXECUTION_DATE='2024-12-23T01:37:55.806589+00:00' AIRFLOW_CTX_TRY_NUMBER='1' AIRFLOW_CTX_DAG_RUN_ID='manual__2024-12-23T01:37:55.806589+00:00'
[2024-12-23T01:38:21.327+0000] {taskinstance.py:430} INFO - ::endgroup::
[2024-12-23T01:38:30.307+0000] {local_task_job_runner.py:124} ERROR - Received SIGTERM. Terminating subprocesses
[2024-12-23T01:38:30.313+0000] {process_utils.py:132} INFO - Sending 15 to group 585. PIDs of all processes in the group: [586, 585]
[2024-12-23T01:38:30.314+0000] {process_utils.py:87} INFO - Sending the signal 15 to group 585
[2024-12-23T01:38:30.317+0000] {taskinstance.py:2611} ERROR - Received SIGTERM. Terminating subprocesses.
[2024-12-23T01:38:30.318+0000] {taskinstance.py:441} INFO - ::group::Post task execution logs
[2024-12-23T01:38:30.337+0000] {taskinstance.py:2905} ERROR - Task failed with exception
Traceback (most recent call last):
  File "/home/airflow/.local/lib/python3.11/site-packages/airflow/models/taskinstance.py", line 465, in _execute_task
    result = _execute_callable(context=context, **execute_callable_kwargs)
             ^^^^^^^^^^^^^^^^^^^^^^^^^^^^^^^^^^^^^^^^^^^^^^^^^^^^^^^^^^^^^
  File "/home/airflow/.local/lib/python3.11/site-packages/airflow/models/taskinstance.py", line 432, in _execute_callable
    return execute_callable(context=context, **execute_callable_kwargs)
           ^^^^^^^^^^^^^^^^^^^^^^^^^^^^^^^^^^^^^^^^^^^^^^^^^^^^^^^^^^^^
  File "/home/airflow/.local/lib/python3.11/site-packages/airflow/models/baseoperator.py", line 401, in wrapper
    return func(self, *args, **kwargs)
           ^^^^^^^^^^^^^^^^^^^^^^^^^^^
  File "/home/airflow/.local/lib/python3.11/site-packages/airflow/decorators/base.py", line 265, in execute
    return_value = super().execute(context)
                   ^^^^^^^^^^^^^^^^^^^^^^^^
  File "/home/airflow/.local/lib/python3.11/site-packages/airflow/models/baseoperator.py", line 401, in wrapper
    return func(self, *args, **kwargs)
           ^^^^^^^^^^^^^^^^^^^^^^^^^^^
  File "/home/airflow/.local/lib/python3.11/site-packages/airflow/operators/python.py", line 235, in execute
    return_value = self.execute_callable()
                   ^^^^^^^^^^^^^^^^^^^^^^^
  File "/home/airflow/.local/lib/python3.11/site-packages/airflow/operators/python.py", line 252, in execute_callable
    return self.python_callable(*self.op_args, **self.op_kwargs)
           ^^^^^^^^^^^^^^^^^^^^^^^^^^^^^^^^^^^^^^^^^^^^^^^^^^^^^
  File "/opt/airflow/dags/pipline.py", line 173, in insert_data_into_data_warehouse
    df = spark.read.parquet(output_path)
         ^^^^^^^^^^^^^^^^^^^^^^^^^^^^^^^
  File "/home/airflow/.local/lib/python3.11/site-packages/pyspark/sql/readwriter.py", line 544, in parquet
    return self._df(self._jreader.parquet(_to_seq(self._spark._sc, paths)))
                    ^^^^^^^^^^^^^^^^^^^^^^^^^^^^^^^^^^^^^^^^^^^^^^^^^^^^^^
  File "/home/airflow/.local/lib/python3.11/site-packages/py4j/java_gateway.py", line 1321, in __call__
    answer = self.gateway_client.send_command(command)
             ^^^^^^^^^^^^^^^^^^^^^^^^^^^^^^^^^^^^^^^^^
  File "/home/airflow/.local/lib/python3.11/site-packages/py4j/java_gateway.py", line 1038, in send_command
    response = connection.send_command(command)
               ^^^^^^^^^^^^^^^^^^^^^^^^^^^^^^^^
  File "/home/airflow/.local/lib/python3.11/site-packages/py4j/clientserver.py", line 511, in send_command
    answer = smart_decode(self.stream.readline()[:-1])
                          ^^^^^^^^^^^^^^^^^^^^^^
  File "/usr/local/lib/python3.11/socket.py", line 706, in readinto
    return self._sock.recv_into(b)
           ^^^^^^^^^^^^^^^^^^^^^^^
  File "/home/airflow/.local/lib/python3.11/site-packages/airflow/models/taskinstance.py", line 2613, in signal_handler
    raise AirflowTaskTerminated("Task received SIGTERM signal")
airflow.exceptions.AirflowTaskTerminated: Task received SIGTERM signal
[2024-12-23T01:38:30.409+0000] {taskinstance.py:1206} INFO - Marking task as FAILED. dag_id=pipeline, task_id=insert_data_into_data_warehouse, run_id=manual__2024-12-23T01:37:55.806589+00:00, execution_date=20241223T013755, start_date=20241223T013821, end_date=20241223T013830
[2024-12-23T01:38:30.515+0000] {process_utils.py:80} INFO - Process psutil.Process(pid=585, status='terminated', exitcode=2, started='01:38:20') (585) terminated with exit code 2
[2024-12-23T01:38:31.110+0000] {process_utils.py:80} INFO - Process psutil.Process(pid=586, status='terminated', started='01:38:20') (586) terminated with exit code None
[2024-12-23T01:38:31.111+0000] {local_task_job_runner.py:243} INFO - Task exited with return code 143
[2024-12-23T01:38:31.132+0000] {taskinstance.py:3503} INFO - 0 downstream tasks scheduled from follow-on schedule check
[2024-12-23T01:38:31.249+0000] {local_task_job_runner.py:222} INFO - ::endgroup::
