[2024-11-10T01:46:17.641+0000] {local_task_job_runner.py:120} INFO - ::group::Pre task execution logs
[2024-11-10T01:46:17.665+0000] {taskinstance.py:2076} INFO - Dependencies all met for dep_context=non-requeueable deps ti=<TaskInstance: pipeline.insert_data_into_data_warehouse manual__2024-11-10T01:45:44.269019+00:00 [queued]>
[2024-11-10T01:46:17.673+0000] {taskinstance.py:2076} INFO - Dependencies all met for dep_context=requeueable deps ti=<TaskInstance: pipeline.insert_data_into_data_warehouse manual__2024-11-10T01:45:44.269019+00:00 [queued]>
[2024-11-10T01:46:17.673+0000] {taskinstance.py:2306} INFO - Starting attempt 1 of 1
[2024-11-10T01:46:17.685+0000] {taskinstance.py:2330} INFO - Executing <Task(_PythonDecoratedOperator): insert_data_into_data_warehouse> on 2024-11-10 01:45:44.269019+00:00
[2024-11-10T01:46:17.690+0000] {standard_task_runner.py:64} INFO - Started process 527 to run task
[2024-11-10T01:46:17.692+0000] {standard_task_runner.py:90} INFO - Running: ['***', 'tasks', 'run', 'pipeline', 'insert_data_into_data_warehouse', 'manual__2024-11-10T01:45:44.269019+00:00', '--job-id', '440', '--raw', '--subdir', 'DAGS_FOLDER/pipline.py', '--cfg-path', '/tmp/tmplg118agx']
[2024-11-10T01:46:17.694+0000] {standard_task_runner.py:91} INFO - Job 440: Subtask insert_data_into_data_warehouse
[2024-11-10T01:46:17.739+0000] {task_command.py:426} INFO - Running <TaskInstance: pipeline.insert_data_into_data_warehouse manual__2024-11-10T01:45:44.269019+00:00 [running]> on host a50821ffda39
[2024-11-10T01:46:17.830+0000] {taskinstance.py:2648} INFO - Exporting env vars: AIRFLOW_CTX_DAG_OWNER='***' AIRFLOW_CTX_DAG_ID='pipeline' AIRFLOW_CTX_TASK_ID='insert_data_into_data_warehouse' AIRFLOW_CTX_EXECUTION_DATE='2024-11-10T01:45:44.269019+00:00' AIRFLOW_CTX_TRY_NUMBER='1' AIRFLOW_CTX_DAG_RUN_ID='manual__2024-11-10T01:45:44.269019+00:00'
[2024-11-10T01:46:17.831+0000] {taskinstance.py:430} INFO - ::endgroup::
[2024-11-10T01:46:17.832+0000] {taskinstance.py:441} INFO - ::group::Post task execution logs
[2024-11-10T01:46:17.833+0000] {taskinstance.py:2905} ERROR - Task failed with exception
Traceback (most recent call last):
  File "/home/airflow/.local/lib/python3.11/site-packages/airflow/models/taskinstance.py", line 465, in _execute_task
    result = _execute_callable(context=context, **execute_callable_kwargs)
             ^^^^^^^^^^^^^^^^^^^^^^^^^^^^^^^^^^^^^^^^^^^^^^^^^^^^^^^^^^^^^
  File "/home/airflow/.local/lib/python3.11/site-packages/airflow/models/taskinstance.py", line 432, in _execute_callable
    return execute_callable(context=context, **execute_callable_kwargs)
           ^^^^^^^^^^^^^^^^^^^^^^^^^^^^^^^^^^^^^^^^^^^^^^^^^^^^^^^^^^^^
  File "/home/airflow/.local/lib/python3.11/site-packages/airflow/models/baseoperator.py", line 401, in wrapper
    return func(self, *args, **kwargs)
           ^^^^^^^^^^^^^^^^^^^^^^^^^^^
  File "/home/airflow/.local/lib/python3.11/site-packages/airflow/decorators/base.py", line 265, in execute
    return_value = super().execute(context)
                   ^^^^^^^^^^^^^^^^^^^^^^^^
  File "/home/airflow/.local/lib/python3.11/site-packages/airflow/models/baseoperator.py", line 401, in wrapper
    return func(self, *args, **kwargs)
           ^^^^^^^^^^^^^^^^^^^^^^^^^^^
  File "/home/airflow/.local/lib/python3.11/site-packages/airflow/operators/python.py", line 235, in execute
    return_value = self.execute_callable()
                   ^^^^^^^^^^^^^^^^^^^^^^^
  File "/home/airflow/.local/lib/python3.11/site-packages/airflow/operators/python.py", line 252, in execute_callable
    return self.python_callable(*self.op_args, **self.op_kwargs)
           ^^^^^^^^^^^^^^^^^^^^^^^^^^^^^^^^^^^^^^^^^^^^^^^^^^^^^
  File "/opt/airflow/dags/pipline.py", line 183, in insert_data_into_data_warehouse
    for entry in data:
TypeError: 'NoneType' object is not iterable
[2024-11-10T01:46:17.845+0000] {taskinstance.py:1206} INFO - Marking task as FAILED. dag_id=pipeline, task_id=insert_data_into_data_warehouse, run_id=manual__2024-11-10T01:45:44.269019+00:00, execution_date=20241110T014544, start_date=20241110T014617, end_date=20241110T014617
[2024-11-10T01:46:17.855+0000] {standard_task_runner.py:110} ERROR - Failed to execute job 440 for task insert_data_into_data_warehouse ('NoneType' object is not iterable; 527)
[2024-11-10T01:46:17.864+0000] {local_task_job_runner.py:243} INFO - Task exited with return code 1
[2024-11-10T01:46:17.884+0000] {taskinstance.py:3503} INFO - 0 downstream tasks scheduled from follow-on schedule check
[2024-11-10T01:46:17.891+0000] {local_task_job_runner.py:222} INFO - ::endgroup::
