[2024-11-10T02:08:04.491+0000] {local_task_job_runner.py:120} INFO - ::group::Pre task execution logs
[2024-11-10T02:08:04.537+0000] {taskinstance.py:2076} INFO - Dependencies all met for dep_context=non-requeueable deps ti=<TaskInstance: pipeline.insert_data_into_data_warehouse manual__2024-11-10T02:08:00.190329+00:00 [queued]>
[2024-11-10T02:08:04.551+0000] {taskinstance.py:2076} INFO - Dependencies all met for dep_context=requeueable deps ti=<TaskInstance: pipeline.insert_data_into_data_warehouse manual__2024-11-10T02:08:00.190329+00:00 [queued]>
[2024-11-10T02:08:04.553+0000] {taskinstance.py:2306} INFO - Starting attempt 1 of 1
[2024-11-10T02:08:04.573+0000] {taskinstance.py:2330} INFO - Executing <Task(_PythonDecoratedOperator): insert_data_into_data_warehouse> on 2024-11-10 02:08:00.190329+00:00
[2024-11-10T02:08:04.580+0000] {standard_task_runner.py:64} INFO - Started process 232 to run task
[2024-11-10T02:08:04.585+0000] {standard_task_runner.py:90} INFO - Running: ['***', 'tasks', 'run', 'pipeline', 'insert_data_into_data_warehouse', 'manual__2024-11-10T02:08:00.190329+00:00', '--job-id', '465', '--raw', '--subdir', 'DAGS_FOLDER/pipline.py', '--cfg-path', '/tmp/tmpk0p_i6e6']
[2024-11-10T02:08:04.589+0000] {standard_task_runner.py:91} INFO - Job 465: Subtask insert_data_into_data_warehouse
[2024-11-10T02:08:04.671+0000] {task_command.py:426} INFO - Running <TaskInstance: pipeline.insert_data_into_data_warehouse manual__2024-11-10T02:08:00.190329+00:00 [running]> on host 68e53e26e264
[2024-11-10T02:08:04.847+0000] {taskinstance.py:2648} INFO - Exporting env vars: AIRFLOW_CTX_DAG_OWNER='***' AIRFLOW_CTX_DAG_ID='pipeline' AIRFLOW_CTX_TASK_ID='insert_data_into_data_warehouse' AIRFLOW_CTX_EXECUTION_DATE='2024-11-10T02:08:00.190329+00:00' AIRFLOW_CTX_TRY_NUMBER='1' AIRFLOW_CTX_DAG_RUN_ID='manual__2024-11-10T02:08:00.190329+00:00'
[2024-11-10T02:08:04.848+0000] {taskinstance.py:430} INFO - ::endgroup::
[2024-11-10T02:08:04.863+0000] {base.py:84} INFO - Using connection ID 'mysql_default' for task execution.
[2024-11-10T02:08:04.898+0000] {pipline.py:156} ERROR - Error creating or retrieving journal 'IEEE Transactions on Technology and Society': string indices must be integers, not 'str'
[2024-11-10T02:08:04.899+0000] {pipline.py:202} WARNING - Journal 'IEEE Transactions on Technology and Society' was not inserted.
[2024-11-10T02:08:04.906+0000] {base.py:84} INFO - Using connection ID 'mysql_default' for task execution.
[2024-11-10T02:08:04.920+0000] {pipline.py:156} ERROR - Error creating or retrieving journal 'IEEE Transactions on Technology and Society': string indices must be integers, not 'str'
[2024-11-10T02:08:04.921+0000] {pipline.py:202} WARNING - Journal 'IEEE Transactions on Technology and Society' was not inserted.
[2024-11-10T02:08:04.928+0000] {base.py:84} INFO - Using connection ID 'mysql_default' for task execution.
[2024-11-10T02:08:04.968+0000] {base.py:84} INFO - Using connection ID 'mysql_default' for task execution.
[2024-11-10T02:08:04.994+0000] {pipline.py:181} INFO - Publication 'The Generative AI Landscape in Education: Mapping the Terrain of Opportunities, Challenges, and Student Perception' inserted successfully.
[2024-11-10T02:08:05.000+0000] {base.py:84} INFO - Using connection ID 'mysql_default' for task execution.
[2024-11-10T02:08:05.011+0000] {pipline.py:156} ERROR - Error creating or retrieving journal 'IEEE Computer Architecture Letters': string indices must be integers, not 'str'
[2024-11-10T02:08:05.012+0000] {pipline.py:202} WARNING - Journal 'IEEE Computer Architecture Letters' was not inserted.
[2024-11-10T02:08:05.018+0000] {base.py:84} INFO - Using connection ID 'mysql_default' for task execution.
[2024-11-10T02:08:05.028+0000] {pipline.py:156} ERROR - Error creating or retrieving journal 'IEEE Embedded Systems Letters': string indices must be integers, not 'str'
[2024-11-10T02:08:05.029+0000] {pipline.py:202} WARNING - Journal 'IEEE Embedded Systems Letters' was not inserted.
[2024-11-10T02:08:05.035+0000] {base.py:84} INFO - Using connection ID 'mysql_default' for task execution.
[2024-11-10T02:08:05.066+0000] {base.py:84} INFO - Using connection ID 'mysql_default' for task execution.
[2024-11-10T02:08:05.091+0000] {pipline.py:181} INFO - Publication 'A Survey of Real-Time Strategy Game AI Research and Competition in StarCraft' inserted successfully.
[2024-11-10T02:08:05.098+0000] {base.py:84} INFO - Using connection ID 'mysql_default' for task execution.
[2024-11-10T02:08:05.128+0000] {base.py:84} INFO - Using connection ID 'mysql_default' for task execution.
[2024-11-10T02:08:05.153+0000] {pipline.py:181} INFO - Publication 'Unraveling ML Models of Emotion With NOVA: Multi-Level Explainable AI for Non-Experts' inserted successfully.
[2024-11-10T02:08:05.159+0000] {base.py:84} INFO - Using connection ID 'mysql_default' for task execution.
[2024-11-10T02:08:05.194+0000] {base.py:84} INFO - Using connection ID 'mysql_default' for task execution.
[2024-11-10T02:08:05.214+0000] {pipline.py:181} INFO - Publication 'AIS-PVT: Long-Time AIS Data Assisted Pyramid Vision Transformer for Sea-Land Segmentation in Dual-Polarization SAR Imagery' inserted successfully.
[2024-11-10T02:08:05.221+0000] {base.py:84} INFO - Using connection ID 'mysql_default' for task execution.
[2024-11-10T02:08:05.252+0000] {base.py:84} INFO - Using connection ID 'mysql_default' for task execution.
[2024-11-10T02:08:05.277+0000] {pipline.py:181} INFO - Publication 'Explainable AI for Cheating Detection and Churn Prediction in Online Games' inserted successfully.
[2024-11-10T02:08:05.283+0000] {base.py:84} INFO - Using connection ID 'mysql_default' for task execution.
[2024-11-10T02:08:05.313+0000] {base.py:84} INFO - Using connection ID 'mysql_default' for task execution.
[2024-11-10T02:08:05.346+0000] {pipline.py:181} INFO - Publication 'Towards Measuring Fairness in AI: The Casual Conversations Dataset' inserted successfully.
[2024-11-10T02:08:05.352+0000] {base.py:84} INFO - Using connection ID 'mysql_default' for task execution.
[2024-11-10T02:08:05.370+0000] {base.py:84} INFO - Using connection ID 'mysql_default' for task execution.
[2024-11-10T02:08:05.391+0000] {pipline.py:181} INFO - Publication 'Personas for Artificial Intelligence (AI) an Open Source Toolbox' inserted successfully.
[2024-11-10T02:08:05.398+0000] {base.py:84} INFO - Using connection ID 'mysql_default' for task execution.
[2024-11-10T02:08:05.415+0000] {base.py:84} INFO - Using connection ID 'mysql_default' for task execution.
[2024-11-10T02:08:05.438+0000] {pipline.py:181} INFO - Publication 'A Game AI Competition to Foster Collaborative AI Research and Development' inserted successfully.
[2024-11-10T02:08:05.444+0000] {base.py:84} INFO - Using connection ID 'mysql_default' for task execution.
[2024-11-10T02:08:05.455+0000] {pipline.py:156} ERROR - Error creating or retrieving journal 'IEEE Transactions on Technology and Society': string indices must be integers, not 'str'
[2024-11-10T02:08:05.456+0000] {pipline.py:202} WARNING - Journal 'IEEE Transactions on Technology and Society' was not inserted.
[2024-11-10T02:08:05.463+0000] {base.py:84} INFO - Using connection ID 'mysql_default' for task execution.
[2024-11-10T02:08:05.480+0000] {base.py:84} INFO - Using connection ID 'mysql_default' for task execution.
[2024-11-10T02:08:05.505+0000] {pipline.py:181} INFO - Publication 'XAI-IoT: An Explainable AI Framework for Enhancing Anomaly Detection in IoT Systems' inserted successfully.
[2024-11-10T02:08:05.512+0000] {base.py:84} INFO - Using connection ID 'mysql_default' for task execution.
[2024-11-10T02:08:05.530+0000] {base.py:84} INFO - Using connection ID 'mysql_default' for task execution.
[2024-11-10T02:08:05.556+0000] {pipline.py:181} INFO - Publication 'Human-Centered AI in Smart Farming: Toward Agriculture 5.0' inserted successfully.
[2024-11-10T02:08:05.563+0000] {base.py:84} INFO - Using connection ID 'mysql_default' for task execution.
[2024-11-10T02:08:05.594+0000] {base.py:84} INFO - Using connection ID 'mysql_default' for task execution.
[2024-11-10T02:08:05.618+0000] {pipline.py:181} INFO - Publication 'An Area-Efficient Systolic Array Redundancy Architecture for Reliable AI Accelerator' inserted successfully.
[2024-11-10T02:08:05.623+0000] {base.py:84} INFO - Using connection ID 'mysql_default' for task execution.
[2024-11-10T02:08:05.651+0000] {base.py:84} INFO - Using connection ID 'mysql_default' for task execution.
[2024-11-10T02:08:05.676+0000] {pipline.py:181} INFO - Publication 'Unleashing the Power of Edge-Cloud Generative AI in Mobile Networks: A Survey of AIGC Services' inserted successfully.
[2024-11-10T02:08:05.682+0000] {base.py:84} INFO - Using connection ID 'mysql_default' for task execution.
[2024-11-10T02:08:05.738+0000] {base.py:84} INFO - Using connection ID 'mysql_default' for task execution.
[2024-11-10T02:08:05.779+0000] {pipline.py:181} INFO - Publication 'Exploring the Effect of Generative AI on Social Sustainability Through Integrating AI Attributes, TPB, and T-EESST: A Deep Learning-Based Hybrid SEM-ANN Approach' inserted successfully.
[2024-11-10T02:08:05.785+0000] {base.py:84} INFO - Using connection ID 'mysql_default' for task execution.
[2024-11-10T02:08:05.803+0000] {base.py:84} INFO - Using connection ID 'mysql_default' for task execution.
[2024-11-10T02:08:05.829+0000] {pipline.py:181} INFO - Publication 'The Ethics of AI in Games' inserted successfully.
[2024-11-10T02:08:05.835+0000] {base.py:84} INFO - Using connection ID 'mysql_default' for task execution.
[2024-11-10T02:08:05.852+0000] {base.py:84} INFO - Using connection ID 'mysql_default' for task execution.
[2024-11-10T02:08:05.875+0000] {pipline.py:181} INFO - Publication 'E-XAI: Evaluating Black-Box Explainable AI Frameworks for Network Intrusion Detection' inserted successfully.
[2024-11-10T02:08:05.880+0000] {base.py:84} INFO - Using connection ID 'mysql_default' for task execution.
[2024-11-10T02:08:05.898+0000] {base.py:84} INFO - Using connection ID 'mysql_default' for task execution.
[2024-11-10T02:08:05.918+0000] {pipline.py:181} INFO - Publication 'Demystifying Defects: Federated Learning and Explainable AI for Semiconductor Fault Detection' inserted successfully.
[2024-11-10T02:08:05.924+0000] {base.py:84} INFO - Using connection ID 'mysql_default' for task execution.
[2024-11-10T02:08:05.942+0000] {base.py:84} INFO - Using connection ID 'mysql_default' for task execution.
[2024-11-10T02:08:05.965+0000] {pipline.py:181} INFO - Publication 'Developing a Transparent Diagnosis Model for Diabetic Retinopathy Using Explainable AI' inserted successfully.
[2024-11-10T02:08:05.972+0000] {base.py:84} INFO - Using connection ID 'mysql_default' for task execution.
[2024-11-10T02:08:05.990+0000] {base.py:84} INFO - Using connection ID 'mysql_default' for task execution.
[2024-11-10T02:08:06.016+0000] {pipline.py:181} INFO - Publication 'AI and Security, From an Information Security and Risk Manager Standpoint' inserted successfully.
[2024-11-10T02:08:06.022+0000] {base.py:84} INFO - Using connection ID 'mysql_default' for task execution.
[2024-11-10T02:08:06.042+0000] {base.py:84} INFO - Using connection ID 'mysql_default' for task execution.
[2024-11-10T02:08:06.066+0000] {pipline.py:181} INFO - Publication 'Empirical Evaluations of Framework for Adaptive Trust Calibration in Human-AI Cooperation' inserted successfully.
[2024-11-10T02:08:06.072+0000] {base.py:84} INFO - Using connection ID 'mysql_default' for task execution.
[2024-11-10T02:08:06.085+0000] {pipline.py:156} ERROR - Error creating or retrieving journal 'IEEE Transactions on Technology and Society': string indices must be integers, not 'str'
[2024-11-10T02:08:06.086+0000] {pipline.py:202} WARNING - Journal 'IEEE Transactions on Technology and Society' was not inserted.
[2024-11-10T02:08:06.092+0000] {base.py:84} INFO - Using connection ID 'mysql_default' for task execution.
[2024-11-10T02:08:06.103+0000] {pipline.py:156} ERROR - Error creating or retrieving journal 'IEEE Transactions on Technology and Society': string indices must be integers, not 'str'
[2024-11-10T02:08:06.104+0000] {pipline.py:202} WARNING - Journal 'IEEE Transactions on Technology and Society' was not inserted.
[2024-11-10T02:08:06.105+0000] {python.py:237} INFO - Done. Returned value was: None
[2024-11-10T02:08:06.105+0000] {taskinstance.py:441} INFO - ::group::Post task execution logs
[2024-11-10T02:08:06.113+0000] {taskinstance.py:1206} INFO - Marking task as SUCCESS. dag_id=pipeline, task_id=insert_data_into_data_warehouse, run_id=manual__2024-11-10T02:08:00.190329+00:00, execution_date=20241110T020800, start_date=20241110T020804, end_date=20241110T020806
[2024-11-10T02:08:06.162+0000] {local_task_job_runner.py:243} INFO - Task exited with return code 0
[2024-11-10T02:08:06.193+0000] {taskinstance.py:3503} INFO - 1 downstream tasks scheduled from follow-on schedule check
[2024-11-10T02:08:06.197+0000] {local_task_job_runner.py:222} INFO - ::endgroup::
