[2024-12-24T23:50:25.501+0000] {local_task_job_runner.py:120} INFO - ::group::Pre task execution logs
[2024-12-24T23:50:25.539+0000] {taskinstance.py:2076} INFO - Dependencies all met for dep_context=non-requeueable deps ti=<TaskInstance: pipeline.add_author manual__2024-12-24T23:50:24.614080+00:00 [queued]>
[2024-12-24T23:50:25.551+0000] {taskinstance.py:2076} INFO - Dependencies all met for dep_context=requeueable deps ti=<TaskInstance: pipeline.add_author manual__2024-12-24T23:50:24.614080+00:00 [queued]>
[2024-12-24T23:50:25.552+0000] {taskinstance.py:2306} INFO - Starting attempt 1 of 1
[2024-12-24T23:50:25.570+0000] {taskinstance.py:2330} INFO - Executing <Task(_PythonDecoratedOperator): add_author> on 2024-12-24 23:50:24.614080+00:00
[2024-12-24T23:50:25.576+0000] {standard_task_runner.py:64} INFO - Started process 215 to run task
[2024-12-24T23:50:25.582+0000] {standard_task_runner.py:90} INFO - Running: ['***', 'tasks', 'run', 'pipeline', 'add_author', 'manual__2024-12-24T23:50:24.614080+00:00', '--job-id', '925', '--raw', '--subdir', 'DAGS_FOLDER/pipline.py', '--cfg-path', '/tmp/tmp2qdxjnye']
[2024-12-24T23:50:25.585+0000] {standard_task_runner.py:91} INFO - Job 925: Subtask add_author
[2024-12-24T23:50:25.669+0000] {task_command.py:426} INFO - Running <TaskInstance: pipeline.add_author manual__2024-12-24T23:50:24.614080+00:00 [running]> on host 19fb87e90da6
[2024-12-24T23:50:25.767+0000] {taskinstance.py:2648} INFO - Exporting env vars: AIRFLOW_CTX_DAG_OWNER='***' AIRFLOW_CTX_DAG_ID='pipeline' AIRFLOW_CTX_TASK_ID='add_author' AIRFLOW_CTX_EXECUTION_DATE='2024-12-24T23:50:24.614080+00:00' AIRFLOW_CTX_TRY_NUMBER='1' AIRFLOW_CTX_DAG_RUN_ID='manual__2024-12-24T23:50:24.614080+00:00'
[2024-12-24T23:50:25.768+0000] {taskinstance.py:430} INFO - ::endgroup::
[2024-12-24T23:50:25.779+0000] {base.py:84} INFO - Using connection ID 'postgres_default_2' for task execution.
[2024-12-24T23:50:27.675+0000] {pipline.py:587} ERROR - Erreur lors de l'ajout de l'auteur 'simooo': relation "authors" does not exist
LINE 1: SELECT AuthorID FROM Authors WHERE AuthorName = 'simooo'
                             ^

[2024-12-24T23:50:27.677+0000] {python.py:237} INFO - Done. Returned value was: None
[2024-12-24T23:50:27.678+0000] {taskinstance.py:441} INFO - ::group::Post task execution logs
[2024-12-24T23:50:27.690+0000] {taskinstance.py:1206} INFO - Marking task as SUCCESS. dag_id=pipeline, task_id=add_author, run_id=manual__2024-12-24T23:50:24.614080+00:00, execution_date=20241224T235024, start_date=20241224T235025, end_date=20241224T235027
[2024-12-24T23:50:27.721+0000] {local_task_job_runner.py:243} INFO - Task exited with return code 0
[2024-12-24T23:50:27.742+0000] {taskinstance.py:3503} INFO - 0 downstream tasks scheduled from follow-on schedule check
[2024-12-24T23:50:27.745+0000] {local_task_job_runner.py:222} INFO - ::endgroup::
