[2024-11-09T12:51:21.548+0000] {local_task_job_runner.py:120} INFO - ::group::Pre task execution logs
[2024-11-09T12:51:21.574+0000] {taskinstance.py:2076} INFO - Dependencies all met for dep_context=non-requeueable deps ti=<TaskInstance: pipeline.insert_data_into_data_warehouse manual__2024-11-09T12:51:18.297469+00:00 [queued]>
[2024-11-09T12:51:21.582+0000] {taskinstance.py:2076} INFO - Dependencies all met for dep_context=requeueable deps ti=<TaskInstance: pipeline.insert_data_into_data_warehouse manual__2024-11-09T12:51:18.297469+00:00 [queued]>
[2024-11-09T12:51:21.583+0000] {taskinstance.py:2306} INFO - Starting attempt 1 of 1
[2024-11-09T12:51:21.594+0000] {taskinstance.py:2330} INFO - Executing <Task(_PythonDecoratedOperator): insert_data_into_data_warehouse> on 2024-11-09 12:51:18.297469+00:00
[2024-11-09T12:51:21.598+0000] {standard_task_runner.py:64} INFO - Started process 738 to run task
[2024-11-09T12:51:21.601+0000] {standard_task_runner.py:90} INFO - Running: ['***', 'tasks', 'run', 'pipeline', 'insert_data_into_data_warehouse', 'manual__2024-11-09T12:51:18.297469+00:00', '--job-id', '241', '--raw', '--subdir', 'DAGS_FOLDER/pipline.py', '--cfg-path', '/tmp/tmpblk0vh58']
[2024-11-09T12:51:21.604+0000] {standard_task_runner.py:91} INFO - Job 241: Subtask insert_data_into_data_warehouse
[2024-11-09T12:51:21.646+0000] {task_command.py:426} INFO - Running <TaskInstance: pipeline.insert_data_into_data_warehouse manual__2024-11-09T12:51:18.297469+00:00 [running]> on host 14b64083bdc9
[2024-11-09T12:51:21.754+0000] {taskinstance.py:2648} INFO - Exporting env vars: AIRFLOW_CTX_DAG_OWNER='***' AIRFLOW_CTX_DAG_ID='pipeline' AIRFLOW_CTX_TASK_ID='insert_data_into_data_warehouse' AIRFLOW_CTX_EXECUTION_DATE='2024-11-09T12:51:18.297469+00:00' AIRFLOW_CTX_TRY_NUMBER='1' AIRFLOW_CTX_DAG_RUN_ID='manual__2024-11-09T12:51:18.297469+00:00'
[2024-11-09T12:51:21.755+0000] {taskinstance.py:430} INFO - ::endgroup::
[2024-11-09T12:51:21.764+0000] {base.py:84} INFO - Using connection ID 'mysql_default' for task execution.
[2024-11-09T12:51:21.841+0000] {taskinstance.py:441} INFO - ::group::Post task execution logs
[2024-11-09T12:51:21.842+0000] {taskinstance.py:2905} ERROR - Task failed with exception
Traceback (most recent call last):
  File "/home/airflow/.local/lib/python3.11/site-packages/airflow/models/taskinstance.py", line 465, in _execute_task
    result = _execute_callable(context=context, **execute_callable_kwargs)
             ^^^^^^^^^^^^^^^^^^^^^^^^^^^^^^^^^^^^^^^^^^^^^^^^^^^^^^^^^^^^^
  File "/home/airflow/.local/lib/python3.11/site-packages/airflow/models/taskinstance.py", line 432, in _execute_callable
    return execute_callable(context=context, **execute_callable_kwargs)
           ^^^^^^^^^^^^^^^^^^^^^^^^^^^^^^^^^^^^^^^^^^^^^^^^^^^^^^^^^^^^
  File "/home/airflow/.local/lib/python3.11/site-packages/airflow/models/baseoperator.py", line 401, in wrapper
    return func(self, *args, **kwargs)
           ^^^^^^^^^^^^^^^^^^^^^^^^^^^
  File "/home/airflow/.local/lib/python3.11/site-packages/airflow/decorators/base.py", line 265, in execute
    return_value = super().execute(context)
                   ^^^^^^^^^^^^^^^^^^^^^^^^
  File "/home/airflow/.local/lib/python3.11/site-packages/airflow/models/baseoperator.py", line 401, in wrapper
    return func(self, *args, **kwargs)
           ^^^^^^^^^^^^^^^^^^^^^^^^^^^
  File "/home/airflow/.local/lib/python3.11/site-packages/airflow/operators/python.py", line 235, in execute
    return_value = self.execute_callable()
                   ^^^^^^^^^^^^^^^^^^^^^^^
  File "/home/airflow/.local/lib/python3.11/site-packages/airflow/operators/python.py", line 252, in execute_callable
    return self.python_callable(*self.op_args, **self.op_kwargs)
           ^^^^^^^^^^^^^^^^^^^^^^^^^^^^^^^^^^^^^^^^^^^^^^^^^^^^^
  File "/opt/airflow/dags/pipline.py", line 171, in insert_data_into_data_warehouse
    journal_id = get_or_create_journal(journal_main, issn, quartils)
                 ^^^^^^^^^^^^^^^^^^^^^^^^^^^^^^^^^^^^^^^^^^^^^^^^^^^
  File "/opt/airflow/dags/pipline.py", line 136, in get_or_create_journal
    (journal_main, issn['Electronic ISSN'], quartils[-1]['quartil'])
                                            ~~~~~~~~~~~~^^^^^^^^^^^
TypeError: string indices must be integers, not 'str'
[2024-11-09T12:51:21.855+0000] {taskinstance.py:1206} INFO - Marking task as FAILED. dag_id=pipeline, task_id=insert_data_into_data_warehouse, run_id=manual__2024-11-09T12:51:18.297469+00:00, execution_date=20241109T125118, start_date=20241109T125121, end_date=20241109T125121
[2024-11-09T12:51:21.866+0000] {standard_task_runner.py:110} ERROR - Failed to execute job 241 for task insert_data_into_data_warehouse (string indices must be integers, not 'str'; 738)
[2024-11-09T12:51:21.894+0000] {local_task_job_runner.py:243} INFO - Task exited with return code 1
[2024-11-09T12:51:21.913+0000] {taskinstance.py:3503} INFO - 0 downstream tasks scheduled from follow-on schedule check
[2024-11-09T12:51:21.919+0000] {local_task_job_runner.py:222} INFO - ::endgroup::
