[2024-12-28T14:45:59.185+0000] {local_task_job_runner.py:120} INFO - ::group::Pre task execution logs
[2024-12-28T14:45:59.212+0000] {taskinstance.py:2076} INFO - Dependencies all met for dep_context=non-requeueable deps ti=<TaskInstance: pipeline.insert_data_into_data_warehouse scheduled__2024-12-27T00:00:00+00:00 [queued]>
[2024-12-28T14:45:59.222+0000] {taskinstance.py:2076} INFO - Dependencies all met for dep_context=requeueable deps ti=<TaskInstance: pipeline.insert_data_into_data_warehouse scheduled__2024-12-27T00:00:00+00:00 [queued]>
[2024-12-28T14:45:59.223+0000] {taskinstance.py:2306} INFO - Starting attempt 1 of 1
[2024-12-28T14:45:59.234+0000] {taskinstance.py:2330} INFO - Executing <Task(_PythonDecoratedOperator): insert_data_into_data_warehouse> on 2024-12-27 00:00:00+00:00
[2024-12-28T14:45:59.239+0000] {standard_task_runner.py:64} INFO - Started process 222 to run task
[2024-12-28T14:45:59.242+0000] {standard_task_runner.py:90} INFO - Running: ['***', 'tasks', 'run', 'pipeline', 'insert_data_into_data_warehouse', 'scheduled__2024-12-27T00:00:00+00:00', '--job-id', '1027', '--raw', '--subdir', 'DAGS_FOLDER/pipline.py', '--cfg-path', '/tmp/tmpy1nvtja9']
[2024-12-28T14:45:59.245+0000] {standard_task_runner.py:91} INFO - Job 1027: Subtask insert_data_into_data_warehouse
[2024-12-28T14:45:59.292+0000] {task_command.py:426} INFO - Running <TaskInstance: pipeline.insert_data_into_data_warehouse scheduled__2024-12-27T00:00:00+00:00 [running]> on host 7f22350fc6f3
[2024-12-28T14:45:59.379+0000] {taskinstance.py:2648} INFO - Exporting env vars: AIRFLOW_CTX_DAG_OWNER='***' AIRFLOW_CTX_DAG_ID='pipeline' AIRFLOW_CTX_TASK_ID='insert_data_into_data_warehouse' AIRFLOW_CTX_EXECUTION_DATE='2024-12-27T00:00:00+00:00' AIRFLOW_CTX_TRY_NUMBER='1' AIRFLOW_CTX_DAG_RUN_ID='scheduled__2024-12-27T00:00:00+00:00'
[2024-12-28T14:45:59.380+0000] {taskinstance.py:430} INFO - ::endgroup::
[2024-12-28T14:45:59.381+0000] {logging_mixin.py:188} INFO - None
[2024-12-28T14:45:59.389+0000] {base.py:84} INFO - Using connection ID 'postgres_default_2' for task execution.
[2024-12-28T14:45:59.390+0000] {sql.py:186} WARNING - This setter is for backward compatibility and should not be used.
Since the introduction of connection property, the providers listed below breaks due to assigning value to self.connection in their __init__ method.
* apache-***-providers-mysql<5.7.1
* apache-***-providers-elasticsearch<5.5.1
* apache-***-providers-postgres<5.13.0
[2024-12-28T14:45:59.391+0000] {taskinstance.py:441} INFO - ::group::Post task execution logs
[2024-12-28T14:45:59.391+0000] {taskinstance.py:2905} ERROR - Task failed with exception
Traceback (most recent call last):
  File "/home/airflow/.local/lib/python3.11/site-packages/airflow/models/taskinstance.py", line 465, in _execute_task
    result = _execute_callable(context=context, **execute_callable_kwargs)
             ^^^^^^^^^^^^^^^^^^^^^^^^^^^^^^^^^^^^^^^^^^^^^^^^^^^^^^^^^^^^^
  File "/home/airflow/.local/lib/python3.11/site-packages/airflow/models/taskinstance.py", line 432, in _execute_callable
    return execute_callable(context=context, **execute_callable_kwargs)
           ^^^^^^^^^^^^^^^^^^^^^^^^^^^^^^^^^^^^^^^^^^^^^^^^^^^^^^^^^^^^
  File "/home/airflow/.local/lib/python3.11/site-packages/airflow/models/baseoperator.py", line 401, in wrapper
    return func(self, *args, **kwargs)
           ^^^^^^^^^^^^^^^^^^^^^^^^^^^
  File "/home/airflow/.local/lib/python3.11/site-packages/airflow/decorators/base.py", line 265, in execute
    return_value = super().execute(context)
                   ^^^^^^^^^^^^^^^^^^^^^^^^
  File "/home/airflow/.local/lib/python3.11/site-packages/airflow/models/baseoperator.py", line 401, in wrapper
    return func(self, *args, **kwargs)
           ^^^^^^^^^^^^^^^^^^^^^^^^^^^
  File "/home/airflow/.local/lib/python3.11/site-packages/airflow/operators/python.py", line 235, in execute
    return_value = self.execute_callable()
                   ^^^^^^^^^^^^^^^^^^^^^^^
  File "/home/airflow/.local/lib/python3.11/site-packages/airflow/operators/python.py", line 252, in execute_callable
    return self.python_callable(*self.op_args, **self.op_kwargs)
           ^^^^^^^^^^^^^^^^^^^^^^^^^^^^^^^^^^^^^^^^^^^^^^^^^^^^^
  File "/opt/airflow/dags/pipline.py", line 377, in insert_data_into_data_warehouse
    data = verify_and_convert_structure(input)
           ^^^^^^^^^^^^^^^^^^^^^^^^^^^^^^^^^^^
  File "/opt/airflow/dags/pipline.py", line 23, in verify_and_convert_structure
    for idx, item in enumerate(t):
                     ^^^^^^^^^^^^
TypeError: 'NoneType' object is not iterable
[2024-12-28T14:45:59.403+0000] {taskinstance.py:1206} INFO - Marking task as FAILED. dag_id=pipeline, task_id=insert_data_into_data_warehouse, run_id=scheduled__2024-12-27T00:00:00+00:00, execution_date=20241227T000000, start_date=20241228T144559, end_date=20241228T144559
[2024-12-28T14:45:59.416+0000] {standard_task_runner.py:110} ERROR - Failed to execute job 1027 for task insert_data_into_data_warehouse ('NoneType' object is not iterable; 222)
[2024-12-28T14:45:59.455+0000] {local_task_job_runner.py:243} INFO - Task exited with return code 1
[2024-12-28T14:45:59.477+0000] {taskinstance.py:3503} INFO - 0 downstream tasks scheduled from follow-on schedule check
[2024-12-28T14:45:59.483+0000] {local_task_job_runner.py:222} INFO - ::endgroup::
