[2024-12-27T00:00:07.047+0000] {processor.py:161} INFO - Started process (PID=21357) to work on /opt/airflow/dags/sensor_airflow.py
[2024-12-27T00:00:07.047+0000] {processor.py:830} INFO - Processing file /opt/airflow/dags/sensor_airflow.py for tasks to queue
[2024-12-27T00:00:07.048+0000] {logging_mixin.py:188} INFO - [2024-12-27T00:00:07.048+0000] {dagbag.py:545} INFO - Filling up the DagBag from /opt/airflow/dags/sensor_airflow.py
[2024-12-27T00:00:07.103+0000] {processor.py:840} INFO - DAG(s) 'sensor_data' retrieved from /opt/airflow/dags/sensor_airflow.py
[2024-12-27T00:00:07.303+0000] {logging_mixin.py:188} INFO - [2024-12-27T00:00:07.302+0000] {dag.py:3089} INFO - Sync 1 DAGs
[2024-12-27T00:00:07.450+0000] {logging_mixin.py:188} INFO - [2024-12-27T00:00:07.450+0000] {dag.py:3947} INFO - Setting next_dagrun for sensor_data to 2024-12-26 23:55:00+00:00, run_after=2024-12-27 00:00:00+00:00
[2024-12-27T00:00:07.468+0000] {processor.py:183} INFO - Processing /opt/airflow/dags/sensor_airflow.py took 0.427 seconds
[2024-12-27T00:00:37.654+0000] {processor.py:161} INFO - Started process (PID=21380) to work on /opt/airflow/dags/sensor_airflow.py
[2024-12-27T00:00:37.655+0000] {processor.py:830} INFO - Processing file /opt/airflow/dags/sensor_airflow.py for tasks to queue
[2024-12-27T00:00:37.655+0000] {logging_mixin.py:188} INFO - [2024-12-27T00:00:37.655+0000] {dagbag.py:545} INFO - Filling up the DagBag from /opt/airflow/dags/sensor_airflow.py
[2024-12-27T00:00:37.704+0000] {processor.py:840} INFO - DAG(s) 'sensor_data' retrieved from /opt/airflow/dags/sensor_airflow.py
[2024-12-27T00:00:37.726+0000] {logging_mixin.py:188} INFO - [2024-12-27T00:00:37.726+0000] {dag.py:3089} INFO - Sync 1 DAGs
[2024-12-27T00:00:37.747+0000] {logging_mixin.py:188} INFO - [2024-12-27T00:00:37.747+0000] {dag.py:3947} INFO - Setting next_dagrun for sensor_data to 2024-12-26 23:55:00+00:00, run_after=2024-12-27 00:00:00+00:00
[2024-12-27T00:00:37.765+0000] {processor.py:183} INFO - Processing /opt/airflow/dags/sensor_airflow.py took 0.117 seconds
[2024-12-27T00:01:07.950+0000] {processor.py:161} INFO - Started process (PID=21401) to work on /opt/airflow/dags/sensor_airflow.py
[2024-12-27T00:01:07.951+0000] {processor.py:830} INFO - Processing file /opt/airflow/dags/sensor_airflow.py for tasks to queue
[2024-12-27T00:01:07.951+0000] {logging_mixin.py:188} INFO - [2024-12-27T00:01:07.951+0000] {dagbag.py:545} INFO - Filling up the DagBag from /opt/airflow/dags/sensor_airflow.py
[2024-12-27T00:01:08.000+0000] {processor.py:840} INFO - DAG(s) 'sensor_data' retrieved from /opt/airflow/dags/sensor_airflow.py
[2024-12-27T00:01:08.023+0000] {logging_mixin.py:188} INFO - [2024-12-27T00:01:08.023+0000] {dag.py:3089} INFO - Sync 1 DAGs
[2024-12-27T00:01:08.043+0000] {logging_mixin.py:188} INFO - [2024-12-27T00:01:08.043+0000] {dag.py:3947} INFO - Setting next_dagrun for sensor_data to 2024-12-26 23:55:00+00:00, run_after=2024-12-27 00:00:00+00:00
[2024-12-27T00:01:08.061+0000] {processor.py:183} INFO - Processing /opt/airflow/dags/sensor_airflow.py took 0.116 seconds
[2024-12-27T00:01:38.256+0000] {processor.py:161} INFO - Started process (PID=21422) to work on /opt/airflow/dags/sensor_airflow.py
[2024-12-27T00:01:38.257+0000] {processor.py:830} INFO - Processing file /opt/airflow/dags/sensor_airflow.py for tasks to queue
[2024-12-27T00:01:38.258+0000] {logging_mixin.py:188} INFO - [2024-12-27T00:01:38.258+0000] {dagbag.py:545} INFO - Filling up the DagBag from /opt/airflow/dags/sensor_airflow.py
[2024-12-27T00:01:38.320+0000] {processor.py:840} INFO - DAG(s) 'sensor_data' retrieved from /opt/airflow/dags/sensor_airflow.py
[2024-12-27T00:01:38.343+0000] {logging_mixin.py:188} INFO - [2024-12-27T00:01:38.343+0000] {dag.py:3089} INFO - Sync 1 DAGs
[2024-12-27T00:01:38.370+0000] {logging_mixin.py:188} INFO - [2024-12-27T00:01:38.370+0000] {dag.py:3947} INFO - Setting next_dagrun for sensor_data to 2024-12-26 23:55:00+00:00, run_after=2024-12-27 00:00:00+00:00
[2024-12-27T00:01:38.389+0000] {processor.py:183} INFO - Processing /opt/airflow/dags/sensor_airflow.py took 0.140 seconds
[2024-12-27T00:02:08.609+0000] {processor.py:161} INFO - Started process (PID=21443) to work on /opt/airflow/dags/sensor_airflow.py
[2024-12-27T00:02:08.610+0000] {processor.py:830} INFO - Processing file /opt/airflow/dags/sensor_airflow.py for tasks to queue
[2024-12-27T00:02:08.611+0000] {logging_mixin.py:188} INFO - [2024-12-27T00:02:08.611+0000] {dagbag.py:545} INFO - Filling up the DagBag from /opt/airflow/dags/sensor_airflow.py
[2024-12-27T00:02:08.688+0000] {processor.py:840} INFO - DAG(s) 'sensor_data' retrieved from /opt/airflow/dags/sensor_airflow.py
[2024-12-27T00:02:08.731+0000] {logging_mixin.py:188} INFO - [2024-12-27T00:02:08.731+0000] {dag.py:3089} INFO - Sync 1 DAGs
[2024-12-27T00:02:08.881+0000] {logging_mixin.py:188} INFO - [2024-12-27T00:02:08.880+0000] {dag.py:3947} INFO - Setting next_dagrun for sensor_data to 2024-12-26 23:55:00+00:00, run_after=2024-12-27 00:00:00+00:00
[2024-12-27T00:02:08.898+0000] {processor.py:183} INFO - Processing /opt/airflow/dags/sensor_airflow.py took 0.303 seconds
[2024-12-27T00:02:39.189+0000] {processor.py:161} INFO - Started process (PID=21464) to work on /opt/airflow/dags/sensor_airflow.py
[2024-12-27T00:02:39.189+0000] {processor.py:830} INFO - Processing file /opt/airflow/dags/sensor_airflow.py for tasks to queue
[2024-12-27T00:02:39.190+0000] {logging_mixin.py:188} INFO - [2024-12-27T00:02:39.190+0000] {dagbag.py:545} INFO - Filling up the DagBag from /opt/airflow/dags/sensor_airflow.py
[2024-12-27T00:02:39.241+0000] {processor.py:840} INFO - DAG(s) 'sensor_data' retrieved from /opt/airflow/dags/sensor_airflow.py
[2024-12-27T00:02:39.266+0000] {logging_mixin.py:188} INFO - [2024-12-27T00:02:39.265+0000] {dag.py:3089} INFO - Sync 1 DAGs
[2024-12-27T00:02:39.286+0000] {logging_mixin.py:188} INFO - [2024-12-27T00:02:39.285+0000] {dag.py:3947} INFO - Setting next_dagrun for sensor_data to 2024-12-26 23:55:00+00:00, run_after=2024-12-27 00:00:00+00:00
[2024-12-27T00:02:39.304+0000] {processor.py:183} INFO - Processing /opt/airflow/dags/sensor_airflow.py took 0.120 seconds
[2024-12-27T00:03:09.505+0000] {processor.py:161} INFO - Started process (PID=21485) to work on /opt/airflow/dags/sensor_airflow.py
[2024-12-27T00:03:09.520+0000] {processor.py:830} INFO - Processing file /opt/airflow/dags/sensor_airflow.py for tasks to queue
[2024-12-27T00:03:09.542+0000] {logging_mixin.py:188} INFO - [2024-12-27T00:03:09.542+0000] {dagbag.py:545} INFO - Filling up the DagBag from /opt/airflow/dags/sensor_airflow.py
[2024-12-27T00:03:09.608+0000] {processor.py:840} INFO - DAG(s) 'sensor_data' retrieved from /opt/airflow/dags/sensor_airflow.py
[2024-12-27T00:03:09.633+0000] {logging_mixin.py:188} INFO - [2024-12-27T00:03:09.632+0000] {dag.py:3089} INFO - Sync 1 DAGs
[2024-12-27T00:03:09.758+0000] {logging_mixin.py:188} INFO - [2024-12-27T00:03:09.758+0000] {dag.py:3947} INFO - Setting next_dagrun for sensor_data to 2024-12-26 23:55:00+00:00, run_after=2024-12-27 00:00:00+00:00
[2024-12-27T00:03:09.773+0000] {processor.py:183} INFO - Processing /opt/airflow/dags/sensor_airflow.py took 0.274 seconds
[2024-12-27T00:03:39.978+0000] {processor.py:161} INFO - Started process (PID=21506) to work on /opt/airflow/dags/sensor_airflow.py
[2024-12-27T00:03:39.978+0000] {processor.py:830} INFO - Processing file /opt/airflow/dags/sensor_airflow.py for tasks to queue
[2024-12-27T00:03:39.979+0000] {logging_mixin.py:188} INFO - [2024-12-27T00:03:39.979+0000] {dagbag.py:545} INFO - Filling up the DagBag from /opt/airflow/dags/sensor_airflow.py
[2024-12-27T00:03:40.035+0000] {processor.py:840} INFO - DAG(s) 'sensor_data' retrieved from /opt/airflow/dags/sensor_airflow.py
[2024-12-27T00:03:40.063+0000] {logging_mixin.py:188} INFO - [2024-12-27T00:03:40.063+0000] {dag.py:3089} INFO - Sync 1 DAGs
[2024-12-27T00:03:40.086+0000] {logging_mixin.py:188} INFO - [2024-12-27T00:03:40.086+0000] {dag.py:3947} INFO - Setting next_dagrun for sensor_data to 2024-12-26 23:55:00+00:00, run_after=2024-12-27 00:00:00+00:00
[2024-12-27T00:03:40.103+0000] {processor.py:183} INFO - Processing /opt/airflow/dags/sensor_airflow.py took 0.131 seconds
[2024-12-27T00:04:10.289+0000] {processor.py:161} INFO - Started process (PID=21527) to work on /opt/airflow/dags/sensor_airflow.py
[2024-12-27T00:04:10.290+0000] {processor.py:830} INFO - Processing file /opt/airflow/dags/sensor_airflow.py for tasks to queue
[2024-12-27T00:04:10.291+0000] {logging_mixin.py:188} INFO - [2024-12-27T00:04:10.291+0000] {dagbag.py:545} INFO - Filling up the DagBag from /opt/airflow/dags/sensor_airflow.py
[2024-12-27T00:04:10.341+0000] {processor.py:840} INFO - DAG(s) 'sensor_data' retrieved from /opt/airflow/dags/sensor_airflow.py
[2024-12-27T00:04:10.476+0000] {logging_mixin.py:188} INFO - [2024-12-27T00:04:10.476+0000] {dag.py:3089} INFO - Sync 1 DAGs
[2024-12-27T00:04:10.495+0000] {logging_mixin.py:188} INFO - [2024-12-27T00:04:10.495+0000] {dag.py:3947} INFO - Setting next_dagrun for sensor_data to 2024-12-26 23:55:00+00:00, run_after=2024-12-27 00:00:00+00:00
[2024-12-27T00:04:10.510+0000] {processor.py:183} INFO - Processing /opt/airflow/dags/sensor_airflow.py took 0.226 seconds
[2024-12-27T00:04:40.707+0000] {processor.py:161} INFO - Started process (PID=21548) to work on /opt/airflow/dags/sensor_airflow.py
[2024-12-27T00:04:40.708+0000] {processor.py:830} INFO - Processing file /opt/airflow/dags/sensor_airflow.py for tasks to queue
[2024-12-27T00:04:40.709+0000] {logging_mixin.py:188} INFO - [2024-12-27T00:04:40.708+0000] {dagbag.py:545} INFO - Filling up the DagBag from /opt/airflow/dags/sensor_airflow.py
[2024-12-27T00:04:40.758+0000] {processor.py:840} INFO - DAG(s) 'sensor_data' retrieved from /opt/airflow/dags/sensor_airflow.py
[2024-12-27T00:04:40.780+0000] {logging_mixin.py:188} INFO - [2024-12-27T00:04:40.780+0000] {dag.py:3089} INFO - Sync 1 DAGs
[2024-12-27T00:04:40.804+0000] {logging_mixin.py:188} INFO - [2024-12-27T00:04:40.804+0000] {dag.py:3947} INFO - Setting next_dagrun for sensor_data to 2024-12-26 23:55:00+00:00, run_after=2024-12-27 00:00:00+00:00
[2024-12-27T00:04:40.830+0000] {processor.py:183} INFO - Processing /opt/airflow/dags/sensor_airflow.py took 0.128 seconds
[2024-12-27T00:05:11.014+0000] {processor.py:161} INFO - Started process (PID=21569) to work on /opt/airflow/dags/sensor_airflow.py
[2024-12-27T00:05:11.014+0000] {processor.py:830} INFO - Processing file /opt/airflow/dags/sensor_airflow.py for tasks to queue
[2024-12-27T00:05:11.015+0000] {logging_mixin.py:188} INFO - [2024-12-27T00:05:11.015+0000] {dagbag.py:545} INFO - Filling up the DagBag from /opt/airflow/dags/sensor_airflow.py
[2024-12-27T00:05:11.065+0000] {processor.py:840} INFO - DAG(s) 'sensor_data' retrieved from /opt/airflow/dags/sensor_airflow.py
[2024-12-27T00:05:11.195+0000] {logging_mixin.py:188} INFO - [2024-12-27T00:05:11.194+0000] {dag.py:3089} INFO - Sync 1 DAGs
[2024-12-27T00:05:11.212+0000] {logging_mixin.py:188} INFO - [2024-12-27T00:05:11.212+0000] {dag.py:3947} INFO - Setting next_dagrun for sensor_data to 2024-12-27 00:00:00+00:00, run_after=2024-12-27 00:05:00+00:00
[2024-12-27T00:05:11.227+0000] {processor.py:183} INFO - Processing /opt/airflow/dags/sensor_airflow.py took 0.219 seconds
[2024-12-27T00:05:41.621+0000] {processor.py:161} INFO - Started process (PID=21590) to work on /opt/airflow/dags/sensor_airflow.py
[2024-12-27T00:05:41.622+0000] {processor.py:830} INFO - Processing file /opt/airflow/dags/sensor_airflow.py for tasks to queue
[2024-12-27T00:05:41.623+0000] {logging_mixin.py:188} INFO - [2024-12-27T00:05:41.623+0000] {dagbag.py:545} INFO - Filling up the DagBag from /opt/airflow/dags/sensor_airflow.py
[2024-12-27T00:05:41.682+0000] {processor.py:840} INFO - DAG(s) 'sensor_data' retrieved from /opt/airflow/dags/sensor_airflow.py
[2024-12-27T00:05:41.716+0000] {logging_mixin.py:188} INFO - [2024-12-27T00:05:41.716+0000] {dag.py:3089} INFO - Sync 1 DAGs
[2024-12-27T00:05:41.739+0000] {logging_mixin.py:188} INFO - [2024-12-27T00:05:41.739+0000] {dag.py:3947} INFO - Setting next_dagrun for sensor_data to 2024-12-27 00:00:00+00:00, run_after=2024-12-27 00:05:00+00:00
[2024-12-27T00:05:41.768+0000] {processor.py:183} INFO - Processing /opt/airflow/dags/sensor_airflow.py took 0.152 seconds
[2024-12-27T00:06:11.953+0000] {processor.py:161} INFO - Started process (PID=21611) to work on /opt/airflow/dags/sensor_airflow.py
[2024-12-27T00:06:11.954+0000] {processor.py:830} INFO - Processing file /opt/airflow/dags/sensor_airflow.py for tasks to queue
[2024-12-27T00:06:11.955+0000] {logging_mixin.py:188} INFO - [2024-12-27T00:06:11.955+0000] {dagbag.py:545} INFO - Filling up the DagBag from /opt/airflow/dags/sensor_airflow.py
[2024-12-27T00:06:12.019+0000] {processor.py:840} INFO - DAG(s) 'sensor_data' retrieved from /opt/airflow/dags/sensor_airflow.py
[2024-12-27T00:06:12.177+0000] {logging_mixin.py:188} INFO - [2024-12-27T00:06:12.176+0000] {dag.py:3089} INFO - Sync 1 DAGs
[2024-12-27T00:06:12.197+0000] {logging_mixin.py:188} INFO - [2024-12-27T00:06:12.197+0000] {dag.py:3947} INFO - Setting next_dagrun for sensor_data to 2024-12-27 00:00:00+00:00, run_after=2024-12-27 00:05:00+00:00
[2024-12-27T00:06:12.221+0000] {processor.py:183} INFO - Processing /opt/airflow/dags/sensor_airflow.py took 0.274 seconds
[2024-12-27T00:06:42.478+0000] {processor.py:161} INFO - Started process (PID=21632) to work on /opt/airflow/dags/sensor_airflow.py
[2024-12-27T00:06:42.478+0000] {processor.py:830} INFO - Processing file /opt/airflow/dags/sensor_airflow.py for tasks to queue
[2024-12-27T00:06:42.479+0000] {logging_mixin.py:188} INFO - [2024-12-27T00:06:42.479+0000] {dagbag.py:545} INFO - Filling up the DagBag from /opt/airflow/dags/sensor_airflow.py
[2024-12-27T00:06:42.534+0000] {processor.py:840} INFO - DAG(s) 'sensor_data' retrieved from /opt/airflow/dags/sensor_airflow.py
[2024-12-27T00:06:42.560+0000] {logging_mixin.py:188} INFO - [2024-12-27T00:06:42.559+0000] {dag.py:3089} INFO - Sync 1 DAGs
[2024-12-27T00:06:42.580+0000] {logging_mixin.py:188} INFO - [2024-12-27T00:06:42.580+0000] {dag.py:3947} INFO - Setting next_dagrun for sensor_data to 2024-12-27 00:00:00+00:00, run_after=2024-12-27 00:05:00+00:00
[2024-12-27T00:06:42.707+0000] {processor.py:183} INFO - Processing /opt/airflow/dags/sensor_airflow.py took 0.234 seconds
[2024-12-27T00:07:12.927+0000] {processor.py:161} INFO - Started process (PID=21653) to work on /opt/airflow/dags/sensor_airflow.py
[2024-12-27T00:07:12.928+0000] {processor.py:830} INFO - Processing file /opt/airflow/dags/sensor_airflow.py for tasks to queue
[2024-12-27T00:07:12.929+0000] {logging_mixin.py:188} INFO - [2024-12-27T00:07:12.929+0000] {dagbag.py:545} INFO - Filling up the DagBag from /opt/airflow/dags/sensor_airflow.py
[2024-12-27T00:07:12.980+0000] {processor.py:840} INFO - DAG(s) 'sensor_data' retrieved from /opt/airflow/dags/sensor_airflow.py
[2024-12-27T00:07:13.105+0000] {logging_mixin.py:188} INFO - [2024-12-27T00:07:13.105+0000] {dag.py:3089} INFO - Sync 1 DAGs
[2024-12-27T00:07:13.123+0000] {logging_mixin.py:188} INFO - [2024-12-27T00:07:13.123+0000] {dag.py:3947} INFO - Setting next_dagrun for sensor_data to 2024-12-27 00:00:00+00:00, run_after=2024-12-27 00:05:00+00:00
[2024-12-27T00:07:13.138+0000] {processor.py:183} INFO - Processing /opt/airflow/dags/sensor_airflow.py took 0.216 seconds
[2024-12-27T00:07:43.498+0000] {processor.py:161} INFO - Started process (PID=21674) to work on /opt/airflow/dags/sensor_airflow.py
[2024-12-27T00:07:43.499+0000] {processor.py:830} INFO - Processing file /opt/airflow/dags/sensor_airflow.py for tasks to queue
[2024-12-27T00:07:43.500+0000] {logging_mixin.py:188} INFO - [2024-12-27T00:07:43.499+0000] {dagbag.py:545} INFO - Filling up the DagBag from /opt/airflow/dags/sensor_airflow.py
[2024-12-27T00:07:43.551+0000] {processor.py:840} INFO - DAG(s) 'sensor_data' retrieved from /opt/airflow/dags/sensor_airflow.py
[2024-12-27T00:07:43.580+0000] {logging_mixin.py:188} INFO - [2024-12-27T00:07:43.579+0000] {dag.py:3089} INFO - Sync 1 DAGs
[2024-12-27T00:07:43.600+0000] {logging_mixin.py:188} INFO - [2024-12-27T00:07:43.600+0000] {dag.py:3947} INFO - Setting next_dagrun for sensor_data to 2024-12-27 00:00:00+00:00, run_after=2024-12-27 00:05:00+00:00
[2024-12-27T00:07:43.741+0000] {processor.py:183} INFO - Processing /opt/airflow/dags/sensor_airflow.py took 0.247 seconds
[2024-12-27T00:08:14.148+0000] {processor.py:161} INFO - Started process (PID=21695) to work on /opt/airflow/dags/sensor_airflow.py
[2024-12-27T00:08:14.148+0000] {processor.py:830} INFO - Processing file /opt/airflow/dags/sensor_airflow.py for tasks to queue
[2024-12-27T00:08:14.149+0000] {logging_mixin.py:188} INFO - [2024-12-27T00:08:14.149+0000] {dagbag.py:545} INFO - Filling up the DagBag from /opt/airflow/dags/sensor_airflow.py
[2024-12-27T00:08:14.204+0000] {processor.py:840} INFO - DAG(s) 'sensor_data' retrieved from /opt/airflow/dags/sensor_airflow.py
[2024-12-27T00:08:14.332+0000] {logging_mixin.py:188} INFO - [2024-12-27T00:08:14.332+0000] {dag.py:3089} INFO - Sync 1 DAGs
[2024-12-27T00:08:14.350+0000] {logging_mixin.py:188} INFO - [2024-12-27T00:08:14.350+0000] {dag.py:3947} INFO - Setting next_dagrun for sensor_data to 2024-12-27 00:00:00+00:00, run_after=2024-12-27 00:05:00+00:00
[2024-12-27T00:08:14.365+0000] {processor.py:183} INFO - Processing /opt/airflow/dags/sensor_airflow.py took 0.223 seconds
[2024-12-27T00:08:44.807+0000] {processor.py:161} INFO - Started process (PID=21716) to work on /opt/airflow/dags/sensor_airflow.py
[2024-12-27T00:08:44.808+0000] {processor.py:830} INFO - Processing file /opt/airflow/dags/sensor_airflow.py for tasks to queue
[2024-12-27T00:08:44.809+0000] {logging_mixin.py:188} INFO - [2024-12-27T00:08:44.808+0000] {dagbag.py:545} INFO - Filling up the DagBag from /opt/airflow/dags/sensor_airflow.py
[2024-12-27T00:08:44.985+0000] {processor.py:840} INFO - DAG(s) 'sensor_data' retrieved from /opt/airflow/dags/sensor_airflow.py
[2024-12-27T00:08:45.009+0000] {logging_mixin.py:188} INFO - [2024-12-27T00:08:45.008+0000] {dag.py:3089} INFO - Sync 1 DAGs
[2024-12-27T00:08:45.026+0000] {logging_mixin.py:188} INFO - [2024-12-27T00:08:45.026+0000] {dag.py:3947} INFO - Setting next_dagrun for sensor_data to 2024-12-27 00:00:00+00:00, run_after=2024-12-27 00:05:00+00:00
[2024-12-27T00:08:45.041+0000] {processor.py:183} INFO - Processing /opt/airflow/dags/sensor_airflow.py took 0.240 seconds
[2024-12-27T00:09:15.452+0000] {processor.py:161} INFO - Started process (PID=21738) to work on /opt/airflow/dags/sensor_airflow.py
[2024-12-27T00:09:15.452+0000] {processor.py:830} INFO - Processing file /opt/airflow/dags/sensor_airflow.py for tasks to queue
[2024-12-27T00:09:15.453+0000] {logging_mixin.py:188} INFO - [2024-12-27T00:09:15.453+0000] {dagbag.py:545} INFO - Filling up the DagBag from /opt/airflow/dags/sensor_airflow.py
[2024-12-27T00:09:15.508+0000] {processor.py:840} INFO - DAG(s) 'sensor_data' retrieved from /opt/airflow/dags/sensor_airflow.py
[2024-12-27T00:09:15.656+0000] {logging_mixin.py:188} INFO - [2024-12-27T00:09:15.655+0000] {dag.py:3089} INFO - Sync 1 DAGs
[2024-12-27T00:09:15.672+0000] {logging_mixin.py:188} INFO - [2024-12-27T00:09:15.672+0000] {dag.py:3947} INFO - Setting next_dagrun for sensor_data to 2024-12-27 00:00:00+00:00, run_after=2024-12-27 00:05:00+00:00
[2024-12-27T00:09:15.688+0000] {processor.py:183} INFO - Processing /opt/airflow/dags/sensor_airflow.py took 0.241 seconds
[2024-12-27T00:09:46.072+0000] {processor.py:161} INFO - Started process (PID=21759) to work on /opt/airflow/dags/sensor_airflow.py
[2024-12-27T00:09:46.073+0000] {processor.py:830} INFO - Processing file /opt/airflow/dags/sensor_airflow.py for tasks to queue
[2024-12-27T00:09:46.074+0000] {logging_mixin.py:188} INFO - [2024-12-27T00:09:46.074+0000] {dagbag.py:545} INFO - Filling up the DagBag from /opt/airflow/dags/sensor_airflow.py
[2024-12-27T00:09:46.310+0000] {processor.py:840} INFO - DAG(s) 'sensor_data' retrieved from /opt/airflow/dags/sensor_airflow.py
[2024-12-27T00:09:46.329+0000] {logging_mixin.py:188} INFO - [2024-12-27T00:09:46.329+0000] {dag.py:3089} INFO - Sync 1 DAGs
[2024-12-27T00:09:46.347+0000] {logging_mixin.py:188} INFO - [2024-12-27T00:09:46.347+0000] {dag.py:3947} INFO - Setting next_dagrun for sensor_data to 2024-12-27 00:00:00+00:00, run_after=2024-12-27 00:05:00+00:00
[2024-12-27T00:09:46.365+0000] {processor.py:183} INFO - Processing /opt/airflow/dags/sensor_airflow.py took 0.298 seconds
[2024-12-27T00:10:16.739+0000] {processor.py:161} INFO - Started process (PID=21779) to work on /opt/airflow/dags/sensor_airflow.py
[2024-12-27T00:10:16.740+0000] {processor.py:830} INFO - Processing file /opt/airflow/dags/sensor_airflow.py for tasks to queue
[2024-12-27T00:10:16.741+0000] {logging_mixin.py:188} INFO - [2024-12-27T00:10:16.741+0000] {dagbag.py:545} INFO - Filling up the DagBag from /opt/airflow/dags/sensor_airflow.py
[2024-12-27T00:10:16.799+0000] {processor.py:840} INFO - DAG(s) 'sensor_data' retrieved from /opt/airflow/dags/sensor_airflow.py
[2024-12-27T00:10:16.925+0000] {logging_mixin.py:188} INFO - [2024-12-27T00:10:16.925+0000] {dag.py:3089} INFO - Sync 1 DAGs
[2024-12-27T00:10:16.942+0000] {logging_mixin.py:188} INFO - [2024-12-27T00:10:16.942+0000] {dag.py:3947} INFO - Setting next_dagrun for sensor_data to 2024-12-27 00:05:00+00:00, run_after=2024-12-27 00:10:00+00:00
[2024-12-27T00:10:16.957+0000] {processor.py:183} INFO - Processing /opt/airflow/dags/sensor_airflow.py took 0.223 seconds
[2024-12-27T00:10:47.451+0000] {processor.py:161} INFO - Started process (PID=21800) to work on /opt/airflow/dags/sensor_airflow.py
[2024-12-27T00:10:47.451+0000] {processor.py:830} INFO - Processing file /opt/airflow/dags/sensor_airflow.py for tasks to queue
[2024-12-27T00:10:47.452+0000] {logging_mixin.py:188} INFO - [2024-12-27T00:10:47.452+0000] {dagbag.py:545} INFO - Filling up the DagBag from /opt/airflow/dags/sensor_airflow.py
[2024-12-27T00:10:47.632+0000] {processor.py:840} INFO - DAG(s) 'sensor_data' retrieved from /opt/airflow/dags/sensor_airflow.py
[2024-12-27T00:10:47.654+0000] {logging_mixin.py:188} INFO - [2024-12-27T00:10:47.653+0000] {dag.py:3089} INFO - Sync 1 DAGs
[2024-12-27T00:10:47.670+0000] {logging_mixin.py:188} INFO - [2024-12-27T00:10:47.670+0000] {dag.py:3947} INFO - Setting next_dagrun for sensor_data to 2024-12-27 00:05:00+00:00, run_after=2024-12-27 00:10:00+00:00
[2024-12-27T00:10:47.687+0000] {processor.py:183} INFO - Processing /opt/airflow/dags/sensor_airflow.py took 0.241 seconds
[2024-12-27T00:11:18.296+0000] {processor.py:161} INFO - Started process (PID=21821) to work on /opt/airflow/dags/sensor_airflow.py
[2024-12-27T00:11:18.297+0000] {processor.py:830} INFO - Processing file /opt/airflow/dags/sensor_airflow.py for tasks to queue
[2024-12-27T00:11:18.298+0000] {logging_mixin.py:188} INFO - [2024-12-27T00:11:18.297+0000] {dagbag.py:545} INFO - Filling up the DagBag from /opt/airflow/dags/sensor_airflow.py
[2024-12-27T00:11:18.368+0000] {processor.py:840} INFO - DAG(s) 'sensor_data' retrieved from /opt/airflow/dags/sensor_airflow.py
[2024-12-27T00:11:18.525+0000] {logging_mixin.py:188} INFO - [2024-12-27T00:11:18.525+0000] {dag.py:3089} INFO - Sync 1 DAGs
[2024-12-27T00:11:18.549+0000] {logging_mixin.py:188} INFO - [2024-12-27T00:11:18.549+0000] {dag.py:3947} INFO - Setting next_dagrun for sensor_data to 2024-12-27 00:05:00+00:00, run_after=2024-12-27 00:10:00+00:00
[2024-12-27T00:11:18.567+0000] {processor.py:183} INFO - Processing /opt/airflow/dags/sensor_airflow.py took 0.276 seconds
[2024-12-27T00:11:48.799+0000] {processor.py:161} INFO - Started process (PID=21843) to work on /opt/airflow/dags/sensor_airflow.py
[2024-12-27T00:11:48.801+0000] {processor.py:830} INFO - Processing file /opt/airflow/dags/sensor_airflow.py for tasks to queue
[2024-12-27T00:11:48.802+0000] {logging_mixin.py:188} INFO - [2024-12-27T00:11:48.801+0000] {dagbag.py:545} INFO - Filling up the DagBag from /opt/airflow/dags/sensor_airflow.py
[2024-12-27T00:11:49.027+0000] {processor.py:840} INFO - DAG(s) 'sensor_data' retrieved from /opt/airflow/dags/sensor_airflow.py
[2024-12-27T00:11:49.058+0000] {logging_mixin.py:188} INFO - [2024-12-27T00:11:49.057+0000] {dag.py:3089} INFO - Sync 1 DAGs
[2024-12-27T00:11:49.081+0000] {logging_mixin.py:188} INFO - [2024-12-27T00:11:49.081+0000] {dag.py:3947} INFO - Setting next_dagrun for sensor_data to 2024-12-27 00:05:00+00:00, run_after=2024-12-27 00:10:00+00:00
[2024-12-27T00:11:49.099+0000] {processor.py:183} INFO - Processing /opt/airflow/dags/sensor_airflow.py took 0.306 seconds
[2024-12-27T00:12:19.295+0000] {processor.py:161} INFO - Started process (PID=21864) to work on /opt/airflow/dags/sensor_airflow.py
[2024-12-27T00:12:19.296+0000] {processor.py:830} INFO - Processing file /opt/airflow/dags/sensor_airflow.py for tasks to queue
[2024-12-27T00:12:19.297+0000] {logging_mixin.py:188} INFO - [2024-12-27T00:12:19.296+0000] {dagbag.py:545} INFO - Filling up the DagBag from /opt/airflow/dags/sensor_airflow.py
[2024-12-27T00:12:19.354+0000] {processor.py:840} INFO - DAG(s) 'sensor_data' retrieved from /opt/airflow/dags/sensor_airflow.py
[2024-12-27T00:12:19.491+0000] {logging_mixin.py:188} INFO - [2024-12-27T00:12:19.491+0000] {dag.py:3089} INFO - Sync 1 DAGs
[2024-12-27T00:12:19.512+0000] {logging_mixin.py:188} INFO - [2024-12-27T00:12:19.511+0000] {dag.py:3947} INFO - Setting next_dagrun for sensor_data to 2024-12-27 00:05:00+00:00, run_after=2024-12-27 00:10:00+00:00
[2024-12-27T00:12:19.536+0000] {processor.py:183} INFO - Processing /opt/airflow/dags/sensor_airflow.py took 0.247 seconds
[2024-12-27T00:12:49.910+0000] {processor.py:161} INFO - Started process (PID=21885) to work on /opt/airflow/dags/sensor_airflow.py
[2024-12-27T00:12:49.911+0000] {processor.py:830} INFO - Processing file /opt/airflow/dags/sensor_airflow.py for tasks to queue
[2024-12-27T00:12:49.912+0000] {logging_mixin.py:188} INFO - [2024-12-27T00:12:49.912+0000] {dagbag.py:545} INFO - Filling up the DagBag from /opt/airflow/dags/sensor_airflow.py
[2024-12-27T00:12:50.139+0000] {processor.py:840} INFO - DAG(s) 'sensor_data' retrieved from /opt/airflow/dags/sensor_airflow.py
[2024-12-27T00:12:50.161+0000] {logging_mixin.py:188} INFO - [2024-12-27T00:12:50.161+0000] {dag.py:3089} INFO - Sync 1 DAGs
[2024-12-27T00:12:50.180+0000] {logging_mixin.py:188} INFO - [2024-12-27T00:12:50.180+0000] {dag.py:3947} INFO - Setting next_dagrun for sensor_data to 2024-12-27 00:05:00+00:00, run_after=2024-12-27 00:10:00+00:00
[2024-12-27T00:12:50.211+0000] {processor.py:183} INFO - Processing /opt/airflow/dags/sensor_airflow.py took 0.308 seconds
[2024-12-27T00:13:20.408+0000] {processor.py:161} INFO - Started process (PID=21906) to work on /opt/airflow/dags/sensor_airflow.py
[2024-12-27T00:13:20.409+0000] {processor.py:830} INFO - Processing file /opt/airflow/dags/sensor_airflow.py for tasks to queue
[2024-12-27T00:13:20.409+0000] {logging_mixin.py:188} INFO - [2024-12-27T00:13:20.409+0000] {dagbag.py:545} INFO - Filling up the DagBag from /opt/airflow/dags/sensor_airflow.py
[2024-12-27T00:13:20.483+0000] {processor.py:840} INFO - DAG(s) 'sensor_data' retrieved from /opt/airflow/dags/sensor_airflow.py
[2024-12-27T00:13:20.688+0000] {logging_mixin.py:188} INFO - [2024-12-27T00:13:20.687+0000] {dag.py:3089} INFO - Sync 1 DAGs
[2024-12-27T00:13:20.711+0000] {logging_mixin.py:188} INFO - [2024-12-27T00:13:20.711+0000] {dag.py:3947} INFO - Setting next_dagrun for sensor_data to 2024-12-27 00:05:00+00:00, run_after=2024-12-27 00:10:00+00:00
[2024-12-27T00:13:20.741+0000] {processor.py:183} INFO - Processing /opt/airflow/dags/sensor_airflow.py took 0.339 seconds
[2024-12-27T00:13:51.305+0000] {processor.py:161} INFO - Started process (PID=21927) to work on /opt/airflow/dags/sensor_airflow.py
[2024-12-27T00:13:51.306+0000] {processor.py:830} INFO - Processing file /opt/airflow/dags/sensor_airflow.py for tasks to queue
[2024-12-27T00:13:51.307+0000] {logging_mixin.py:188} INFO - [2024-12-27T00:13:51.307+0000] {dagbag.py:545} INFO - Filling up the DagBag from /opt/airflow/dags/sensor_airflow.py
[2024-12-27T00:13:51.478+0000] {processor.py:840} INFO - DAG(s) 'sensor_data' retrieved from /opt/airflow/dags/sensor_airflow.py
[2024-12-27T00:13:51.501+0000] {logging_mixin.py:188} INFO - [2024-12-27T00:13:51.500+0000] {dag.py:3089} INFO - Sync 1 DAGs
[2024-12-27T00:13:51.519+0000] {logging_mixin.py:188} INFO - [2024-12-27T00:13:51.519+0000] {dag.py:3947} INFO - Setting next_dagrun for sensor_data to 2024-12-27 00:05:00+00:00, run_after=2024-12-27 00:10:00+00:00
[2024-12-27T00:13:51.538+0000] {processor.py:183} INFO - Processing /opt/airflow/dags/sensor_airflow.py took 0.240 seconds
[2024-12-27T00:14:22.071+0000] {processor.py:161} INFO - Started process (PID=21948) to work on /opt/airflow/dags/sensor_airflow.py
[2024-12-27T00:14:22.072+0000] {processor.py:830} INFO - Processing file /opt/airflow/dags/sensor_airflow.py for tasks to queue
[2024-12-27T00:14:22.073+0000] {logging_mixin.py:188} INFO - [2024-12-27T00:14:22.072+0000] {dagbag.py:545} INFO - Filling up the DagBag from /opt/airflow/dags/sensor_airflow.py
[2024-12-27T00:14:22.133+0000] {processor.py:840} INFO - DAG(s) 'sensor_data' retrieved from /opt/airflow/dags/sensor_airflow.py
[2024-12-27T00:14:22.270+0000] {logging_mixin.py:188} INFO - [2024-12-27T00:14:22.269+0000] {dag.py:3089} INFO - Sync 1 DAGs
[2024-12-27T00:14:22.288+0000] {logging_mixin.py:188} INFO - [2024-12-27T00:14:22.288+0000] {dag.py:3947} INFO - Setting next_dagrun for sensor_data to 2024-12-27 00:05:00+00:00, run_after=2024-12-27 00:10:00+00:00
[2024-12-27T00:14:22.308+0000] {processor.py:183} INFO - Processing /opt/airflow/dags/sensor_airflow.py took 0.243 seconds
[2024-12-27T00:14:52.728+0000] {processor.py:161} INFO - Started process (PID=21969) to work on /opt/airflow/dags/sensor_airflow.py
[2024-12-27T00:14:52.728+0000] {processor.py:830} INFO - Processing file /opt/airflow/dags/sensor_airflow.py for tasks to queue
[2024-12-27T00:14:52.729+0000] {logging_mixin.py:188} INFO - [2024-12-27T00:14:52.729+0000] {dagbag.py:545} INFO - Filling up the DagBag from /opt/airflow/dags/sensor_airflow.py
[2024-12-27T00:14:52.896+0000] {processor.py:840} INFO - DAG(s) 'sensor_data' retrieved from /opt/airflow/dags/sensor_airflow.py
[2024-12-27T00:14:52.919+0000] {logging_mixin.py:188} INFO - [2024-12-27T00:14:52.919+0000] {dag.py:3089} INFO - Sync 1 DAGs
[2024-12-27T00:14:52.938+0000] {logging_mixin.py:188} INFO - [2024-12-27T00:14:52.938+0000] {dag.py:3947} INFO - Setting next_dagrun for sensor_data to 2024-12-27 00:05:00+00:00, run_after=2024-12-27 00:10:00+00:00
[2024-12-27T00:14:52.954+0000] {processor.py:183} INFO - Processing /opt/airflow/dags/sensor_airflow.py took 0.232 seconds
[2024-12-27T00:15:23.412+0000] {processor.py:161} INFO - Started process (PID=21999) to work on /opt/airflow/dags/sensor_airflow.py
[2024-12-27T00:15:23.413+0000] {processor.py:830} INFO - Processing file /opt/airflow/dags/sensor_airflow.py for tasks to queue
[2024-12-27T00:15:23.414+0000] {logging_mixin.py:188} INFO - [2024-12-27T00:15:23.413+0000] {dagbag.py:545} INFO - Filling up the DagBag from /opt/airflow/dags/sensor_airflow.py
[2024-12-27T00:15:23.789+0000] {processor.py:840} INFO - DAG(s) 'sensor_data' retrieved from /opt/airflow/dags/sensor_airflow.py
[2024-12-27T00:15:23.831+0000] {logging_mixin.py:188} INFO - [2024-12-27T00:15:23.830+0000] {dag.py:3089} INFO - Sync 1 DAGs
[2024-12-27T00:15:23.870+0000] {logging_mixin.py:188} INFO - [2024-12-27T00:15:23.870+0000] {dag.py:3947} INFO - Setting next_dagrun for sensor_data to 2024-12-27 00:10:00+00:00, run_after=2024-12-27 00:15:00+00:00
[2024-12-27T00:15:23.913+0000] {processor.py:183} INFO - Processing /opt/airflow/dags/sensor_airflow.py took 0.508 seconds
[2024-12-27T00:15:54.751+0000] {processor.py:161} INFO - Started process (PID=22022) to work on /opt/airflow/dags/sensor_airflow.py
[2024-12-27T00:15:54.752+0000] {processor.py:830} INFO - Processing file /opt/airflow/dags/sensor_airflow.py for tasks to queue
[2024-12-27T00:15:54.753+0000] {logging_mixin.py:188} INFO - [2024-12-27T00:15:54.753+0000] {dagbag.py:545} INFO - Filling up the DagBag from /opt/airflow/dags/sensor_airflow.py
[2024-12-27T00:15:54.823+0000] {processor.py:840} INFO - DAG(s) 'sensor_data' retrieved from /opt/airflow/dags/sensor_airflow.py
[2024-12-27T00:15:54.852+0000] {logging_mixin.py:188} INFO - [2024-12-27T00:15:54.852+0000] {dag.py:3089} INFO - Sync 1 DAGs
[2024-12-27T00:15:55.017+0000] {logging_mixin.py:188} INFO - [2024-12-27T00:15:55.017+0000] {dag.py:3947} INFO - Setting next_dagrun for sensor_data to 2024-12-27 00:10:00+00:00, run_after=2024-12-27 00:15:00+00:00
[2024-12-27T00:15:55.041+0000] {processor.py:183} INFO - Processing /opt/airflow/dags/sensor_airflow.py took 0.296 seconds
[2024-12-27T00:16:25.244+0000] {processor.py:161} INFO - Started process (PID=22043) to work on /opt/airflow/dags/sensor_airflow.py
[2024-12-27T00:16:25.245+0000] {processor.py:830} INFO - Processing file /opt/airflow/dags/sensor_airflow.py for tasks to queue
[2024-12-27T00:16:25.245+0000] {logging_mixin.py:188} INFO - [2024-12-27T00:16:25.245+0000] {dagbag.py:545} INFO - Filling up the DagBag from /opt/airflow/dags/sensor_airflow.py
[2024-12-27T00:16:25.410+0000] {processor.py:840} INFO - DAG(s) 'sensor_data' retrieved from /opt/airflow/dags/sensor_airflow.py
[2024-12-27T00:16:25.428+0000] {logging_mixin.py:188} INFO - [2024-12-27T00:16:25.428+0000] {dag.py:3089} INFO - Sync 1 DAGs
[2024-12-27T00:16:25.446+0000] {logging_mixin.py:188} INFO - [2024-12-27T00:16:25.446+0000] {dag.py:3947} INFO - Setting next_dagrun for sensor_data to 2024-12-27 00:10:00+00:00, run_after=2024-12-27 00:15:00+00:00
[2024-12-27T00:16:25.461+0000] {processor.py:183} INFO - Processing /opt/airflow/dags/sensor_airflow.py took 0.222 seconds
[2024-12-27T00:16:55.727+0000] {processor.py:161} INFO - Started process (PID=22064) to work on /opt/airflow/dags/sensor_airflow.py
[2024-12-27T00:16:55.728+0000] {processor.py:830} INFO - Processing file /opt/airflow/dags/sensor_airflow.py for tasks to queue
[2024-12-27T00:16:55.729+0000] {logging_mixin.py:188} INFO - [2024-12-27T00:16:55.729+0000] {dagbag.py:545} INFO - Filling up the DagBag from /opt/airflow/dags/sensor_airflow.py
[2024-12-27T00:16:55.796+0000] {processor.py:840} INFO - DAG(s) 'sensor_data' retrieved from /opt/airflow/dags/sensor_airflow.py
[2024-12-27T00:16:55.962+0000] {logging_mixin.py:188} INFO - [2024-12-27T00:16:55.962+0000] {dag.py:3089} INFO - Sync 1 DAGs
[2024-12-27T00:16:55.980+0000] {logging_mixin.py:188} INFO - [2024-12-27T00:16:55.980+0000] {dag.py:3947} INFO - Setting next_dagrun for sensor_data to 2024-12-27 00:10:00+00:00, run_after=2024-12-27 00:15:00+00:00
[2024-12-27T00:16:55.995+0000] {processor.py:183} INFO - Processing /opt/airflow/dags/sensor_airflow.py took 0.275 seconds
[2024-12-27T00:17:26.183+0000] {processor.py:161} INFO - Started process (PID=22085) to work on /opt/airflow/dags/sensor_airflow.py
[2024-12-27T00:17:26.184+0000] {processor.py:830} INFO - Processing file /opt/airflow/dags/sensor_airflow.py for tasks to queue
[2024-12-27T00:17:26.185+0000] {logging_mixin.py:188} INFO - [2024-12-27T00:17:26.185+0000] {dagbag.py:545} INFO - Filling up the DagBag from /opt/airflow/dags/sensor_airflow.py
[2024-12-27T00:17:26.373+0000] {processor.py:840} INFO - DAG(s) 'sensor_data' retrieved from /opt/airflow/dags/sensor_airflow.py
[2024-12-27T00:17:26.392+0000] {logging_mixin.py:188} INFO - [2024-12-27T00:17:26.392+0000] {dag.py:3089} INFO - Sync 1 DAGs
[2024-12-27T00:17:26.410+0000] {logging_mixin.py:188} INFO - [2024-12-27T00:17:26.410+0000] {dag.py:3947} INFO - Setting next_dagrun for sensor_data to 2024-12-27 00:10:00+00:00, run_after=2024-12-27 00:15:00+00:00
[2024-12-27T00:17:26.429+0000] {processor.py:183} INFO - Processing /opt/airflow/dags/sensor_airflow.py took 0.251 seconds
[2024-12-27T00:17:56.622+0000] {processor.py:161} INFO - Started process (PID=22106) to work on /opt/airflow/dags/sensor_airflow.py
[2024-12-27T00:17:56.623+0000] {processor.py:830} INFO - Processing file /opt/airflow/dags/sensor_airflow.py for tasks to queue
[2024-12-27T00:17:56.624+0000] {logging_mixin.py:188} INFO - [2024-12-27T00:17:56.624+0000] {dagbag.py:545} INFO - Filling up the DagBag from /opt/airflow/dags/sensor_airflow.py
[2024-12-27T00:17:56.693+0000] {processor.py:840} INFO - DAG(s) 'sensor_data' retrieved from /opt/airflow/dags/sensor_airflow.py
[2024-12-27T00:17:56.843+0000] {logging_mixin.py:188} INFO - [2024-12-27T00:17:56.843+0000] {dag.py:3089} INFO - Sync 1 DAGs
[2024-12-27T00:17:56.863+0000] {logging_mixin.py:188} INFO - [2024-12-27T00:17:56.863+0000] {dag.py:3947} INFO - Setting next_dagrun for sensor_data to 2024-12-27 00:10:00+00:00, run_after=2024-12-27 00:15:00+00:00
[2024-12-27T00:17:56.883+0000] {processor.py:183} INFO - Processing /opt/airflow/dags/sensor_airflow.py took 0.268 seconds
[2024-12-27T00:18:27.073+0000] {processor.py:161} INFO - Started process (PID=22127) to work on /opt/airflow/dags/sensor_airflow.py
[2024-12-27T00:18:27.074+0000] {processor.py:830} INFO - Processing file /opt/airflow/dags/sensor_airflow.py for tasks to queue
[2024-12-27T00:18:27.075+0000] {logging_mixin.py:188} INFO - [2024-12-27T00:18:27.074+0000] {dagbag.py:545} INFO - Filling up the DagBag from /opt/airflow/dags/sensor_airflow.py
[2024-12-27T00:18:27.229+0000] {processor.py:840} INFO - DAG(s) 'sensor_data' retrieved from /opt/airflow/dags/sensor_airflow.py
[2024-12-27T00:18:27.249+0000] {logging_mixin.py:188} INFO - [2024-12-27T00:18:27.249+0000] {dag.py:3089} INFO - Sync 1 DAGs
[2024-12-27T00:18:27.269+0000] {logging_mixin.py:188} INFO - [2024-12-27T00:18:27.269+0000] {dag.py:3947} INFO - Setting next_dagrun for sensor_data to 2024-12-27 00:10:00+00:00, run_after=2024-12-27 00:15:00+00:00
[2024-12-27T00:18:27.289+0000] {processor.py:183} INFO - Processing /opt/airflow/dags/sensor_airflow.py took 0.221 seconds
[2024-12-27T00:18:57.375+0000] {processor.py:161} INFO - Started process (PID=22148) to work on /opt/airflow/dags/sensor_airflow.py
[2024-12-27T00:18:57.376+0000] {processor.py:830} INFO - Processing file /opt/airflow/dags/sensor_airflow.py for tasks to queue
[2024-12-27T00:18:57.377+0000] {logging_mixin.py:188} INFO - [2024-12-27T00:18:57.377+0000] {dagbag.py:545} INFO - Filling up the DagBag from /opt/airflow/dags/sensor_airflow.py
[2024-12-27T00:18:57.444+0000] {processor.py:840} INFO - DAG(s) 'sensor_data' retrieved from /opt/airflow/dags/sensor_airflow.py
[2024-12-27T00:18:57.592+0000] {logging_mixin.py:188} INFO - [2024-12-27T00:18:57.591+0000] {dag.py:3089} INFO - Sync 1 DAGs
[2024-12-27T00:18:57.612+0000] {logging_mixin.py:188} INFO - [2024-12-27T00:18:57.611+0000] {dag.py:3947} INFO - Setting next_dagrun for sensor_data to 2024-12-27 00:10:00+00:00, run_after=2024-12-27 00:15:00+00:00
[2024-12-27T00:18:57.629+0000] {processor.py:183} INFO - Processing /opt/airflow/dags/sensor_airflow.py took 0.260 seconds
[2024-12-27T00:19:28.013+0000] {processor.py:161} INFO - Started process (PID=22169) to work on /opt/airflow/dags/sensor_airflow.py
[2024-12-27T00:19:28.014+0000] {processor.py:830} INFO - Processing file /opt/airflow/dags/sensor_airflow.py for tasks to queue
[2024-12-27T00:19:28.015+0000] {logging_mixin.py:188} INFO - [2024-12-27T00:19:28.015+0000] {dagbag.py:545} INFO - Filling up the DagBag from /opt/airflow/dags/sensor_airflow.py
[2024-12-27T00:19:28.180+0000] {processor.py:840} INFO - DAG(s) 'sensor_data' retrieved from /opt/airflow/dags/sensor_airflow.py
[2024-12-27T00:19:28.200+0000] {logging_mixin.py:188} INFO - [2024-12-27T00:19:28.200+0000] {dag.py:3089} INFO - Sync 1 DAGs
[2024-12-27T00:19:28.223+0000] {logging_mixin.py:188} INFO - [2024-12-27T00:19:28.223+0000] {dag.py:3947} INFO - Setting next_dagrun for sensor_data to 2024-12-27 00:10:00+00:00, run_after=2024-12-27 00:15:00+00:00
[2024-12-27T00:19:28.244+0000] {processor.py:183} INFO - Processing /opt/airflow/dags/sensor_airflow.py took 0.236 seconds
[2024-12-27T00:19:58.284+0000] {processor.py:161} INFO - Started process (PID=22188) to work on /opt/airflow/dags/sensor_airflow.py
[2024-12-27T00:19:58.285+0000] {processor.py:830} INFO - Processing file /opt/airflow/dags/sensor_airflow.py for tasks to queue
[2024-12-27T00:19:58.286+0000] {logging_mixin.py:188} INFO - [2024-12-27T00:19:58.286+0000] {dagbag.py:545} INFO - Filling up the DagBag from /opt/airflow/dags/sensor_airflow.py
[2024-12-27T00:19:58.358+0000] {processor.py:840} INFO - DAG(s) 'sensor_data' retrieved from /opt/airflow/dags/sensor_airflow.py
[2024-12-27T00:19:58.576+0000] {logging_mixin.py:188} INFO - [2024-12-27T00:19:58.576+0000] {dag.py:3089} INFO - Sync 1 DAGs
[2024-12-27T00:19:58.603+0000] {logging_mixin.py:188} INFO - [2024-12-27T00:19:58.603+0000] {dag.py:3947} INFO - Setting next_dagrun for sensor_data to 2024-12-27 00:10:00+00:00, run_after=2024-12-27 00:15:00+00:00
[2024-12-27T00:19:58.627+0000] {processor.py:183} INFO - Processing /opt/airflow/dags/sensor_airflow.py took 0.350 seconds
[2024-12-27T00:20:28.912+0000] {processor.py:161} INFO - Started process (PID=22209) to work on /opt/airflow/dags/sensor_airflow.py
[2024-12-27T00:20:28.913+0000] {processor.py:830} INFO - Processing file /opt/airflow/dags/sensor_airflow.py for tasks to queue
[2024-12-27T00:20:28.915+0000] {logging_mixin.py:188} INFO - [2024-12-27T00:20:28.914+0000] {dagbag.py:545} INFO - Filling up the DagBag from /opt/airflow/dags/sensor_airflow.py
[2024-12-27T00:20:29.192+0000] {processor.py:840} INFO - DAG(s) 'sensor_data' retrieved from /opt/airflow/dags/sensor_airflow.py
[2024-12-27T00:20:29.219+0000] {logging_mixin.py:188} INFO - [2024-12-27T00:20:29.219+0000] {dag.py:3089} INFO - Sync 1 DAGs
[2024-12-27T00:20:29.243+0000] {logging_mixin.py:188} INFO - [2024-12-27T00:20:29.243+0000] {dag.py:3947} INFO - Setting next_dagrun for sensor_data to 2024-12-27 00:15:00+00:00, run_after=2024-12-27 00:20:00+00:00
[2024-12-27T00:20:29.264+0000] {processor.py:183} INFO - Processing /opt/airflow/dags/sensor_airflow.py took 0.360 seconds
[2024-12-27T00:20:59.503+0000] {processor.py:161} INFO - Started process (PID=22227) to work on /opt/airflow/dags/sensor_airflow.py
[2024-12-27T00:20:59.503+0000] {processor.py:830} INFO - Processing file /opt/airflow/dags/sensor_airflow.py for tasks to queue
[2024-12-27T00:20:59.504+0000] {logging_mixin.py:188} INFO - [2024-12-27T00:20:59.504+0000] {dagbag.py:545} INFO - Filling up the DagBag from /opt/airflow/dags/sensor_airflow.py
[2024-12-27T00:20:59.706+0000] {processor.py:840} INFO - DAG(s) 'sensor_data' retrieved from /opt/airflow/dags/sensor_airflow.py
[2024-12-27T00:20:59.738+0000] {logging_mixin.py:188} INFO - [2024-12-27T00:20:59.738+0000] {dag.py:3089} INFO - Sync 1 DAGs
[2024-12-27T00:20:59.763+0000] {logging_mixin.py:188} INFO - [2024-12-27T00:20:59.763+0000] {dag.py:3947} INFO - Setting next_dagrun for sensor_data to 2024-12-27 00:15:00+00:00, run_after=2024-12-27 00:20:00+00:00
[2024-12-27T00:20:59.782+0000] {processor.py:183} INFO - Processing /opt/airflow/dags/sensor_airflow.py took 0.286 seconds
[2024-12-27T00:21:29.990+0000] {processor.py:161} INFO - Started process (PID=22248) to work on /opt/airflow/dags/sensor_airflow.py
[2024-12-27T00:21:29.991+0000] {processor.py:830} INFO - Processing file /opt/airflow/dags/sensor_airflow.py for tasks to queue
[2024-12-27T00:21:29.992+0000] {logging_mixin.py:188} INFO - [2024-12-27T00:21:29.991+0000] {dagbag.py:545} INFO - Filling up the DagBag from /opt/airflow/dags/sensor_airflow.py
[2024-12-27T00:21:30.176+0000] {processor.py:840} INFO - DAG(s) 'sensor_data' retrieved from /opt/airflow/dags/sensor_airflow.py
[2024-12-27T00:21:30.198+0000] {logging_mixin.py:188} INFO - [2024-12-27T00:21:30.198+0000] {dag.py:3089} INFO - Sync 1 DAGs
[2024-12-27T00:21:30.218+0000] {logging_mixin.py:188} INFO - [2024-12-27T00:21:30.218+0000] {dag.py:3947} INFO - Setting next_dagrun for sensor_data to 2024-12-27 00:15:00+00:00, run_after=2024-12-27 00:20:00+00:00
[2024-12-27T00:21:30.239+0000] {processor.py:183} INFO - Processing /opt/airflow/dags/sensor_airflow.py took 0.254 seconds
[2024-12-27T00:22:00.501+0000] {processor.py:161} INFO - Started process (PID=22272) to work on /opt/airflow/dags/sensor_airflow.py
[2024-12-27T00:22:00.501+0000] {processor.py:830} INFO - Processing file /opt/airflow/dags/sensor_airflow.py for tasks to queue
[2024-12-27T00:22:00.502+0000] {logging_mixin.py:188} INFO - [2024-12-27T00:22:00.502+0000] {dagbag.py:545} INFO - Filling up the DagBag from /opt/airflow/dags/sensor_airflow.py
[2024-12-27T00:22:00.555+0000] {processor.py:840} INFO - DAG(s) 'sensor_data' retrieved from /opt/airflow/dags/sensor_airflow.py
[2024-12-27T00:22:00.711+0000] {logging_mixin.py:188} INFO - [2024-12-27T00:22:00.710+0000] {dag.py:3089} INFO - Sync 1 DAGs
[2024-12-27T00:22:00.732+0000] {logging_mixin.py:188} INFO - [2024-12-27T00:22:00.732+0000] {dag.py:3947} INFO - Setting next_dagrun for sensor_data to 2024-12-27 00:15:00+00:00, run_after=2024-12-27 00:20:00+00:00
[2024-12-27T00:22:00.757+0000] {processor.py:183} INFO - Processing /opt/airflow/dags/sensor_airflow.py took 0.262 seconds
[2024-12-27T00:22:31.007+0000] {processor.py:161} INFO - Started process (PID=22293) to work on /opt/airflow/dags/sensor_airflow.py
[2024-12-27T00:22:31.009+0000] {processor.py:830} INFO - Processing file /opt/airflow/dags/sensor_airflow.py for tasks to queue
[2024-12-27T00:22:31.010+0000] {logging_mixin.py:188} INFO - [2024-12-27T00:22:31.010+0000] {dagbag.py:545} INFO - Filling up the DagBag from /opt/airflow/dags/sensor_airflow.py
[2024-12-27T00:22:31.254+0000] {processor.py:840} INFO - DAG(s) 'sensor_data' retrieved from /opt/airflow/dags/sensor_airflow.py
[2024-12-27T00:22:31.286+0000] {logging_mixin.py:188} INFO - [2024-12-27T00:22:31.285+0000] {dag.py:3089} INFO - Sync 1 DAGs
[2024-12-27T00:22:31.313+0000] {logging_mixin.py:188} INFO - [2024-12-27T00:22:31.312+0000] {dag.py:3947} INFO - Setting next_dagrun for sensor_data to 2024-12-27 00:15:00+00:00, run_after=2024-12-27 00:20:00+00:00
[2024-12-27T00:22:31.338+0000] {processor.py:183} INFO - Processing /opt/airflow/dags/sensor_airflow.py took 0.339 seconds
[2024-12-27T00:23:01.585+0000] {processor.py:161} INFO - Started process (PID=22314) to work on /opt/airflow/dags/sensor_airflow.py
[2024-12-27T00:23:01.586+0000] {processor.py:830} INFO - Processing file /opt/airflow/dags/sensor_airflow.py for tasks to queue
[2024-12-27T00:23:01.587+0000] {logging_mixin.py:188} INFO - [2024-12-27T00:23:01.586+0000] {dagbag.py:545} INFO - Filling up the DagBag from /opt/airflow/dags/sensor_airflow.py
[2024-12-27T00:23:01.654+0000] {processor.py:840} INFO - DAG(s) 'sensor_data' retrieved from /opt/airflow/dags/sensor_airflow.py
[2024-12-27T00:23:01.940+0000] {logging_mixin.py:188} INFO - [2024-12-27T00:23:01.939+0000] {dag.py:3089} INFO - Sync 1 DAGs
[2024-12-27T00:23:01.967+0000] {logging_mixin.py:188} INFO - [2024-12-27T00:23:01.967+0000] {dag.py:3947} INFO - Setting next_dagrun for sensor_data to 2024-12-27 00:15:00+00:00, run_after=2024-12-27 00:20:00+00:00
[2024-12-27T00:23:01.989+0000] {processor.py:183} INFO - Processing /opt/airflow/dags/sensor_airflow.py took 0.411 seconds
[2024-12-27T00:23:32.281+0000] {processor.py:161} INFO - Started process (PID=22335) to work on /opt/airflow/dags/sensor_airflow.py
[2024-12-27T00:23:32.282+0000] {processor.py:830} INFO - Processing file /opt/airflow/dags/sensor_airflow.py for tasks to queue
[2024-12-27T00:23:32.283+0000] {logging_mixin.py:188} INFO - [2024-12-27T00:23:32.283+0000] {dagbag.py:545} INFO - Filling up the DagBag from /opt/airflow/dags/sensor_airflow.py
[2024-12-27T00:23:32.523+0000] {processor.py:840} INFO - DAG(s) 'sensor_data' retrieved from /opt/airflow/dags/sensor_airflow.py
[2024-12-27T00:23:32.547+0000] {logging_mixin.py:188} INFO - [2024-12-27T00:23:32.546+0000] {dag.py:3089} INFO - Sync 1 DAGs
[2024-12-27T00:23:32.565+0000] {logging_mixin.py:188} INFO - [2024-12-27T00:23:32.565+0000] {dag.py:3947} INFO - Setting next_dagrun for sensor_data to 2024-12-27 00:15:00+00:00, run_after=2024-12-27 00:20:00+00:00
[2024-12-27T00:23:32.583+0000] {processor.py:183} INFO - Processing /opt/airflow/dags/sensor_airflow.py took 0.309 seconds
[2024-12-27T00:24:02.809+0000] {processor.py:161} INFO - Started process (PID=22356) to work on /opt/airflow/dags/sensor_airflow.py
[2024-12-27T00:24:02.810+0000] {processor.py:830} INFO - Processing file /opt/airflow/dags/sensor_airflow.py for tasks to queue
[2024-12-27T00:24:02.810+0000] {logging_mixin.py:188} INFO - [2024-12-27T00:24:02.810+0000] {dagbag.py:545} INFO - Filling up the DagBag from /opt/airflow/dags/sensor_airflow.py
[2024-12-27T00:24:02.982+0000] {processor.py:840} INFO - DAG(s) 'sensor_data' retrieved from /opt/airflow/dags/sensor_airflow.py
[2024-12-27T00:24:03.005+0000] {logging_mixin.py:188} INFO - [2024-12-27T00:24:03.005+0000] {dag.py:3089} INFO - Sync 1 DAGs
[2024-12-27T00:24:03.025+0000] {logging_mixin.py:188} INFO - [2024-12-27T00:24:03.025+0000] {dag.py:3947} INFO - Setting next_dagrun for sensor_data to 2024-12-27 00:15:00+00:00, run_after=2024-12-27 00:20:00+00:00
[2024-12-27T00:24:03.044+0000] {processor.py:183} INFO - Processing /opt/airflow/dags/sensor_airflow.py took 0.240 seconds
[2024-12-27T00:24:33.259+0000] {processor.py:161} INFO - Started process (PID=22377) to work on /opt/airflow/dags/sensor_airflow.py
[2024-12-27T00:24:33.260+0000] {processor.py:830} INFO - Processing file /opt/airflow/dags/sensor_airflow.py for tasks to queue
[2024-12-27T00:24:33.261+0000] {logging_mixin.py:188} INFO - [2024-12-27T00:24:33.260+0000] {dagbag.py:545} INFO - Filling up the DagBag from /opt/airflow/dags/sensor_airflow.py
[2024-12-27T00:24:33.474+0000] {processor.py:840} INFO - DAG(s) 'sensor_data' retrieved from /opt/airflow/dags/sensor_airflow.py
[2024-12-27T00:24:33.501+0000] {logging_mixin.py:188} INFO - [2024-12-27T00:24:33.501+0000] {dag.py:3089} INFO - Sync 1 DAGs
[2024-12-27T00:24:33.523+0000] {logging_mixin.py:188} INFO - [2024-12-27T00:24:33.523+0000] {dag.py:3947} INFO - Setting next_dagrun for sensor_data to 2024-12-27 00:15:00+00:00, run_after=2024-12-27 00:20:00+00:00
[2024-12-27T00:24:33.544+0000] {processor.py:183} INFO - Processing /opt/airflow/dags/sensor_airflow.py took 0.290 seconds
[2024-12-27T00:25:03.763+0000] {processor.py:161} INFO - Started process (PID=22398) to work on /opt/airflow/dags/sensor_airflow.py
[2024-12-27T00:25:03.764+0000] {processor.py:830} INFO - Processing file /opt/airflow/dags/sensor_airflow.py for tasks to queue
[2024-12-27T00:25:03.765+0000] {logging_mixin.py:188} INFO - [2024-12-27T00:25:03.765+0000] {dagbag.py:545} INFO - Filling up the DagBag from /opt/airflow/dags/sensor_airflow.py
[2024-12-27T00:25:03.941+0000] {processor.py:840} INFO - DAG(s) 'sensor_data' retrieved from /opt/airflow/dags/sensor_airflow.py
[2024-12-27T00:25:03.964+0000] {logging_mixin.py:188} INFO - [2024-12-27T00:25:03.964+0000] {dag.py:3089} INFO - Sync 1 DAGs
[2024-12-27T00:25:03.983+0000] {logging_mixin.py:188} INFO - [2024-12-27T00:25:03.983+0000] {dag.py:3947} INFO - Setting next_dagrun for sensor_data to 2024-12-27 00:20:00+00:00, run_after=2024-12-27 00:25:00+00:00
[2024-12-27T00:25:04.003+0000] {processor.py:183} INFO - Processing /opt/airflow/dags/sensor_airflow.py took 0.249 seconds
[2024-12-27T00:25:34.231+0000] {processor.py:161} INFO - Started process (PID=22419) to work on /opt/airflow/dags/sensor_airflow.py
[2024-12-27T00:25:34.231+0000] {processor.py:830} INFO - Processing file /opt/airflow/dags/sensor_airflow.py for tasks to queue
[2024-12-27T00:25:34.232+0000] {logging_mixin.py:188} INFO - [2024-12-27T00:25:34.232+0000] {dagbag.py:545} INFO - Filling up the DagBag from /opt/airflow/dags/sensor_airflow.py
[2024-12-27T00:25:34.421+0000] {processor.py:840} INFO - DAG(s) 'sensor_data' retrieved from /opt/airflow/dags/sensor_airflow.py
[2024-12-27T00:25:34.442+0000] {logging_mixin.py:188} INFO - [2024-12-27T00:25:34.442+0000] {dag.py:3089} INFO - Sync 1 DAGs
[2024-12-27T00:25:34.460+0000] {logging_mixin.py:188} INFO - [2024-12-27T00:25:34.460+0000] {dag.py:3947} INFO - Setting next_dagrun for sensor_data to 2024-12-27 00:20:00+00:00, run_after=2024-12-27 00:25:00+00:00
[2024-12-27T00:25:34.478+0000] {processor.py:183} INFO - Processing /opt/airflow/dags/sensor_airflow.py took 0.253 seconds
[2024-12-27T00:26:04.695+0000] {processor.py:161} INFO - Started process (PID=22440) to work on /opt/airflow/dags/sensor_airflow.py
[2024-12-27T00:26:04.696+0000] {processor.py:830} INFO - Processing file /opt/airflow/dags/sensor_airflow.py for tasks to queue
[2024-12-27T00:26:04.697+0000] {logging_mixin.py:188} INFO - [2024-12-27T00:26:04.696+0000] {dagbag.py:545} INFO - Filling up the DagBag from /opt/airflow/dags/sensor_airflow.py
[2024-12-27T00:26:04.893+0000] {processor.py:840} INFO - DAG(s) 'sensor_data' retrieved from /opt/airflow/dags/sensor_airflow.py
[2024-12-27T00:26:04.916+0000] {logging_mixin.py:188} INFO - [2024-12-27T00:26:04.916+0000] {dag.py:3089} INFO - Sync 1 DAGs
[2024-12-27T00:26:04.939+0000] {logging_mixin.py:188} INFO - [2024-12-27T00:26:04.939+0000] {dag.py:3947} INFO - Setting next_dagrun for sensor_data to 2024-12-27 00:20:00+00:00, run_after=2024-12-27 00:25:00+00:00
[2024-12-27T00:26:04.960+0000] {processor.py:183} INFO - Processing /opt/airflow/dags/sensor_airflow.py took 0.272 seconds
[2024-12-27T00:26:35.324+0000] {processor.py:161} INFO - Started process (PID=22461) to work on /opt/airflow/dags/sensor_airflow.py
[2024-12-27T00:26:35.325+0000] {processor.py:830} INFO - Processing file /opt/airflow/dags/sensor_airflow.py for tasks to queue
[2024-12-27T00:26:35.326+0000] {logging_mixin.py:188} INFO - [2024-12-27T00:26:35.326+0000] {dagbag.py:545} INFO - Filling up the DagBag from /opt/airflow/dags/sensor_airflow.py
[2024-12-27T00:26:35.537+0000] {processor.py:840} INFO - DAG(s) 'sensor_data' retrieved from /opt/airflow/dags/sensor_airflow.py
[2024-12-27T00:26:35.561+0000] {logging_mixin.py:188} INFO - [2024-12-27T00:26:35.561+0000] {dag.py:3089} INFO - Sync 1 DAGs
[2024-12-27T00:26:35.582+0000] {logging_mixin.py:188} INFO - [2024-12-27T00:26:35.581+0000] {dag.py:3947} INFO - Setting next_dagrun for sensor_data to 2024-12-27 00:20:00+00:00, run_after=2024-12-27 00:25:00+00:00
[2024-12-27T00:26:35.602+0000] {processor.py:183} INFO - Processing /opt/airflow/dags/sensor_airflow.py took 0.285 seconds
[2024-12-27T00:27:05.872+0000] {processor.py:161} INFO - Started process (PID=22482) to work on /opt/airflow/dags/sensor_airflow.py
[2024-12-27T00:27:05.873+0000] {processor.py:830} INFO - Processing file /opt/airflow/dags/sensor_airflow.py for tasks to queue
[2024-12-27T00:27:05.874+0000] {logging_mixin.py:188} INFO - [2024-12-27T00:27:05.874+0000] {dagbag.py:545} INFO - Filling up the DagBag from /opt/airflow/dags/sensor_airflow.py
[2024-12-27T00:27:06.059+0000] {processor.py:840} INFO - DAG(s) 'sensor_data' retrieved from /opt/airflow/dags/sensor_airflow.py
[2024-12-27T00:27:06.083+0000] {logging_mixin.py:188} INFO - [2024-12-27T00:27:06.083+0000] {dag.py:3089} INFO - Sync 1 DAGs
[2024-12-27T00:27:06.103+0000] {logging_mixin.py:188} INFO - [2024-12-27T00:27:06.102+0000] {dag.py:3947} INFO - Setting next_dagrun for sensor_data to 2024-12-27 00:20:00+00:00, run_after=2024-12-27 00:25:00+00:00
[2024-12-27T00:27:06.122+0000] {processor.py:183} INFO - Processing /opt/airflow/dags/sensor_airflow.py took 0.256 seconds
[2024-12-27T00:27:36.585+0000] {processor.py:161} INFO - Started process (PID=22503) to work on /opt/airflow/dags/sensor_airflow.py
[2024-12-27T00:27:36.586+0000] {processor.py:830} INFO - Processing file /opt/airflow/dags/sensor_airflow.py for tasks to queue
[2024-12-27T00:27:36.586+0000] {logging_mixin.py:188} INFO - [2024-12-27T00:27:36.586+0000] {dagbag.py:545} INFO - Filling up the DagBag from /opt/airflow/dags/sensor_airflow.py
[2024-12-27T00:27:36.644+0000] {processor.py:840} INFO - DAG(s) 'sensor_data' retrieved from /opt/airflow/dags/sensor_airflow.py
[2024-12-27T00:27:36.672+0000] {logging_mixin.py:188} INFO - [2024-12-27T00:27:36.672+0000] {dag.py:3089} INFO - Sync 1 DAGs
[2024-12-27T00:27:36.696+0000] {logging_mixin.py:188} INFO - [2024-12-27T00:27:36.696+0000] {dag.py:3947} INFO - Setting next_dagrun for sensor_data to 2024-12-27 00:20:00+00:00, run_after=2024-12-27 00:25:00+00:00
[2024-12-27T00:27:36.716+0000] {processor.py:183} INFO - Processing /opt/airflow/dags/sensor_airflow.py took 0.138 seconds
[2024-12-27T00:28:06.945+0000] {processor.py:161} INFO - Started process (PID=22524) to work on /opt/airflow/dags/sensor_airflow.py
[2024-12-27T00:28:06.946+0000] {processor.py:830} INFO - Processing file /opt/airflow/dags/sensor_airflow.py for tasks to queue
[2024-12-27T00:28:06.947+0000] {logging_mixin.py:188} INFO - [2024-12-27T00:28:06.946+0000] {dagbag.py:545} INFO - Filling up the DagBag from /opt/airflow/dags/sensor_airflow.py
[2024-12-27T00:28:07.020+0000] {processor.py:840} INFO - DAG(s) 'sensor_data' retrieved from /opt/airflow/dags/sensor_airflow.py
[2024-12-27T00:28:07.060+0000] {logging_mixin.py:188} INFO - [2024-12-27T00:28:07.060+0000] {dag.py:3089} INFO - Sync 1 DAGs
[2024-12-27T00:28:07.095+0000] {logging_mixin.py:188} INFO - [2024-12-27T00:28:07.095+0000] {dag.py:3947} INFO - Setting next_dagrun for sensor_data to 2024-12-27 00:20:00+00:00, run_after=2024-12-27 00:25:00+00:00
[2024-12-27T00:28:07.125+0000] {processor.py:183} INFO - Processing /opt/airflow/dags/sensor_airflow.py took 0.186 seconds
[2024-12-27T00:28:37.374+0000] {processor.py:161} INFO - Started process (PID=22542) to work on /opt/airflow/dags/sensor_airflow.py
[2024-12-27T00:28:37.374+0000] {processor.py:830} INFO - Processing file /opt/airflow/dags/sensor_airflow.py for tasks to queue
[2024-12-27T00:28:37.375+0000] {logging_mixin.py:188} INFO - [2024-12-27T00:28:37.375+0000] {dagbag.py:545} INFO - Filling up the DagBag from /opt/airflow/dags/sensor_airflow.py
[2024-12-27T00:28:37.425+0000] {processor.py:840} INFO - DAG(s) 'sensor_data' retrieved from /opt/airflow/dags/sensor_airflow.py
[2024-12-27T00:28:37.447+0000] {logging_mixin.py:188} INFO - [2024-12-27T00:28:37.447+0000] {dag.py:3089} INFO - Sync 1 DAGs
[2024-12-27T00:28:37.472+0000] {logging_mixin.py:188} INFO - [2024-12-27T00:28:37.472+0000] {dag.py:3947} INFO - Setting next_dagrun for sensor_data to 2024-12-27 00:20:00+00:00, run_after=2024-12-27 00:25:00+00:00
[2024-12-27T00:28:37.493+0000] {processor.py:183} INFO - Processing /opt/airflow/dags/sensor_airflow.py took 0.125 seconds
[2024-12-27T00:29:07.702+0000] {processor.py:161} INFO - Started process (PID=22563) to work on /opt/airflow/dags/sensor_airflow.py
[2024-12-27T00:29:07.703+0000] {processor.py:830} INFO - Processing file /opt/airflow/dags/sensor_airflow.py for tasks to queue
[2024-12-27T00:29:07.704+0000] {logging_mixin.py:188} INFO - [2024-12-27T00:29:07.704+0000] {dagbag.py:545} INFO - Filling up the DagBag from /opt/airflow/dags/sensor_airflow.py
[2024-12-27T00:29:07.770+0000] {processor.py:840} INFO - DAG(s) 'sensor_data' retrieved from /opt/airflow/dags/sensor_airflow.py
[2024-12-27T00:29:07.793+0000] {logging_mixin.py:188} INFO - [2024-12-27T00:29:07.793+0000] {dag.py:3089} INFO - Sync 1 DAGs
[2024-12-27T00:29:07.817+0000] {logging_mixin.py:188} INFO - [2024-12-27T00:29:07.816+0000] {dag.py:3947} INFO - Setting next_dagrun for sensor_data to 2024-12-27 00:20:00+00:00, run_after=2024-12-27 00:25:00+00:00
[2024-12-27T00:29:07.834+0000] {processor.py:183} INFO - Processing /opt/airflow/dags/sensor_airflow.py took 0.137 seconds
[2024-12-27T00:29:38.052+0000] {processor.py:161} INFO - Started process (PID=22584) to work on /opt/airflow/dags/sensor_airflow.py
[2024-12-27T00:29:38.053+0000] {processor.py:830} INFO - Processing file /opt/airflow/dags/sensor_airflow.py for tasks to queue
[2024-12-27T00:29:38.054+0000] {logging_mixin.py:188} INFO - [2024-12-27T00:29:38.054+0000] {dagbag.py:545} INFO - Filling up the DagBag from /opt/airflow/dags/sensor_airflow.py
[2024-12-27T00:29:38.114+0000] {processor.py:840} INFO - DAG(s) 'sensor_data' retrieved from /opt/airflow/dags/sensor_airflow.py
[2024-12-27T00:29:38.154+0000] {logging_mixin.py:188} INFO - [2024-12-27T00:29:38.154+0000] {dag.py:3089} INFO - Sync 1 DAGs
[2024-12-27T00:29:38.195+0000] {logging_mixin.py:188} INFO - [2024-12-27T00:29:38.194+0000] {dag.py:3947} INFO - Setting next_dagrun for sensor_data to 2024-12-27 00:20:00+00:00, run_after=2024-12-27 00:25:00+00:00
[2024-12-27T00:29:38.235+0000] {processor.py:183} INFO - Processing /opt/airflow/dags/sensor_airflow.py took 0.189 seconds
[2024-12-27T00:30:08.467+0000] {processor.py:161} INFO - Started process (PID=22605) to work on /opt/airflow/dags/sensor_airflow.py
[2024-12-27T00:30:08.468+0000] {processor.py:830} INFO - Processing file /opt/airflow/dags/sensor_airflow.py for tasks to queue
[2024-12-27T00:30:08.469+0000] {logging_mixin.py:188} INFO - [2024-12-27T00:30:08.469+0000] {dagbag.py:545} INFO - Filling up the DagBag from /opt/airflow/dags/sensor_airflow.py
[2024-12-27T00:30:08.526+0000] {processor.py:840} INFO - DAG(s) 'sensor_data' retrieved from /opt/airflow/dags/sensor_airflow.py
[2024-12-27T00:30:08.551+0000] {logging_mixin.py:188} INFO - [2024-12-27T00:30:08.551+0000] {dag.py:3089} INFO - Sync 1 DAGs
[2024-12-27T00:30:08.572+0000] {logging_mixin.py:188} INFO - [2024-12-27T00:30:08.572+0000] {dag.py:3947} INFO - Setting next_dagrun for sensor_data to 2024-12-27 00:25:00+00:00, run_after=2024-12-27 00:30:00+00:00
[2024-12-27T00:30:08.599+0000] {processor.py:183} INFO - Processing /opt/airflow/dags/sensor_airflow.py took 0.137 seconds
[2024-12-27T00:30:38.799+0000] {processor.py:161} INFO - Started process (PID=22626) to work on /opt/airflow/dags/sensor_airflow.py
[2024-12-27T00:30:38.799+0000] {processor.py:830} INFO - Processing file /opt/airflow/dags/sensor_airflow.py for tasks to queue
[2024-12-27T00:30:38.800+0000] {logging_mixin.py:188} INFO - [2024-12-27T00:30:38.800+0000] {dagbag.py:545} INFO - Filling up the DagBag from /opt/airflow/dags/sensor_airflow.py
[2024-12-27T00:30:38.852+0000] {processor.py:840} INFO - DAG(s) 'sensor_data' retrieved from /opt/airflow/dags/sensor_airflow.py
[2024-12-27T00:30:38.885+0000] {logging_mixin.py:188} INFO - [2024-12-27T00:30:38.885+0000] {dag.py:3089} INFO - Sync 1 DAGs
[2024-12-27T00:30:38.923+0000] {logging_mixin.py:188} INFO - [2024-12-27T00:30:38.922+0000] {dag.py:3947} INFO - Setting next_dagrun for sensor_data to 2024-12-27 00:25:00+00:00, run_after=2024-12-27 00:30:00+00:00
[2024-12-27T00:30:38.951+0000] {processor.py:183} INFO - Processing /opt/airflow/dags/sensor_airflow.py took 0.158 seconds
[2024-12-27T00:31:09.169+0000] {processor.py:161} INFO - Started process (PID=22647) to work on /opt/airflow/dags/sensor_airflow.py
[2024-12-27T00:31:09.170+0000] {processor.py:830} INFO - Processing file /opt/airflow/dags/sensor_airflow.py for tasks to queue
[2024-12-27T00:31:09.170+0000] {logging_mixin.py:188} INFO - [2024-12-27T00:31:09.170+0000] {dagbag.py:545} INFO - Filling up the DagBag from /opt/airflow/dags/sensor_airflow.py
[2024-12-27T00:31:09.226+0000] {processor.py:840} INFO - DAG(s) 'sensor_data' retrieved from /opt/airflow/dags/sensor_airflow.py
[2024-12-27T00:31:09.252+0000] {logging_mixin.py:188} INFO - [2024-12-27T00:31:09.252+0000] {dag.py:3089} INFO - Sync 1 DAGs
[2024-12-27T00:31:09.276+0000] {logging_mixin.py:188} INFO - [2024-12-27T00:31:09.276+0000] {dag.py:3947} INFO - Setting next_dagrun for sensor_data to 2024-12-27 00:25:00+00:00, run_after=2024-12-27 00:30:00+00:00
[2024-12-27T00:31:09.296+0000] {processor.py:183} INFO - Processing /opt/airflow/dags/sensor_airflow.py took 0.132 seconds
[2024-12-27T00:31:39.509+0000] {processor.py:161} INFO - Started process (PID=22668) to work on /opt/airflow/dags/sensor_airflow.py
[2024-12-27T00:31:39.509+0000] {processor.py:830} INFO - Processing file /opt/airflow/dags/sensor_airflow.py for tasks to queue
[2024-12-27T00:31:39.510+0000] {logging_mixin.py:188} INFO - [2024-12-27T00:31:39.510+0000] {dagbag.py:545} INFO - Filling up the DagBag from /opt/airflow/dags/sensor_airflow.py
[2024-12-27T00:31:39.567+0000] {processor.py:840} INFO - DAG(s) 'sensor_data' retrieved from /opt/airflow/dags/sensor_airflow.py
[2024-12-27T00:31:39.589+0000] {logging_mixin.py:188} INFO - [2024-12-27T00:31:39.589+0000] {dag.py:3089} INFO - Sync 1 DAGs
[2024-12-27T00:31:39.613+0000] {logging_mixin.py:188} INFO - [2024-12-27T00:31:39.613+0000] {dag.py:3947} INFO - Setting next_dagrun for sensor_data to 2024-12-27 00:25:00+00:00, run_after=2024-12-27 00:30:00+00:00
[2024-12-27T00:31:39.631+0000] {processor.py:183} INFO - Processing /opt/airflow/dags/sensor_airflow.py took 0.128 seconds
[2024-12-27T00:32:09.967+0000] {processor.py:161} INFO - Started process (PID=22689) to work on /opt/airflow/dags/sensor_airflow.py
[2024-12-27T00:32:09.968+0000] {processor.py:830} INFO - Processing file /opt/airflow/dags/sensor_airflow.py for tasks to queue
[2024-12-27T00:32:09.969+0000] {logging_mixin.py:188} INFO - [2024-12-27T00:32:09.969+0000] {dagbag.py:545} INFO - Filling up the DagBag from /opt/airflow/dags/sensor_airflow.py
[2024-12-27T00:32:10.061+0000] {processor.py:840} INFO - DAG(s) 'sensor_data' retrieved from /opt/airflow/dags/sensor_airflow.py
[2024-12-27T00:32:10.091+0000] {logging_mixin.py:188} INFO - [2024-12-27T00:32:10.090+0000] {dag.py:3089} INFO - Sync 1 DAGs
[2024-12-27T00:32:10.118+0000] {logging_mixin.py:188} INFO - [2024-12-27T00:32:10.118+0000] {dag.py:3947} INFO - Setting next_dagrun for sensor_data to 2024-12-27 00:25:00+00:00, run_after=2024-12-27 00:30:00+00:00
[2024-12-27T00:32:10.134+0000] {processor.py:183} INFO - Processing /opt/airflow/dags/sensor_airflow.py took 0.173 seconds
[2024-12-27T00:32:40.336+0000] {processor.py:161} INFO - Started process (PID=22710) to work on /opt/airflow/dags/sensor_airflow.py
[2024-12-27T00:32:40.336+0000] {processor.py:830} INFO - Processing file /opt/airflow/dags/sensor_airflow.py for tasks to queue
[2024-12-27T00:32:40.337+0000] {logging_mixin.py:188} INFO - [2024-12-27T00:32:40.337+0000] {dagbag.py:545} INFO - Filling up the DagBag from /opt/airflow/dags/sensor_airflow.py
[2024-12-27T00:32:40.397+0000] {processor.py:840} INFO - DAG(s) 'sensor_data' retrieved from /opt/airflow/dags/sensor_airflow.py
[2024-12-27T00:32:40.419+0000] {logging_mixin.py:188} INFO - [2024-12-27T00:32:40.419+0000] {dag.py:3089} INFO - Sync 1 DAGs
[2024-12-27T00:32:40.439+0000] {logging_mixin.py:188} INFO - [2024-12-27T00:32:40.439+0000] {dag.py:3947} INFO - Setting next_dagrun for sensor_data to 2024-12-27 00:25:00+00:00, run_after=2024-12-27 00:30:00+00:00
[2024-12-27T00:32:40.457+0000] {processor.py:183} INFO - Processing /opt/airflow/dags/sensor_airflow.py took 0.126 seconds
[2024-12-27T00:33:10.673+0000] {processor.py:161} INFO - Started process (PID=22731) to work on /opt/airflow/dags/sensor_airflow.py
[2024-12-27T00:33:10.674+0000] {processor.py:830} INFO - Processing file /opt/airflow/dags/sensor_airflow.py for tasks to queue
[2024-12-27T00:33:10.675+0000] {logging_mixin.py:188} INFO - [2024-12-27T00:33:10.675+0000] {dagbag.py:545} INFO - Filling up the DagBag from /opt/airflow/dags/sensor_airflow.py
[2024-12-27T00:33:10.728+0000] {processor.py:840} INFO - DAG(s) 'sensor_data' retrieved from /opt/airflow/dags/sensor_airflow.py
[2024-12-27T00:33:10.750+0000] {logging_mixin.py:188} INFO - [2024-12-27T00:33:10.750+0000] {dag.py:3089} INFO - Sync 1 DAGs
[2024-12-27T00:33:10.769+0000] {logging_mixin.py:188} INFO - [2024-12-27T00:33:10.769+0000] {dag.py:3947} INFO - Setting next_dagrun for sensor_data to 2024-12-27 00:25:00+00:00, run_after=2024-12-27 00:30:00+00:00
[2024-12-27T00:33:10.784+0000] {processor.py:183} INFO - Processing /opt/airflow/dags/sensor_airflow.py took 0.117 seconds
[2024-12-27T00:33:40.984+0000] {processor.py:161} INFO - Started process (PID=22752) to work on /opt/airflow/dags/sensor_airflow.py
[2024-12-27T00:33:40.984+0000] {processor.py:830} INFO - Processing file /opt/airflow/dags/sensor_airflow.py for tasks to queue
[2024-12-27T00:33:40.985+0000] {logging_mixin.py:188} INFO - [2024-12-27T00:33:40.985+0000] {dagbag.py:545} INFO - Filling up the DagBag from /opt/airflow/dags/sensor_airflow.py
[2024-12-27T00:33:41.035+0000] {processor.py:840} INFO - DAG(s) 'sensor_data' retrieved from /opt/airflow/dags/sensor_airflow.py
[2024-12-27T00:33:41.058+0000] {logging_mixin.py:188} INFO - [2024-12-27T00:33:41.058+0000] {dag.py:3089} INFO - Sync 1 DAGs
[2024-12-27T00:33:41.079+0000] {logging_mixin.py:188} INFO - [2024-12-27T00:33:41.079+0000] {dag.py:3947} INFO - Setting next_dagrun for sensor_data to 2024-12-27 00:25:00+00:00, run_after=2024-12-27 00:30:00+00:00
[2024-12-27T00:33:41.095+0000] {processor.py:183} INFO - Processing /opt/airflow/dags/sensor_airflow.py took 0.116 seconds
[2024-12-27T00:34:11.284+0000] {processor.py:161} INFO - Started process (PID=22773) to work on /opt/airflow/dags/sensor_airflow.py
[2024-12-27T00:34:11.285+0000] {processor.py:830} INFO - Processing file /opt/airflow/dags/sensor_airflow.py for tasks to queue
[2024-12-27T00:34:11.286+0000] {logging_mixin.py:188} INFO - [2024-12-27T00:34:11.285+0000] {dagbag.py:545} INFO - Filling up the DagBag from /opt/airflow/dags/sensor_airflow.py
[2024-12-27T00:34:11.340+0000] {processor.py:840} INFO - DAG(s) 'sensor_data' retrieved from /opt/airflow/dags/sensor_airflow.py
[2024-12-27T00:34:11.362+0000] {logging_mixin.py:188} INFO - [2024-12-27T00:34:11.362+0000] {dag.py:3089} INFO - Sync 1 DAGs
[2024-12-27T00:34:11.381+0000] {logging_mixin.py:188} INFO - [2024-12-27T00:34:11.381+0000] {dag.py:3947} INFO - Setting next_dagrun for sensor_data to 2024-12-27 00:25:00+00:00, run_after=2024-12-27 00:30:00+00:00
[2024-12-27T00:34:11.396+0000] {processor.py:183} INFO - Processing /opt/airflow/dags/sensor_airflow.py took 0.117 seconds
[2024-12-27T00:34:41.602+0000] {processor.py:161} INFO - Started process (PID=22794) to work on /opt/airflow/dags/sensor_airflow.py
[2024-12-27T00:34:41.603+0000] {processor.py:830} INFO - Processing file /opt/airflow/dags/sensor_airflow.py for tasks to queue
[2024-12-27T00:34:41.604+0000] {logging_mixin.py:188} INFO - [2024-12-27T00:34:41.604+0000] {dagbag.py:545} INFO - Filling up the DagBag from /opt/airflow/dags/sensor_airflow.py
[2024-12-27T00:34:41.662+0000] {processor.py:840} INFO - DAG(s) 'sensor_data' retrieved from /opt/airflow/dags/sensor_airflow.py
[2024-12-27T00:34:41.688+0000] {logging_mixin.py:188} INFO - [2024-12-27T00:34:41.688+0000] {dag.py:3089} INFO - Sync 1 DAGs
[2024-12-27T00:34:41.709+0000] {logging_mixin.py:188} INFO - [2024-12-27T00:34:41.709+0000] {dag.py:3947} INFO - Setting next_dagrun for sensor_data to 2024-12-27 00:25:00+00:00, run_after=2024-12-27 00:30:00+00:00
[2024-12-27T00:34:41.726+0000] {processor.py:183} INFO - Processing /opt/airflow/dags/sensor_airflow.py took 0.129 seconds
[2024-12-27T00:35:11.933+0000] {processor.py:161} INFO - Started process (PID=22815) to work on /opt/airflow/dags/sensor_airflow.py
[2024-12-27T00:35:11.933+0000] {processor.py:830} INFO - Processing file /opt/airflow/dags/sensor_airflow.py for tasks to queue
[2024-12-27T00:35:11.934+0000] {logging_mixin.py:188} INFO - [2024-12-27T00:35:11.934+0000] {dagbag.py:545} INFO - Filling up the DagBag from /opt/airflow/dags/sensor_airflow.py
[2024-12-27T00:35:11.988+0000] {processor.py:840} INFO - DAG(s) 'sensor_data' retrieved from /opt/airflow/dags/sensor_airflow.py
[2024-12-27T00:35:12.011+0000] {logging_mixin.py:188} INFO - [2024-12-27T00:35:12.011+0000] {dag.py:3089} INFO - Sync 1 DAGs
[2024-12-27T00:35:12.030+0000] {logging_mixin.py:188} INFO - [2024-12-27T00:35:12.030+0000] {dag.py:3947} INFO - Setting next_dagrun for sensor_data to 2024-12-27 00:30:00+00:00, run_after=2024-12-27 00:35:00+00:00
[2024-12-27T00:35:12.047+0000] {processor.py:183} INFO - Processing /opt/airflow/dags/sensor_airflow.py took 0.119 seconds
[2024-12-27T00:35:42.252+0000] {processor.py:161} INFO - Started process (PID=22836) to work on /opt/airflow/dags/sensor_airflow.py
[2024-12-27T00:35:42.252+0000] {processor.py:830} INFO - Processing file /opt/airflow/dags/sensor_airflow.py for tasks to queue
[2024-12-27T00:35:42.253+0000] {logging_mixin.py:188} INFO - [2024-12-27T00:35:42.253+0000] {dagbag.py:545} INFO - Filling up the DagBag from /opt/airflow/dags/sensor_airflow.py
[2024-12-27T00:35:42.308+0000] {processor.py:840} INFO - DAG(s) 'sensor_data' retrieved from /opt/airflow/dags/sensor_airflow.py
[2024-12-27T00:35:42.333+0000] {logging_mixin.py:188} INFO - [2024-12-27T00:35:42.332+0000] {dag.py:3089} INFO - Sync 1 DAGs
[2024-12-27T00:35:42.353+0000] {logging_mixin.py:188} INFO - [2024-12-27T00:35:42.353+0000] {dag.py:3947} INFO - Setting next_dagrun for sensor_data to 2024-12-27 00:30:00+00:00, run_after=2024-12-27 00:35:00+00:00
[2024-12-27T00:35:42.370+0000] {processor.py:183} INFO - Processing /opt/airflow/dags/sensor_airflow.py took 0.123 seconds
[2024-12-27T00:36:12.579+0000] {processor.py:161} INFO - Started process (PID=22857) to work on /opt/airflow/dags/sensor_airflow.py
[2024-12-27T00:36:12.580+0000] {processor.py:830} INFO - Processing file /opt/airflow/dags/sensor_airflow.py for tasks to queue
[2024-12-27T00:36:12.581+0000] {logging_mixin.py:188} INFO - [2024-12-27T00:36:12.580+0000] {dagbag.py:545} INFO - Filling up the DagBag from /opt/airflow/dags/sensor_airflow.py
[2024-12-27T00:36:12.646+0000] {processor.py:840} INFO - DAG(s) 'sensor_data' retrieved from /opt/airflow/dags/sensor_airflow.py
[2024-12-27T00:36:12.671+0000] {logging_mixin.py:188} INFO - [2024-12-27T00:36:12.671+0000] {dag.py:3089} INFO - Sync 1 DAGs
[2024-12-27T00:36:12.695+0000] {logging_mixin.py:188} INFO - [2024-12-27T00:36:12.695+0000] {dag.py:3947} INFO - Setting next_dagrun for sensor_data to 2024-12-27 00:30:00+00:00, run_after=2024-12-27 00:35:00+00:00
[2024-12-27T00:36:12.718+0000] {processor.py:183} INFO - Processing /opt/airflow/dags/sensor_airflow.py took 0.144 seconds
[2024-12-27T00:36:42.977+0000] {processor.py:161} INFO - Started process (PID=22878) to work on /opt/airflow/dags/sensor_airflow.py
[2024-12-27T00:36:42.977+0000] {processor.py:830} INFO - Processing file /opt/airflow/dags/sensor_airflow.py for tasks to queue
[2024-12-27T00:36:42.978+0000] {logging_mixin.py:188} INFO - [2024-12-27T00:36:42.978+0000] {dagbag.py:545} INFO - Filling up the DagBag from /opt/airflow/dags/sensor_airflow.py
[2024-12-27T00:36:43.038+0000] {processor.py:840} INFO - DAG(s) 'sensor_data' retrieved from /opt/airflow/dags/sensor_airflow.py
[2024-12-27T00:36:43.064+0000] {logging_mixin.py:188} INFO - [2024-12-27T00:36:43.064+0000] {dag.py:3089} INFO - Sync 1 DAGs
[2024-12-27T00:36:43.088+0000] {logging_mixin.py:188} INFO - [2024-12-27T00:36:43.087+0000] {dag.py:3947} INFO - Setting next_dagrun for sensor_data to 2024-12-27 00:30:00+00:00, run_after=2024-12-27 00:35:00+00:00
[2024-12-27T00:36:43.110+0000] {processor.py:183} INFO - Processing /opt/airflow/dags/sensor_airflow.py took 0.139 seconds
[2024-12-27T00:37:13.322+0000] {processor.py:161} INFO - Started process (PID=22899) to work on /opt/airflow/dags/sensor_airflow.py
[2024-12-27T00:37:13.322+0000] {processor.py:830} INFO - Processing file /opt/airflow/dags/sensor_airflow.py for tasks to queue
[2024-12-27T00:37:13.323+0000] {logging_mixin.py:188} INFO - [2024-12-27T00:37:13.323+0000] {dagbag.py:545} INFO - Filling up the DagBag from /opt/airflow/dags/sensor_airflow.py
[2024-12-27T00:37:13.373+0000] {processor.py:840} INFO - DAG(s) 'sensor_data' retrieved from /opt/airflow/dags/sensor_airflow.py
[2024-12-27T00:37:13.397+0000] {logging_mixin.py:188} INFO - [2024-12-27T00:37:13.396+0000] {dag.py:3089} INFO - Sync 1 DAGs
[2024-12-27T00:37:13.418+0000] {logging_mixin.py:188} INFO - [2024-12-27T00:37:13.418+0000] {dag.py:3947} INFO - Setting next_dagrun for sensor_data to 2024-12-27 00:30:00+00:00, run_after=2024-12-27 00:35:00+00:00
[2024-12-27T00:37:13.436+0000] {processor.py:183} INFO - Processing /opt/airflow/dags/sensor_airflow.py took 0.120 seconds
[2024-12-27T00:37:43.634+0000] {processor.py:161} INFO - Started process (PID=22920) to work on /opt/airflow/dags/sensor_airflow.py
[2024-12-27T00:37:43.635+0000] {processor.py:830} INFO - Processing file /opt/airflow/dags/sensor_airflow.py for tasks to queue
[2024-12-27T00:37:43.635+0000] {logging_mixin.py:188} INFO - [2024-12-27T00:37:43.635+0000] {dagbag.py:545} INFO - Filling up the DagBag from /opt/airflow/dags/sensor_airflow.py
[2024-12-27T00:37:43.692+0000] {processor.py:840} INFO - DAG(s) 'sensor_data' retrieved from /opt/airflow/dags/sensor_airflow.py
[2024-12-27T00:37:43.726+0000] {logging_mixin.py:188} INFO - [2024-12-27T00:37:43.725+0000] {dag.py:3089} INFO - Sync 1 DAGs
[2024-12-27T00:37:43.768+0000] {logging_mixin.py:188} INFO - [2024-12-27T00:37:43.768+0000] {dag.py:3947} INFO - Setting next_dagrun for sensor_data to 2024-12-27 00:30:00+00:00, run_after=2024-12-27 00:35:00+00:00
[2024-12-27T00:37:43.791+0000] {processor.py:183} INFO - Processing /opt/airflow/dags/sensor_airflow.py took 0.162 seconds
[2024-12-27T00:38:14.060+0000] {processor.py:161} INFO - Started process (PID=22941) to work on /opt/airflow/dags/sensor_airflow.py
[2024-12-27T00:38:14.061+0000] {processor.py:830} INFO - Processing file /opt/airflow/dags/sensor_airflow.py for tasks to queue
[2024-12-27T00:38:14.062+0000] {logging_mixin.py:188} INFO - [2024-12-27T00:38:14.062+0000] {dagbag.py:545} INFO - Filling up the DagBag from /opt/airflow/dags/sensor_airflow.py
[2024-12-27T00:38:14.115+0000] {processor.py:840} INFO - DAG(s) 'sensor_data' retrieved from /opt/airflow/dags/sensor_airflow.py
[2024-12-27T00:38:14.141+0000] {logging_mixin.py:188} INFO - [2024-12-27T00:38:14.141+0000] {dag.py:3089} INFO - Sync 1 DAGs
[2024-12-27T00:38:14.161+0000] {logging_mixin.py:188} INFO - [2024-12-27T00:38:14.161+0000] {dag.py:3947} INFO - Setting next_dagrun for sensor_data to 2024-12-27 00:30:00+00:00, run_after=2024-12-27 00:35:00+00:00
[2024-12-27T00:38:14.180+0000] {processor.py:183} INFO - Processing /opt/airflow/dags/sensor_airflow.py took 0.125 seconds
[2024-12-27T00:38:44.394+0000] {processor.py:161} INFO - Started process (PID=22962) to work on /opt/airflow/dags/sensor_airflow.py
[2024-12-27T00:38:44.395+0000] {processor.py:830} INFO - Processing file /opt/airflow/dags/sensor_airflow.py for tasks to queue
[2024-12-27T00:38:44.396+0000] {logging_mixin.py:188} INFO - [2024-12-27T00:38:44.396+0000] {dagbag.py:545} INFO - Filling up the DagBag from /opt/airflow/dags/sensor_airflow.py
[2024-12-27T00:38:44.452+0000] {processor.py:840} INFO - DAG(s) 'sensor_data' retrieved from /opt/airflow/dags/sensor_airflow.py
[2024-12-27T00:38:44.480+0000] {logging_mixin.py:188} INFO - [2024-12-27T00:38:44.480+0000] {dag.py:3089} INFO - Sync 1 DAGs
[2024-12-27T00:38:44.504+0000] {logging_mixin.py:188} INFO - [2024-12-27T00:38:44.503+0000] {dag.py:3947} INFO - Setting next_dagrun for sensor_data to 2024-12-27 00:30:00+00:00, run_after=2024-12-27 00:35:00+00:00
[2024-12-27T00:38:44.522+0000] {processor.py:183} INFO - Processing /opt/airflow/dags/sensor_airflow.py took 0.133 seconds
[2024-12-27T00:39:14.809+0000] {processor.py:161} INFO - Started process (PID=22983) to work on /opt/airflow/dags/sensor_airflow.py
[2024-12-27T00:39:14.810+0000] {processor.py:830} INFO - Processing file /opt/airflow/dags/sensor_airflow.py for tasks to queue
[2024-12-27T00:39:14.812+0000] {logging_mixin.py:188} INFO - [2024-12-27T00:39:14.811+0000] {dagbag.py:545} INFO - Filling up the DagBag from /opt/airflow/dags/sensor_airflow.py
[2024-12-27T00:39:14.879+0000] {processor.py:840} INFO - DAG(s) 'sensor_data' retrieved from /opt/airflow/dags/sensor_airflow.py
[2024-12-27T00:39:14.904+0000] {logging_mixin.py:188} INFO - [2024-12-27T00:39:14.904+0000] {dag.py:3089} INFO - Sync 1 DAGs
[2024-12-27T00:39:14.925+0000] {logging_mixin.py:188} INFO - [2024-12-27T00:39:14.925+0000] {dag.py:3947} INFO - Setting next_dagrun for sensor_data to 2024-12-27 00:30:00+00:00, run_after=2024-12-27 00:35:00+00:00
[2024-12-27T00:39:14.943+0000] {processor.py:183} INFO - Processing /opt/airflow/dags/sensor_airflow.py took 0.139 seconds
[2024-12-27T00:39:45.159+0000] {processor.py:161} INFO - Started process (PID=23004) to work on /opt/airflow/dags/sensor_airflow.py
[2024-12-27T00:39:45.160+0000] {processor.py:830} INFO - Processing file /opt/airflow/dags/sensor_airflow.py for tasks to queue
[2024-12-27T00:39:45.161+0000] {logging_mixin.py:188} INFO - [2024-12-27T00:39:45.160+0000] {dagbag.py:545} INFO - Filling up the DagBag from /opt/airflow/dags/sensor_airflow.py
[2024-12-27T00:39:45.213+0000] {processor.py:840} INFO - DAG(s) 'sensor_data' retrieved from /opt/airflow/dags/sensor_airflow.py
[2024-12-27T00:39:45.242+0000] {logging_mixin.py:188} INFO - [2024-12-27T00:39:45.241+0000] {dag.py:3089} INFO - Sync 1 DAGs
[2024-12-27T00:39:45.265+0000] {logging_mixin.py:188} INFO - [2024-12-27T00:39:45.265+0000] {dag.py:3947} INFO - Setting next_dagrun for sensor_data to 2024-12-27 00:30:00+00:00, run_after=2024-12-27 00:35:00+00:00
[2024-12-27T00:39:45.283+0000] {processor.py:183} INFO - Processing /opt/airflow/dags/sensor_airflow.py took 0.129 seconds
[2024-12-27T00:40:15.490+0000] {processor.py:161} INFO - Started process (PID=23025) to work on /opt/airflow/dags/sensor_airflow.py
[2024-12-27T00:40:15.490+0000] {processor.py:830} INFO - Processing file /opt/airflow/dags/sensor_airflow.py for tasks to queue
[2024-12-27T00:40:15.491+0000] {logging_mixin.py:188} INFO - [2024-12-27T00:40:15.491+0000] {dagbag.py:545} INFO - Filling up the DagBag from /opt/airflow/dags/sensor_airflow.py
[2024-12-27T00:40:15.546+0000] {processor.py:840} INFO - DAG(s) 'sensor_data' retrieved from /opt/airflow/dags/sensor_airflow.py
[2024-12-27T00:40:15.568+0000] {logging_mixin.py:188} INFO - [2024-12-27T00:40:15.568+0000] {dag.py:3089} INFO - Sync 1 DAGs
[2024-12-27T00:40:15.588+0000] {logging_mixin.py:188} INFO - [2024-12-27T00:40:15.588+0000] {dag.py:3947} INFO - Setting next_dagrun for sensor_data to 2024-12-27 00:35:00+00:00, run_after=2024-12-27 00:40:00+00:00
[2024-12-27T00:40:15.607+0000] {processor.py:183} INFO - Processing /opt/airflow/dags/sensor_airflow.py took 0.123 seconds
[2024-12-27T00:40:45.819+0000] {processor.py:161} INFO - Started process (PID=23046) to work on /opt/airflow/dags/sensor_airflow.py
[2024-12-27T00:40:45.819+0000] {processor.py:830} INFO - Processing file /opt/airflow/dags/sensor_airflow.py for tasks to queue
[2024-12-27T00:40:45.820+0000] {logging_mixin.py:188} INFO - [2024-12-27T00:40:45.820+0000] {dagbag.py:545} INFO - Filling up the DagBag from /opt/airflow/dags/sensor_airflow.py
[2024-12-27T00:40:45.874+0000] {processor.py:840} INFO - DAG(s) 'sensor_data' retrieved from /opt/airflow/dags/sensor_airflow.py
[2024-12-27T00:40:45.903+0000] {logging_mixin.py:188} INFO - [2024-12-27T00:40:45.902+0000] {dag.py:3089} INFO - Sync 1 DAGs
[2024-12-27T00:40:45.925+0000] {logging_mixin.py:188} INFO - [2024-12-27T00:40:45.924+0000] {dag.py:3947} INFO - Setting next_dagrun for sensor_data to 2024-12-27 00:35:00+00:00, run_after=2024-12-27 00:40:00+00:00
[2024-12-27T00:40:45.943+0000] {processor.py:183} INFO - Processing /opt/airflow/dags/sensor_airflow.py took 0.129 seconds
[2024-12-27T00:41:16.127+0000] {processor.py:161} INFO - Started process (PID=23067) to work on /opt/airflow/dags/sensor_airflow.py
[2024-12-27T00:41:16.127+0000] {processor.py:830} INFO - Processing file /opt/airflow/dags/sensor_airflow.py for tasks to queue
[2024-12-27T00:41:16.128+0000] {logging_mixin.py:188} INFO - [2024-12-27T00:41:16.128+0000] {dagbag.py:545} INFO - Filling up the DagBag from /opt/airflow/dags/sensor_airflow.py
[2024-12-27T00:41:16.183+0000] {processor.py:840} INFO - DAG(s) 'sensor_data' retrieved from /opt/airflow/dags/sensor_airflow.py
[2024-12-27T00:41:16.209+0000] {logging_mixin.py:188} INFO - [2024-12-27T00:41:16.208+0000] {dag.py:3089} INFO - Sync 1 DAGs
[2024-12-27T00:41:16.231+0000] {logging_mixin.py:188} INFO - [2024-12-27T00:41:16.231+0000] {dag.py:3947} INFO - Setting next_dagrun for sensor_data to 2024-12-27 00:35:00+00:00, run_after=2024-12-27 00:40:00+00:00
[2024-12-27T00:41:16.248+0000] {processor.py:183} INFO - Processing /opt/airflow/dags/sensor_airflow.py took 0.127 seconds
[2024-12-27T00:41:46.480+0000] {processor.py:161} INFO - Started process (PID=23088) to work on /opt/airflow/dags/sensor_airflow.py
[2024-12-27T00:41:46.481+0000] {processor.py:830} INFO - Processing file /opt/airflow/dags/sensor_airflow.py for tasks to queue
[2024-12-27T00:41:46.482+0000] {logging_mixin.py:188} INFO - [2024-12-27T00:41:46.481+0000] {dagbag.py:545} INFO - Filling up the DagBag from /opt/airflow/dags/sensor_airflow.py
[2024-12-27T00:41:46.530+0000] {processor.py:840} INFO - DAG(s) 'sensor_data' retrieved from /opt/airflow/dags/sensor_airflow.py
[2024-12-27T00:41:46.554+0000] {logging_mixin.py:188} INFO - [2024-12-27T00:41:46.554+0000] {dag.py:3089} INFO - Sync 1 DAGs
[2024-12-27T00:41:46.573+0000] {logging_mixin.py:188} INFO - [2024-12-27T00:41:46.573+0000] {dag.py:3947} INFO - Setting next_dagrun for sensor_data to 2024-12-27 00:35:00+00:00, run_after=2024-12-27 00:40:00+00:00
[2024-12-27T00:41:46.590+0000] {processor.py:183} INFO - Processing /opt/airflow/dags/sensor_airflow.py took 0.115 seconds
[2024-12-27T00:42:16.787+0000] {processor.py:161} INFO - Started process (PID=23109) to work on /opt/airflow/dags/sensor_airflow.py
[2024-12-27T00:42:16.788+0000] {processor.py:830} INFO - Processing file /opt/airflow/dags/sensor_airflow.py for tasks to queue
[2024-12-27T00:42:16.788+0000] {logging_mixin.py:188} INFO - [2024-12-27T00:42:16.788+0000] {dagbag.py:545} INFO - Filling up the DagBag from /opt/airflow/dags/sensor_airflow.py
[2024-12-27T00:42:16.840+0000] {processor.py:840} INFO - DAG(s) 'sensor_data' retrieved from /opt/airflow/dags/sensor_airflow.py
[2024-12-27T00:42:16.863+0000] {logging_mixin.py:188} INFO - [2024-12-27T00:42:16.862+0000] {dag.py:3089} INFO - Sync 1 DAGs
[2024-12-27T00:42:16.882+0000] {logging_mixin.py:188} INFO - [2024-12-27T00:42:16.882+0000] {dag.py:3947} INFO - Setting next_dagrun for sensor_data to 2024-12-27 00:35:00+00:00, run_after=2024-12-27 00:40:00+00:00
[2024-12-27T00:42:16.898+0000] {processor.py:183} INFO - Processing /opt/airflow/dags/sensor_airflow.py took 0.116 seconds
[2024-12-27T00:42:47.113+0000] {processor.py:161} INFO - Started process (PID=23130) to work on /opt/airflow/dags/sensor_airflow.py
[2024-12-27T00:42:47.114+0000] {processor.py:830} INFO - Processing file /opt/airflow/dags/sensor_airflow.py for tasks to queue
[2024-12-27T00:42:47.115+0000] {logging_mixin.py:188} INFO - [2024-12-27T00:42:47.115+0000] {dagbag.py:545} INFO - Filling up the DagBag from /opt/airflow/dags/sensor_airflow.py
[2024-12-27T00:42:47.174+0000] {processor.py:840} INFO - DAG(s) 'sensor_data' retrieved from /opt/airflow/dags/sensor_airflow.py
[2024-12-27T00:42:47.205+0000] {logging_mixin.py:188} INFO - [2024-12-27T00:42:47.205+0000] {dag.py:3089} INFO - Sync 1 DAGs
[2024-12-27T00:42:47.231+0000] {logging_mixin.py:188} INFO - [2024-12-27T00:42:47.230+0000] {dag.py:3947} INFO - Setting next_dagrun for sensor_data to 2024-12-27 00:35:00+00:00, run_after=2024-12-27 00:40:00+00:00
[2024-12-27T00:42:47.284+0000] {processor.py:183} INFO - Processing /opt/airflow/dags/sensor_airflow.py took 0.177 seconds
[2024-12-27T00:43:17.477+0000] {processor.py:161} INFO - Started process (PID=23151) to work on /opt/airflow/dags/sensor_airflow.py
[2024-12-27T00:43:17.477+0000] {processor.py:830} INFO - Processing file /opt/airflow/dags/sensor_airflow.py for tasks to queue
[2024-12-27T00:43:17.478+0000] {logging_mixin.py:188} INFO - [2024-12-27T00:43:17.478+0000] {dagbag.py:545} INFO - Filling up the DagBag from /opt/airflow/dags/sensor_airflow.py
[2024-12-27T00:43:17.534+0000] {processor.py:840} INFO - DAG(s) 'sensor_data' retrieved from /opt/airflow/dags/sensor_airflow.py
[2024-12-27T00:43:17.559+0000] {logging_mixin.py:188} INFO - [2024-12-27T00:43:17.558+0000] {dag.py:3089} INFO - Sync 1 DAGs
[2024-12-27T00:43:17.578+0000] {logging_mixin.py:188} INFO - [2024-12-27T00:43:17.578+0000] {dag.py:3947} INFO - Setting next_dagrun for sensor_data to 2024-12-27 00:35:00+00:00, run_after=2024-12-27 00:40:00+00:00
[2024-12-27T00:43:17.596+0000] {processor.py:183} INFO - Processing /opt/airflow/dags/sensor_airflow.py took 0.125 seconds
[2024-12-27T00:43:47.865+0000] {processor.py:161} INFO - Started process (PID=23172) to work on /opt/airflow/dags/sensor_airflow.py
[2024-12-27T00:43:47.866+0000] {processor.py:830} INFO - Processing file /opt/airflow/dags/sensor_airflow.py for tasks to queue
[2024-12-27T00:43:47.868+0000] {logging_mixin.py:188} INFO - [2024-12-27T00:43:47.868+0000] {dagbag.py:545} INFO - Filling up the DagBag from /opt/airflow/dags/sensor_airflow.py
[2024-12-27T00:43:47.972+0000] {processor.py:840} INFO - DAG(s) 'sensor_data' retrieved from /opt/airflow/dags/sensor_airflow.py
[2024-12-27T00:43:48.008+0000] {logging_mixin.py:188} INFO - [2024-12-27T00:43:48.007+0000] {dag.py:3089} INFO - Sync 1 DAGs
[2024-12-27T00:43:48.040+0000] {logging_mixin.py:188} INFO - [2024-12-27T00:43:48.038+0000] {dag.py:3947} INFO - Setting next_dagrun for sensor_data to 2024-12-27 00:35:00+00:00, run_after=2024-12-27 00:40:00+00:00
[2024-12-27T00:43:48.067+0000] {processor.py:183} INFO - Processing /opt/airflow/dags/sensor_airflow.py took 0.209 seconds
