[2024-12-27T00:00:27.484+0000] {processor.py:161} INFO - Started process (PID=21368) to work on /opt/airflow/dags/sensor_airflow_consumer.py
[2024-12-27T00:00:27.485+0000] {processor.py:830} INFO - Processing file /opt/airflow/dags/sensor_airflow_consumer.py for tasks to queue
[2024-12-27T00:00:27.486+0000] {logging_mixin.py:188} INFO - [2024-12-27T00:00:27.486+0000] {dagbag.py:545} INFO - Filling up the DagBag from /opt/airflow/dags/sensor_airflow_consumer.py
[2024-12-27T00:00:27.846+0000] {processor.py:840} INFO - DAG(s) 'sensor_data_consumer' retrieved from /opt/airflow/dags/sensor_airflow_consumer.py
[2024-12-27T00:00:27.928+0000] {logging_mixin.py:188} INFO - [2024-12-27T00:00:27.928+0000] {dag.py:3089} INFO - Sync 1 DAGs
[2024-12-27T00:00:27.945+0000] {logging_mixin.py:188} INFO - [2024-12-27T00:00:27.945+0000] {dag.py:3947} INFO - Setting next_dagrun for sensor_data_consumer to 2025-01-01 00:00:00+00:00, run_after=2026-01-01 00:00:00+00:00
[2024-12-27T00:00:27.965+0000] {processor.py:183} INFO - Processing /opt/airflow/dags/sensor_airflow_consumer.py took 0.487 seconds
[2024-12-27T00:00:58.777+0000] {processor.py:161} INFO - Started process (PID=21391) to work on /opt/airflow/dags/sensor_airflow_consumer.py
[2024-12-27T00:00:58.778+0000] {processor.py:830} INFO - Processing file /opt/airflow/dags/sensor_airflow_consumer.py for tasks to queue
[2024-12-27T00:00:58.779+0000] {logging_mixin.py:188} INFO - [2024-12-27T00:00:58.778+0000] {dagbag.py:545} INFO - Filling up the DagBag from /opt/airflow/dags/sensor_airflow_consumer.py
[2024-12-27T00:00:59.109+0000] {processor.py:840} INFO - DAG(s) 'sensor_data_consumer' retrieved from /opt/airflow/dags/sensor_airflow_consumer.py
[2024-12-27T00:00:59.126+0000] {logging_mixin.py:188} INFO - [2024-12-27T00:00:59.126+0000] {dag.py:3089} INFO - Sync 1 DAGs
[2024-12-27T00:00:59.143+0000] {logging_mixin.py:188} INFO - [2024-12-27T00:00:59.143+0000] {dag.py:3947} INFO - Setting next_dagrun for sensor_data_consumer to 2025-01-01 00:00:00+00:00, run_after=2026-01-01 00:00:00+00:00
[2024-12-27T00:00:59.165+0000] {processor.py:183} INFO - Processing /opt/airflow/dags/sensor_airflow_consumer.py took 0.394 seconds
[2024-12-27T00:01:30.079+0000] {processor.py:161} INFO - Started process (PID=21412) to work on /opt/airflow/dags/sensor_airflow_consumer.py
[2024-12-27T00:01:30.080+0000] {processor.py:830} INFO - Processing file /opt/airflow/dags/sensor_airflow_consumer.py for tasks to queue
[2024-12-27T00:01:30.080+0000] {logging_mixin.py:188} INFO - [2024-12-27T00:01:30.080+0000] {dagbag.py:545} INFO - Filling up the DagBag from /opt/airflow/dags/sensor_airflow_consumer.py
[2024-12-27T00:01:30.411+0000] {processor.py:840} INFO - DAG(s) 'sensor_data_consumer' retrieved from /opt/airflow/dags/sensor_airflow_consumer.py
[2024-12-27T00:01:30.430+0000] {logging_mixin.py:188} INFO - [2024-12-27T00:01:30.430+0000] {dag.py:3089} INFO - Sync 1 DAGs
[2024-12-27T00:01:30.446+0000] {logging_mixin.py:188} INFO - [2024-12-27T00:01:30.446+0000] {dag.py:3947} INFO - Setting next_dagrun for sensor_data_consumer to 2025-01-01 00:00:00+00:00, run_after=2026-01-01 00:00:00+00:00
[2024-12-27T00:01:30.462+0000] {processor.py:183} INFO - Processing /opt/airflow/dags/sensor_airflow_consumer.py took 0.388 seconds
[2024-12-27T00:02:00.531+0000] {processor.py:161} INFO - Started process (PID=21433) to work on /opt/airflow/dags/sensor_airflow_consumer.py
[2024-12-27T00:02:00.532+0000] {processor.py:830} INFO - Processing file /opt/airflow/dags/sensor_airflow_consumer.py for tasks to queue
[2024-12-27T00:02:00.533+0000] {logging_mixin.py:188} INFO - [2024-12-27T00:02:00.532+0000] {dagbag.py:545} INFO - Filling up the DagBag from /opt/airflow/dags/sensor_airflow_consumer.py
[2024-12-27T00:02:00.951+0000] {processor.py:840} INFO - DAG(s) 'sensor_data_consumer' retrieved from /opt/airflow/dags/sensor_airflow_consumer.py
[2024-12-27T00:02:00.977+0000] {logging_mixin.py:188} INFO - [2024-12-27T00:02:00.976+0000] {dag.py:3089} INFO - Sync 1 DAGs
[2024-12-27T00:02:00.996+0000] {logging_mixin.py:188} INFO - [2024-12-27T00:02:00.995+0000] {dag.py:3947} INFO - Setting next_dagrun for sensor_data_consumer to 2025-01-01 00:00:00+00:00, run_after=2026-01-01 00:00:00+00:00
[2024-12-27T00:02:01.018+0000] {processor.py:183} INFO - Processing /opt/airflow/dags/sensor_airflow_consumer.py took 0.493 seconds
[2024-12-27T00:02:31.732+0000] {processor.py:161} INFO - Started process (PID=21454) to work on /opt/airflow/dags/sensor_airflow_consumer.py
[2024-12-27T00:02:31.733+0000] {processor.py:830} INFO - Processing file /opt/airflow/dags/sensor_airflow_consumer.py for tasks to queue
[2024-12-27T00:02:31.734+0000] {logging_mixin.py:188} INFO - [2024-12-27T00:02:31.733+0000] {dagbag.py:545} INFO - Filling up the DagBag from /opt/airflow/dags/sensor_airflow_consumer.py
[2024-12-27T00:02:32.067+0000] {processor.py:840} INFO - DAG(s) 'sensor_data_consumer' retrieved from /opt/airflow/dags/sensor_airflow_consumer.py
[2024-12-27T00:02:32.084+0000] {logging_mixin.py:188} INFO - [2024-12-27T00:02:32.084+0000] {dag.py:3089} INFO - Sync 1 DAGs
[2024-12-27T00:02:32.100+0000] {logging_mixin.py:188} INFO - [2024-12-27T00:02:32.100+0000] {dag.py:3947} INFO - Setting next_dagrun for sensor_data_consumer to 2025-01-01 00:00:00+00:00, run_after=2026-01-01 00:00:00+00:00
[2024-12-27T00:02:32.117+0000] {processor.py:183} INFO - Processing /opt/airflow/dags/sensor_airflow_consumer.py took 0.391 seconds
[2024-12-27T00:03:02.328+0000] {processor.py:161} INFO - Started process (PID=21475) to work on /opt/airflow/dags/sensor_airflow_consumer.py
[2024-12-27T00:03:02.329+0000] {processor.py:830} INFO - Processing file /opt/airflow/dags/sensor_airflow_consumer.py for tasks to queue
[2024-12-27T00:03:02.330+0000] {logging_mixin.py:188} INFO - [2024-12-27T00:03:02.330+0000] {dagbag.py:545} INFO - Filling up the DagBag from /opt/airflow/dags/sensor_airflow_consumer.py
[2024-12-27T00:03:02.722+0000] {processor.py:840} INFO - DAG(s) 'sensor_data_consumer' retrieved from /opt/airflow/dags/sensor_airflow_consumer.py
[2024-12-27T00:03:02.751+0000] {logging_mixin.py:188} INFO - [2024-12-27T00:03:02.751+0000] {dag.py:3089} INFO - Sync 1 DAGs
[2024-12-27T00:03:02.780+0000] {logging_mixin.py:188} INFO - [2024-12-27T00:03:02.779+0000] {dag.py:3947} INFO - Setting next_dagrun for sensor_data_consumer to 2025-01-01 00:00:00+00:00, run_after=2026-01-01 00:00:00+00:00
[2024-12-27T00:03:02.804+0000] {processor.py:183} INFO - Processing /opt/airflow/dags/sensor_airflow_consumer.py took 0.483 seconds
[2024-12-27T00:03:32.923+0000] {processor.py:161} INFO - Started process (PID=21496) to work on /opt/airflow/dags/sensor_airflow_consumer.py
[2024-12-27T00:03:32.923+0000] {processor.py:830} INFO - Processing file /opt/airflow/dags/sensor_airflow_consumer.py for tasks to queue
[2024-12-27T00:03:32.924+0000] {logging_mixin.py:188} INFO - [2024-12-27T00:03:32.924+0000] {dagbag.py:545} INFO - Filling up the DagBag from /opt/airflow/dags/sensor_airflow_consumer.py
[2024-12-27T00:03:33.233+0000] {processor.py:840} INFO - DAG(s) 'sensor_data_consumer' retrieved from /opt/airflow/dags/sensor_airflow_consumer.py
[2024-12-27T00:03:33.251+0000] {logging_mixin.py:188} INFO - [2024-12-27T00:03:33.251+0000] {dag.py:3089} INFO - Sync 1 DAGs
[2024-12-27T00:03:33.269+0000] {logging_mixin.py:188} INFO - [2024-12-27T00:03:33.268+0000] {dag.py:3947} INFO - Setting next_dagrun for sensor_data_consumer to 2025-01-01 00:00:00+00:00, run_after=2026-01-01 00:00:00+00:00
[2024-12-27T00:03:33.285+0000] {processor.py:183} INFO - Processing /opt/airflow/dags/sensor_airflow_consumer.py took 0.367 seconds
[2024-12-27T00:04:04.118+0000] {processor.py:161} INFO - Started process (PID=21517) to work on /opt/airflow/dags/sensor_airflow_consumer.py
[2024-12-27T00:04:04.119+0000] {processor.py:830} INFO - Processing file /opt/airflow/dags/sensor_airflow_consumer.py for tasks to queue
[2024-12-27T00:04:04.120+0000] {logging_mixin.py:188} INFO - [2024-12-27T00:04:04.119+0000] {dagbag.py:545} INFO - Filling up the DagBag from /opt/airflow/dags/sensor_airflow_consumer.py
[2024-12-27T00:04:04.478+0000] {processor.py:840} INFO - DAG(s) 'sensor_data_consumer' retrieved from /opt/airflow/dags/sensor_airflow_consumer.py
[2024-12-27T00:04:04.496+0000] {logging_mixin.py:188} INFO - [2024-12-27T00:04:04.495+0000] {dag.py:3089} INFO - Sync 1 DAGs
[2024-12-27T00:04:04.512+0000] {logging_mixin.py:188} INFO - [2024-12-27T00:04:04.511+0000] {dag.py:3947} INFO - Setting next_dagrun for sensor_data_consumer to 2025-01-01 00:00:00+00:00, run_after=2026-01-01 00:00:00+00:00
[2024-12-27T00:04:04.526+0000] {processor.py:183} INFO - Processing /opt/airflow/dags/sensor_airflow_consumer.py took 0.415 seconds
[2024-12-27T00:04:34.657+0000] {processor.py:161} INFO - Started process (PID=21538) to work on /opt/airflow/dags/sensor_airflow_consumer.py
[2024-12-27T00:04:34.657+0000] {processor.py:830} INFO - Processing file /opt/airflow/dags/sensor_airflow_consumer.py for tasks to queue
[2024-12-27T00:04:34.658+0000] {logging_mixin.py:188} INFO - [2024-12-27T00:04:34.658+0000] {dagbag.py:545} INFO - Filling up the DagBag from /opt/airflow/dags/sensor_airflow_consumer.py
[2024-12-27T00:04:35.015+0000] {processor.py:840} INFO - DAG(s) 'sensor_data_consumer' retrieved from /opt/airflow/dags/sensor_airflow_consumer.py
[2024-12-27T00:04:35.036+0000] {logging_mixin.py:188} INFO - [2024-12-27T00:04:35.036+0000] {dag.py:3089} INFO - Sync 1 DAGs
[2024-12-27T00:04:35.057+0000] {logging_mixin.py:188} INFO - [2024-12-27T00:04:35.057+0000] {dag.py:3947} INFO - Setting next_dagrun for sensor_data_consumer to 2025-01-01 00:00:00+00:00, run_after=2026-01-01 00:00:00+00:00
[2024-12-27T00:04:35.075+0000] {processor.py:183} INFO - Processing /opt/airflow/dags/sensor_airflow_consumer.py took 0.424 seconds
[2024-12-27T00:05:05.841+0000] {processor.py:161} INFO - Started process (PID=21559) to work on /opt/airflow/dags/sensor_airflow_consumer.py
[2024-12-27T00:05:05.842+0000] {processor.py:830} INFO - Processing file /opt/airflow/dags/sensor_airflow_consumer.py for tasks to queue
[2024-12-27T00:05:05.843+0000] {logging_mixin.py:188} INFO - [2024-12-27T00:05:05.842+0000] {dagbag.py:545} INFO - Filling up the DagBag from /opt/airflow/dags/sensor_airflow_consumer.py
[2024-12-27T00:05:06.295+0000] {processor.py:840} INFO - DAG(s) 'sensor_data_consumer' retrieved from /opt/airflow/dags/sensor_airflow_consumer.py
[2024-12-27T00:05:06.313+0000] {logging_mixin.py:188} INFO - [2024-12-27T00:05:06.312+0000] {dag.py:3089} INFO - Sync 1 DAGs
[2024-12-27T00:05:06.328+0000] {logging_mixin.py:188} INFO - [2024-12-27T00:05:06.328+0000] {dag.py:3947} INFO - Setting next_dagrun for sensor_data_consumer to 2025-01-01 00:00:00+00:00, run_after=2026-01-01 00:00:00+00:00
[2024-12-27T00:05:06.342+0000] {processor.py:183} INFO - Processing /opt/airflow/dags/sensor_airflow_consumer.py took 0.506 seconds
[2024-12-27T00:05:37.160+0000] {processor.py:161} INFO - Started process (PID=21580) to work on /opt/airflow/dags/sensor_airflow_consumer.py
[2024-12-27T00:05:37.161+0000] {processor.py:830} INFO - Processing file /opt/airflow/dags/sensor_airflow_consumer.py for tasks to queue
[2024-12-27T00:05:37.162+0000] {logging_mixin.py:188} INFO - [2024-12-27T00:05:37.162+0000] {dagbag.py:545} INFO - Filling up the DagBag from /opt/airflow/dags/sensor_airflow_consumer.py
[2024-12-27T00:05:37.485+0000] {processor.py:840} INFO - DAG(s) 'sensor_data_consumer' retrieved from /opt/airflow/dags/sensor_airflow_consumer.py
[2024-12-27T00:05:37.505+0000] {logging_mixin.py:188} INFO - [2024-12-27T00:05:37.505+0000] {dag.py:3089} INFO - Sync 1 DAGs
[2024-12-27T00:05:37.521+0000] {logging_mixin.py:188} INFO - [2024-12-27T00:05:37.521+0000] {dag.py:3947} INFO - Setting next_dagrun for sensor_data_consumer to 2025-01-01 00:00:00+00:00, run_after=2026-01-01 00:00:00+00:00
[2024-12-27T00:05:37.562+0000] {processor.py:183} INFO - Processing /opt/airflow/dags/sensor_airflow_consumer.py took 0.408 seconds
[2024-12-27T00:06:07.848+0000] {processor.py:161} INFO - Started process (PID=21601) to work on /opt/airflow/dags/sensor_airflow_consumer.py
[2024-12-27T00:06:07.849+0000] {processor.py:830} INFO - Processing file /opt/airflow/dags/sensor_airflow_consumer.py for tasks to queue
[2024-12-27T00:06:07.850+0000] {logging_mixin.py:188} INFO - [2024-12-27T00:06:07.849+0000] {dagbag.py:545} INFO - Filling up the DagBag from /opt/airflow/dags/sensor_airflow_consumer.py
[2024-12-27T00:06:08.200+0000] {processor.py:840} INFO - DAG(s) 'sensor_data_consumer' retrieved from /opt/airflow/dags/sensor_airflow_consumer.py
[2024-12-27T00:06:08.218+0000] {logging_mixin.py:188} INFO - [2024-12-27T00:06:08.218+0000] {dag.py:3089} INFO - Sync 1 DAGs
[2024-12-27T00:06:08.235+0000] {logging_mixin.py:188} INFO - [2024-12-27T00:06:08.235+0000] {dag.py:3947} INFO - Setting next_dagrun for sensor_data_consumer to 2025-01-01 00:00:00+00:00, run_after=2026-01-01 00:00:00+00:00
[2024-12-27T00:06:08.253+0000] {processor.py:183} INFO - Processing /opt/airflow/dags/sensor_airflow_consumer.py took 0.410 seconds
[2024-12-27T00:06:38.386+0000] {processor.py:161} INFO - Started process (PID=21622) to work on /opt/airflow/dags/sensor_airflow_consumer.py
[2024-12-27T00:06:38.387+0000] {processor.py:830} INFO - Processing file /opt/airflow/dags/sensor_airflow_consumer.py for tasks to queue
[2024-12-27T00:06:38.388+0000] {logging_mixin.py:188} INFO - [2024-12-27T00:06:38.387+0000] {dagbag.py:545} INFO - Filling up the DagBag from /opt/airflow/dags/sensor_airflow_consumer.py
[2024-12-27T00:06:38.746+0000] {processor.py:840} INFO - DAG(s) 'sensor_data_consumer' retrieved from /opt/airflow/dags/sensor_airflow_consumer.py
[2024-12-27T00:06:38.772+0000] {logging_mixin.py:188} INFO - [2024-12-27T00:06:38.772+0000] {dag.py:3089} INFO - Sync 1 DAGs
[2024-12-27T00:06:38.791+0000] {logging_mixin.py:188} INFO - [2024-12-27T00:06:38.791+0000] {dag.py:3947} INFO - Setting next_dagrun for sensor_data_consumer to 2025-01-01 00:00:00+00:00, run_after=2026-01-01 00:00:00+00:00
[2024-12-27T00:06:38.806+0000] {processor.py:183} INFO - Processing /opt/airflow/dags/sensor_airflow_consumer.py took 0.425 seconds
[2024-12-27T00:07:08.884+0000] {processor.py:161} INFO - Started process (PID=21643) to work on /opt/airflow/dags/sensor_airflow_consumer.py
[2024-12-27T00:07:08.884+0000] {processor.py:830} INFO - Processing file /opt/airflow/dags/sensor_airflow_consumer.py for tasks to queue
[2024-12-27T00:07:08.885+0000] {logging_mixin.py:188} INFO - [2024-12-27T00:07:08.885+0000] {dagbag.py:545} INFO - Filling up the DagBag from /opt/airflow/dags/sensor_airflow_consumer.py
[2024-12-27T00:07:09.256+0000] {processor.py:840} INFO - DAG(s) 'sensor_data_consumer' retrieved from /opt/airflow/dags/sensor_airflow_consumer.py
[2024-12-27T00:07:09.276+0000] {logging_mixin.py:188} INFO - [2024-12-27T00:07:09.276+0000] {dag.py:3089} INFO - Sync 1 DAGs
[2024-12-27T00:07:09.293+0000] {logging_mixin.py:188} INFO - [2024-12-27T00:07:09.293+0000] {dag.py:3947} INFO - Setting next_dagrun for sensor_data_consumer to 2025-01-01 00:00:00+00:00, run_after=2026-01-01 00:00:00+00:00
[2024-12-27T00:07:09.310+0000] {processor.py:183} INFO - Processing /opt/airflow/dags/sensor_airflow_consumer.py took 0.432 seconds
[2024-12-27T00:07:40.075+0000] {processor.py:161} INFO - Started process (PID=21664) to work on /opt/airflow/dags/sensor_airflow_consumer.py
[2024-12-27T00:07:40.076+0000] {processor.py:830} INFO - Processing file /opt/airflow/dags/sensor_airflow_consumer.py for tasks to queue
[2024-12-27T00:07:40.076+0000] {logging_mixin.py:188} INFO - [2024-12-27T00:07:40.076+0000] {dagbag.py:545} INFO - Filling up the DagBag from /opt/airflow/dags/sensor_airflow_consumer.py
[2024-12-27T00:07:40.384+0000] {processor.py:840} INFO - DAG(s) 'sensor_data_consumer' retrieved from /opt/airflow/dags/sensor_airflow_consumer.py
[2024-12-27T00:07:40.414+0000] {logging_mixin.py:188} INFO - [2024-12-27T00:07:40.414+0000] {dag.py:3089} INFO - Sync 1 DAGs
[2024-12-27T00:07:40.431+0000] {logging_mixin.py:188} INFO - [2024-12-27T00:07:40.431+0000] {dag.py:3947} INFO - Setting next_dagrun for sensor_data_consumer to 2025-01-01 00:00:00+00:00, run_after=2026-01-01 00:00:00+00:00
[2024-12-27T00:07:40.447+0000] {processor.py:183} INFO - Processing /opt/airflow/dags/sensor_airflow_consumer.py took 0.377 seconds
[2024-12-27T00:08:10.726+0000] {processor.py:161} INFO - Started process (PID=21685) to work on /opt/airflow/dags/sensor_airflow_consumer.py
[2024-12-27T00:08:10.727+0000] {processor.py:830} INFO - Processing file /opt/airflow/dags/sensor_airflow_consumer.py for tasks to queue
[2024-12-27T00:08:10.728+0000] {logging_mixin.py:188} INFO - [2024-12-27T00:08:10.728+0000] {dagbag.py:545} INFO - Filling up the DagBag from /opt/airflow/dags/sensor_airflow_consumer.py
[2024-12-27T00:08:11.046+0000] {processor.py:840} INFO - DAG(s) 'sensor_data_consumer' retrieved from /opt/airflow/dags/sensor_airflow_consumer.py
[2024-12-27T00:08:11.063+0000] {logging_mixin.py:188} INFO - [2024-12-27T00:08:11.063+0000] {dag.py:3089} INFO - Sync 1 DAGs
[2024-12-27T00:08:11.079+0000] {logging_mixin.py:188} INFO - [2024-12-27T00:08:11.079+0000] {dag.py:3947} INFO - Setting next_dagrun for sensor_data_consumer to 2025-01-01 00:00:00+00:00, run_after=2026-01-01 00:00:00+00:00
[2024-12-27T00:08:11.094+0000] {processor.py:183} INFO - Processing /opt/airflow/dags/sensor_airflow_consumer.py took 0.373 seconds
[2024-12-27T00:08:41.384+0000] {processor.py:161} INFO - Started process (PID=21706) to work on /opt/airflow/dags/sensor_airflow_consumer.py
[2024-12-27T00:08:41.384+0000] {processor.py:830} INFO - Processing file /opt/airflow/dags/sensor_airflow_consumer.py for tasks to queue
[2024-12-27T00:08:41.385+0000] {logging_mixin.py:188} INFO - [2024-12-27T00:08:41.385+0000] {dagbag.py:545} INFO - Filling up the DagBag from /opt/airflow/dags/sensor_airflow_consumer.py
[2024-12-27T00:08:41.706+0000] {processor.py:840} INFO - DAG(s) 'sensor_data_consumer' retrieved from /opt/airflow/dags/sensor_airflow_consumer.py
[2024-12-27T00:08:41.723+0000] {logging_mixin.py:188} INFO - [2024-12-27T00:08:41.723+0000] {dag.py:3089} INFO - Sync 1 DAGs
[2024-12-27T00:08:41.740+0000] {logging_mixin.py:188} INFO - [2024-12-27T00:08:41.739+0000] {dag.py:3947} INFO - Setting next_dagrun for sensor_data_consumer to 2025-01-01 00:00:00+00:00, run_after=2026-01-01 00:00:00+00:00
[2024-12-27T00:08:41.757+0000] {processor.py:183} INFO - Processing /opt/airflow/dags/sensor_airflow_consumer.py took 0.378 seconds
[2024-12-27T00:09:11.988+0000] {processor.py:161} INFO - Started process (PID=21728) to work on /opt/airflow/dags/sensor_airflow_consumer.py
[2024-12-27T00:09:11.989+0000] {processor.py:830} INFO - Processing file /opt/airflow/dags/sensor_airflow_consumer.py for tasks to queue
[2024-12-27T00:09:11.989+0000] {logging_mixin.py:188} INFO - [2024-12-27T00:09:11.989+0000] {dagbag.py:545} INFO - Filling up the DagBag from /opt/airflow/dags/sensor_airflow_consumer.py
[2024-12-27T00:09:12.328+0000] {processor.py:840} INFO - DAG(s) 'sensor_data_consumer' retrieved from /opt/airflow/dags/sensor_airflow_consumer.py
[2024-12-27T00:09:12.348+0000] {logging_mixin.py:188} INFO - [2024-12-27T00:09:12.348+0000] {dag.py:3089} INFO - Sync 1 DAGs
[2024-12-27T00:09:12.364+0000] {logging_mixin.py:188} INFO - [2024-12-27T00:09:12.364+0000] {dag.py:3947} INFO - Setting next_dagrun for sensor_data_consumer to 2025-01-01 00:00:00+00:00, run_after=2026-01-01 00:00:00+00:00
[2024-12-27T00:09:12.399+0000] {processor.py:183} INFO - Processing /opt/airflow/dags/sensor_airflow_consumer.py took 0.416 seconds
[2024-12-27T00:09:42.661+0000] {processor.py:161} INFO - Started process (PID=21749) to work on /opt/airflow/dags/sensor_airflow_consumer.py
[2024-12-27T00:09:42.662+0000] {processor.py:830} INFO - Processing file /opt/airflow/dags/sensor_airflow_consumer.py for tasks to queue
[2024-12-27T00:09:42.663+0000] {logging_mixin.py:188} INFO - [2024-12-27T00:09:42.662+0000] {dagbag.py:545} INFO - Filling up the DagBag from /opt/airflow/dags/sensor_airflow_consumer.py
[2024-12-27T00:09:42.974+0000] {processor.py:840} INFO - DAG(s) 'sensor_data_consumer' retrieved from /opt/airflow/dags/sensor_airflow_consumer.py
[2024-12-27T00:09:42.990+0000] {logging_mixin.py:188} INFO - [2024-12-27T00:09:42.990+0000] {dag.py:3089} INFO - Sync 1 DAGs
[2024-12-27T00:09:43.007+0000] {logging_mixin.py:188} INFO - [2024-12-27T00:09:43.007+0000] {dag.py:3947} INFO - Setting next_dagrun for sensor_data_consumer to 2025-01-01 00:00:00+00:00, run_after=2026-01-01 00:00:00+00:00
[2024-12-27T00:09:43.021+0000] {processor.py:183} INFO - Processing /opt/airflow/dags/sensor_airflow_consumer.py took 0.365 seconds
[2024-12-27T00:10:13.300+0000] {processor.py:161} INFO - Started process (PID=21769) to work on /opt/airflow/dags/sensor_airflow_consumer.py
[2024-12-27T00:10:13.300+0000] {processor.py:830} INFO - Processing file /opt/airflow/dags/sensor_airflow_consumer.py for tasks to queue
[2024-12-27T00:10:13.301+0000] {logging_mixin.py:188} INFO - [2024-12-27T00:10:13.301+0000] {dagbag.py:545} INFO - Filling up the DagBag from /opt/airflow/dags/sensor_airflow_consumer.py
[2024-12-27T00:10:13.640+0000] {processor.py:840} INFO - DAG(s) 'sensor_data_consumer' retrieved from /opt/airflow/dags/sensor_airflow_consumer.py
[2024-12-27T00:10:13.657+0000] {logging_mixin.py:188} INFO - [2024-12-27T00:10:13.657+0000] {dag.py:3089} INFO - Sync 1 DAGs
[2024-12-27T00:10:13.673+0000] {logging_mixin.py:188} INFO - [2024-12-27T00:10:13.673+0000] {dag.py:3947} INFO - Setting next_dagrun for sensor_data_consumer to 2025-01-01 00:00:00+00:00, run_after=2026-01-01 00:00:00+00:00
[2024-12-27T00:10:13.689+0000] {processor.py:183} INFO - Processing /opt/airflow/dags/sensor_airflow_consumer.py took 0.395 seconds
[2024-12-27T00:10:43.954+0000] {processor.py:161} INFO - Started process (PID=21790) to work on /opt/airflow/dags/sensor_airflow_consumer.py
[2024-12-27T00:10:43.954+0000] {processor.py:830} INFO - Processing file /opt/airflow/dags/sensor_airflow_consumer.py for tasks to queue
[2024-12-27T00:10:43.955+0000] {logging_mixin.py:188} INFO - [2024-12-27T00:10:43.955+0000] {dagbag.py:545} INFO - Filling up the DagBag from /opt/airflow/dags/sensor_airflow_consumer.py
[2024-12-27T00:10:44.347+0000] {processor.py:840} INFO - DAG(s) 'sensor_data_consumer' retrieved from /opt/airflow/dags/sensor_airflow_consumer.py
[2024-12-27T00:10:44.363+0000] {logging_mixin.py:188} INFO - [2024-12-27T00:10:44.363+0000] {dag.py:3089} INFO - Sync 1 DAGs
[2024-12-27T00:10:44.381+0000] {logging_mixin.py:188} INFO - [2024-12-27T00:10:44.381+0000] {dag.py:3947} INFO - Setting next_dagrun for sensor_data_consumer to 2025-01-01 00:00:00+00:00, run_after=2026-01-01 00:00:00+00:00
[2024-12-27T00:10:44.397+0000] {processor.py:183} INFO - Processing /opt/airflow/dags/sensor_airflow_consumer.py took 0.448 seconds
[2024-12-27T00:11:14.671+0000] {processor.py:161} INFO - Started process (PID=21811) to work on /opt/airflow/dags/sensor_airflow_consumer.py
[2024-12-27T00:11:14.677+0000] {processor.py:830} INFO - Processing file /opt/airflow/dags/sensor_airflow_consumer.py for tasks to queue
[2024-12-27T00:11:14.681+0000] {logging_mixin.py:188} INFO - [2024-12-27T00:11:14.679+0000] {dagbag.py:545} INFO - Filling up the DagBag from /opt/airflow/dags/sensor_airflow_consumer.py
[2024-12-27T00:11:15.166+0000] {processor.py:840} INFO - DAG(s) 'sensor_data_consumer' retrieved from /opt/airflow/dags/sensor_airflow_consumer.py
[2024-12-27T00:11:15.186+0000] {logging_mixin.py:188} INFO - [2024-12-27T00:11:15.186+0000] {dag.py:3089} INFO - Sync 1 DAGs
[2024-12-27T00:11:15.205+0000] {logging_mixin.py:188} INFO - [2024-12-27T00:11:15.204+0000] {dag.py:3947} INFO - Setting next_dagrun for sensor_data_consumer to 2025-01-01 00:00:00+00:00, run_after=2026-01-01 00:00:00+00:00
[2024-12-27T00:11:15.230+0000] {processor.py:183} INFO - Processing /opt/airflow/dags/sensor_airflow_consumer.py took 0.566 seconds
[2024-12-27T00:11:45.621+0000] {processor.py:161} INFO - Started process (PID=21833) to work on /opt/airflow/dags/sensor_airflow_consumer.py
[2024-12-27T00:11:45.622+0000] {processor.py:830} INFO - Processing file /opt/airflow/dags/sensor_airflow_consumer.py for tasks to queue
[2024-12-27T00:11:45.622+0000] {logging_mixin.py:188} INFO - [2024-12-27T00:11:45.622+0000] {dagbag.py:545} INFO - Filling up the DagBag from /opt/airflow/dags/sensor_airflow_consumer.py
[2024-12-27T00:11:46.011+0000] {processor.py:840} INFO - DAG(s) 'sensor_data_consumer' retrieved from /opt/airflow/dags/sensor_airflow_consumer.py
[2024-12-27T00:11:46.029+0000] {logging_mixin.py:188} INFO - [2024-12-27T00:11:46.029+0000] {dag.py:3089} INFO - Sync 1 DAGs
[2024-12-27T00:11:46.046+0000] {logging_mixin.py:188} INFO - [2024-12-27T00:11:46.046+0000] {dag.py:3947} INFO - Setting next_dagrun for sensor_data_consumer to 2025-01-01 00:00:00+00:00, run_after=2026-01-01 00:00:00+00:00
[2024-12-27T00:11:46.063+0000] {processor.py:183} INFO - Processing /opt/airflow/dags/sensor_airflow_consumer.py took 0.448 seconds
[2024-12-27T00:12:16.223+0000] {processor.py:161} INFO - Started process (PID=21854) to work on /opt/airflow/dags/sensor_airflow_consumer.py
[2024-12-27T00:12:16.224+0000] {processor.py:830} INFO - Processing file /opt/airflow/dags/sensor_airflow_consumer.py for tasks to queue
[2024-12-27T00:12:16.225+0000] {logging_mixin.py:188} INFO - [2024-12-27T00:12:16.225+0000] {dagbag.py:545} INFO - Filling up the DagBag from /opt/airflow/dags/sensor_airflow_consumer.py
[2024-12-27T00:12:16.656+0000] {processor.py:840} INFO - DAG(s) 'sensor_data_consumer' retrieved from /opt/airflow/dags/sensor_airflow_consumer.py
[2024-12-27T00:12:16.673+0000] {logging_mixin.py:188} INFO - [2024-12-27T00:12:16.673+0000] {dag.py:3089} INFO - Sync 1 DAGs
[2024-12-27T00:12:16.689+0000] {logging_mixin.py:188} INFO - [2024-12-27T00:12:16.689+0000] {dag.py:3947} INFO - Setting next_dagrun for sensor_data_consumer to 2025-01-01 00:00:00+00:00, run_after=2026-01-01 00:00:00+00:00
[2024-12-27T00:12:16.711+0000] {processor.py:183} INFO - Processing /opt/airflow/dags/sensor_airflow_consumer.py took 0.494 seconds
[2024-12-27T00:12:47.456+0000] {processor.py:161} INFO - Started process (PID=21875) to work on /opt/airflow/dags/sensor_airflow_consumer.py
[2024-12-27T00:12:47.457+0000] {processor.py:830} INFO - Processing file /opt/airflow/dags/sensor_airflow_consumer.py for tasks to queue
[2024-12-27T00:12:47.458+0000] {logging_mixin.py:188} INFO - [2024-12-27T00:12:47.458+0000] {dagbag.py:545} INFO - Filling up the DagBag from /opt/airflow/dags/sensor_airflow_consumer.py
[2024-12-27T00:12:47.799+0000] {processor.py:840} INFO - DAG(s) 'sensor_data_consumer' retrieved from /opt/airflow/dags/sensor_airflow_consumer.py
[2024-12-27T00:12:47.816+0000] {logging_mixin.py:188} INFO - [2024-12-27T00:12:47.816+0000] {dag.py:3089} INFO - Sync 1 DAGs
[2024-12-27T00:12:47.833+0000] {logging_mixin.py:188} INFO - [2024-12-27T00:12:47.833+0000] {dag.py:3947} INFO - Setting next_dagrun for sensor_data_consumer to 2025-01-01 00:00:00+00:00, run_after=2026-01-01 00:00:00+00:00
[2024-12-27T00:12:47.857+0000] {processor.py:183} INFO - Processing /opt/airflow/dags/sensor_airflow_consumer.py took 0.406 seconds
[2024-12-27T00:13:18.320+0000] {processor.py:161} INFO - Started process (PID=21896) to work on /opt/airflow/dags/sensor_airflow_consumer.py
[2024-12-27T00:13:18.321+0000] {processor.py:830} INFO - Processing file /opt/airflow/dags/sensor_airflow_consumer.py for tasks to queue
[2024-12-27T00:13:18.322+0000] {logging_mixin.py:188} INFO - [2024-12-27T00:13:18.321+0000] {dagbag.py:545} INFO - Filling up the DagBag from /opt/airflow/dags/sensor_airflow_consumer.py
[2024-12-27T00:13:18.905+0000] {processor.py:840} INFO - DAG(s) 'sensor_data_consumer' retrieved from /opt/airflow/dags/sensor_airflow_consumer.py
[2024-12-27T00:13:18.930+0000] {logging_mixin.py:188} INFO - [2024-12-27T00:13:18.930+0000] {dag.py:3089} INFO - Sync 1 DAGs
[2024-12-27T00:13:18.955+0000] {logging_mixin.py:188} INFO - [2024-12-27T00:13:18.954+0000] {dag.py:3947} INFO - Setting next_dagrun for sensor_data_consumer to 2025-01-01 00:00:00+00:00, run_after=2026-01-01 00:00:00+00:00
[2024-12-27T00:13:18.980+0000] {processor.py:183} INFO - Processing /opt/airflow/dags/sensor_airflow_consumer.py took 0.666 seconds
[2024-12-27T00:13:49.950+0000] {processor.py:161} INFO - Started process (PID=21920) to work on /opt/airflow/dags/sensor_airflow_consumer.py
[2024-12-27T00:13:49.951+0000] {processor.py:830} INFO - Processing file /opt/airflow/dags/sensor_airflow_consumer.py for tasks to queue
[2024-12-27T00:13:49.952+0000] {logging_mixin.py:188} INFO - [2024-12-27T00:13:49.952+0000] {dagbag.py:545} INFO - Filling up the DagBag from /opt/airflow/dags/sensor_airflow_consumer.py
[2024-12-27T00:13:50.379+0000] {processor.py:840} INFO - DAG(s) 'sensor_data_consumer' retrieved from /opt/airflow/dags/sensor_airflow_consumer.py
[2024-12-27T00:13:50.404+0000] {logging_mixin.py:188} INFO - [2024-12-27T00:13:50.403+0000] {dag.py:3089} INFO - Sync 1 DAGs
[2024-12-27T00:13:50.424+0000] {logging_mixin.py:188} INFO - [2024-12-27T00:13:50.424+0000] {dag.py:3947} INFO - Setting next_dagrun for sensor_data_consumer to 2025-01-01 00:00:00+00:00, run_after=2026-01-01 00:00:00+00:00
[2024-12-27T00:13:50.445+0000] {processor.py:183} INFO - Processing /opt/airflow/dags/sensor_airflow_consumer.py took 0.500 seconds
[2024-12-27T00:14:20.680+0000] {processor.py:161} INFO - Started process (PID=21941) to work on /opt/airflow/dags/sensor_airflow_consumer.py
[2024-12-27T00:14:20.681+0000] {processor.py:830} INFO - Processing file /opt/airflow/dags/sensor_airflow_consumer.py for tasks to queue
[2024-12-27T00:14:20.682+0000] {logging_mixin.py:188} INFO - [2024-12-27T00:14:20.682+0000] {dagbag.py:545} INFO - Filling up the DagBag from /opt/airflow/dags/sensor_airflow_consumer.py
[2024-12-27T00:14:21.099+0000] {processor.py:840} INFO - DAG(s) 'sensor_data_consumer' retrieved from /opt/airflow/dags/sensor_airflow_consumer.py
[2024-12-27T00:14:21.121+0000] {logging_mixin.py:188} INFO - [2024-12-27T00:14:21.121+0000] {dag.py:3089} INFO - Sync 1 DAGs
[2024-12-27T00:14:21.144+0000] {logging_mixin.py:188} INFO - [2024-12-27T00:14:21.144+0000] {dag.py:3947} INFO - Setting next_dagrun for sensor_data_consumer to 2025-01-01 00:00:00+00:00, run_after=2026-01-01 00:00:00+00:00
[2024-12-27T00:14:21.169+0000] {processor.py:183} INFO - Processing /opt/airflow/dags/sensor_airflow_consumer.py took 0.495 seconds
[2024-12-27T00:14:51.407+0000] {processor.py:161} INFO - Started process (PID=21962) to work on /opt/airflow/dags/sensor_airflow_consumer.py
[2024-12-27T00:14:51.407+0000] {processor.py:830} INFO - Processing file /opt/airflow/dags/sensor_airflow_consumer.py for tasks to queue
[2024-12-27T00:14:51.408+0000] {logging_mixin.py:188} INFO - [2024-12-27T00:14:51.408+0000] {dagbag.py:545} INFO - Filling up the DagBag from /opt/airflow/dags/sensor_airflow_consumer.py
[2024-12-27T00:14:51.773+0000] {processor.py:840} INFO - DAG(s) 'sensor_data_consumer' retrieved from /opt/airflow/dags/sensor_airflow_consumer.py
[2024-12-27T00:14:51.798+0000] {logging_mixin.py:188} INFO - [2024-12-27T00:14:51.798+0000] {dag.py:3089} INFO - Sync 1 DAGs
[2024-12-27T00:14:51.819+0000] {logging_mixin.py:188} INFO - [2024-12-27T00:14:51.819+0000] {dag.py:3947} INFO - Setting next_dagrun for sensor_data_consumer to 2025-01-01 00:00:00+00:00, run_after=2026-01-01 00:00:00+00:00
[2024-12-27T00:14:51.838+0000] {processor.py:183} INFO - Processing /opt/airflow/dags/sensor_airflow_consumer.py took 0.438 seconds
[2024-12-27T00:15:22.053+0000] {processor.py:161} INFO - Started process (PID=21983) to work on /opt/airflow/dags/sensor_airflow_consumer.py
[2024-12-27T00:15:22.054+0000] {processor.py:830} INFO - Processing file /opt/airflow/dags/sensor_airflow_consumer.py for tasks to queue
[2024-12-27T00:15:22.054+0000] {logging_mixin.py:188} INFO - [2024-12-27T00:15:22.054+0000] {dagbag.py:545} INFO - Filling up the DagBag from /opt/airflow/dags/sensor_airflow_consumer.py
[2024-12-27T00:15:22.436+0000] {processor.py:840} INFO - DAG(s) 'sensor_data_consumer' retrieved from /opt/airflow/dags/sensor_airflow_consumer.py
[2024-12-27T00:15:22.457+0000] {logging_mixin.py:188} INFO - [2024-12-27T00:15:22.456+0000] {dag.py:3089} INFO - Sync 1 DAGs
[2024-12-27T00:15:22.473+0000] {logging_mixin.py:188} INFO - [2024-12-27T00:15:22.473+0000] {dag.py:3947} INFO - Setting next_dagrun for sensor_data_consumer to 2025-01-01 00:00:00+00:00, run_after=2026-01-01 00:00:00+00:00
[2024-12-27T00:15:22.490+0000] {processor.py:183} INFO - Processing /opt/airflow/dags/sensor_airflow_consumer.py took 0.443 seconds
[2024-12-27T00:15:52.718+0000] {processor.py:161} INFO - Started process (PID=22006) to work on /opt/airflow/dags/sensor_airflow_consumer.py
[2024-12-27T00:15:52.719+0000] {processor.py:830} INFO - Processing file /opt/airflow/dags/sensor_airflow_consumer.py for tasks to queue
[2024-12-27T00:15:52.720+0000] {logging_mixin.py:188} INFO - [2024-12-27T00:15:52.719+0000] {dagbag.py:545} INFO - Filling up the DagBag from /opt/airflow/dags/sensor_airflow_consumer.py
[2024-12-27T00:15:53.038+0000] {processor.py:840} INFO - DAG(s) 'sensor_data_consumer' retrieved from /opt/airflow/dags/sensor_airflow_consumer.py
[2024-12-27T00:15:53.056+0000] {logging_mixin.py:188} INFO - [2024-12-27T00:15:53.056+0000] {dag.py:3089} INFO - Sync 1 DAGs
[2024-12-27T00:15:53.072+0000] {logging_mixin.py:188} INFO - [2024-12-27T00:15:53.072+0000] {dag.py:3947} INFO - Setting next_dagrun for sensor_data_consumer to 2025-01-01 00:00:00+00:00, run_after=2026-01-01 00:00:00+00:00
[2024-12-27T00:15:53.087+0000] {processor.py:183} INFO - Processing /opt/airflow/dags/sensor_airflow_consumer.py took 0.374 seconds
[2024-12-27T00:16:23.215+0000] {processor.py:161} INFO - Started process (PID=22027) to work on /opt/airflow/dags/sensor_airflow_consumer.py
[2024-12-27T00:16:23.216+0000] {processor.py:830} INFO - Processing file /opt/airflow/dags/sensor_airflow_consumer.py for tasks to queue
[2024-12-27T00:16:23.217+0000] {logging_mixin.py:188} INFO - [2024-12-27T00:16:23.217+0000] {dagbag.py:545} INFO - Filling up the DagBag from /opt/airflow/dags/sensor_airflow_consumer.py
[2024-12-27T00:16:23.541+0000] {processor.py:840} INFO - DAG(s) 'sensor_data_consumer' retrieved from /opt/airflow/dags/sensor_airflow_consumer.py
[2024-12-27T00:16:23.557+0000] {logging_mixin.py:188} INFO - [2024-12-27T00:16:23.557+0000] {dag.py:3089} INFO - Sync 1 DAGs
[2024-12-27T00:16:23.573+0000] {logging_mixin.py:188} INFO - [2024-12-27T00:16:23.573+0000] {dag.py:3947} INFO - Setting next_dagrun for sensor_data_consumer to 2025-01-01 00:00:00+00:00, run_after=2026-01-01 00:00:00+00:00
[2024-12-27T00:16:23.589+0000] {processor.py:183} INFO - Processing /opt/airflow/dags/sensor_airflow_consumer.py took 0.378 seconds
[2024-12-27T00:16:53.696+0000] {processor.py:161} INFO - Started process (PID=22054) to work on /opt/airflow/dags/sensor_airflow_consumer.py
[2024-12-27T00:16:53.697+0000] {processor.py:830} INFO - Processing file /opt/airflow/dags/sensor_airflow_consumer.py for tasks to queue
[2024-12-27T00:16:53.697+0000] {logging_mixin.py:188} INFO - [2024-12-27T00:16:53.697+0000] {dagbag.py:545} INFO - Filling up the DagBag from /opt/airflow/dags/sensor_airflow_consumer.py
[2024-12-27T00:16:54.019+0000] {processor.py:840} INFO - DAG(s) 'sensor_data_consumer' retrieved from /opt/airflow/dags/sensor_airflow_consumer.py
[2024-12-27T00:16:54.037+0000] {logging_mixin.py:188} INFO - [2024-12-27T00:16:54.037+0000] {dag.py:3089} INFO - Sync 1 DAGs
[2024-12-27T00:16:54.053+0000] {logging_mixin.py:188} INFO - [2024-12-27T00:16:54.053+0000] {dag.py:3947} INFO - Setting next_dagrun for sensor_data_consumer to 2025-01-01 00:00:00+00:00, run_after=2026-01-01 00:00:00+00:00
[2024-12-27T00:16:54.067+0000] {processor.py:183} INFO - Processing /opt/airflow/dags/sensor_airflow_consumer.py took 0.376 seconds
[2024-12-27T00:17:24.156+0000] {processor.py:161} INFO - Started process (PID=22075) to work on /opt/airflow/dags/sensor_airflow_consumer.py
[2024-12-27T00:17:24.156+0000] {processor.py:830} INFO - Processing file /opt/airflow/dags/sensor_airflow_consumer.py for tasks to queue
[2024-12-27T00:17:24.157+0000] {logging_mixin.py:188} INFO - [2024-12-27T00:17:24.157+0000] {dagbag.py:545} INFO - Filling up the DagBag from /opt/airflow/dags/sensor_airflow_consumer.py
[2024-12-27T00:17:24.471+0000] {processor.py:840} INFO - DAG(s) 'sensor_data_consumer' retrieved from /opt/airflow/dags/sensor_airflow_consumer.py
[2024-12-27T00:17:24.488+0000] {logging_mixin.py:188} INFO - [2024-12-27T00:17:24.488+0000] {dag.py:3089} INFO - Sync 1 DAGs
[2024-12-27T00:17:24.508+0000] {logging_mixin.py:188} INFO - [2024-12-27T00:17:24.508+0000] {dag.py:3947} INFO - Setting next_dagrun for sensor_data_consumer to 2025-01-01 00:00:00+00:00, run_after=2026-01-01 00:00:00+00:00
[2024-12-27T00:17:24.528+0000] {processor.py:183} INFO - Processing /opt/airflow/dags/sensor_airflow_consumer.py took 0.378 seconds
[2024-12-27T00:17:54.585+0000] {processor.py:161} INFO - Started process (PID=22096) to work on /opt/airflow/dags/sensor_airflow_consumer.py
[2024-12-27T00:17:54.586+0000] {processor.py:830} INFO - Processing file /opt/airflow/dags/sensor_airflow_consumer.py for tasks to queue
[2024-12-27T00:17:54.586+0000] {logging_mixin.py:188} INFO - [2024-12-27T00:17:54.586+0000] {dagbag.py:545} INFO - Filling up the DagBag from /opt/airflow/dags/sensor_airflow_consumer.py
[2024-12-27T00:17:54.930+0000] {processor.py:840} INFO - DAG(s) 'sensor_data_consumer' retrieved from /opt/airflow/dags/sensor_airflow_consumer.py
[2024-12-27T00:17:54.948+0000] {logging_mixin.py:188} INFO - [2024-12-27T00:17:54.948+0000] {dag.py:3089} INFO - Sync 1 DAGs
[2024-12-27T00:17:54.965+0000] {logging_mixin.py:188} INFO - [2024-12-27T00:17:54.965+0000] {dag.py:3947} INFO - Setting next_dagrun for sensor_data_consumer to 2025-01-01 00:00:00+00:00, run_after=2026-01-01 00:00:00+00:00
[2024-12-27T00:17:54.988+0000] {processor.py:183} INFO - Processing /opt/airflow/dags/sensor_airflow_consumer.py took 0.408 seconds
[2024-12-27T00:18:25.044+0000] {processor.py:161} INFO - Started process (PID=22117) to work on /opt/airflow/dags/sensor_airflow_consumer.py
[2024-12-27T00:18:25.044+0000] {processor.py:830} INFO - Processing file /opt/airflow/dags/sensor_airflow_consumer.py for tasks to queue
[2024-12-27T00:18:25.045+0000] {logging_mixin.py:188} INFO - [2024-12-27T00:18:25.045+0000] {dagbag.py:545} INFO - Filling up the DagBag from /opt/airflow/dags/sensor_airflow_consumer.py
[2024-12-27T00:18:25.348+0000] {processor.py:840} INFO - DAG(s) 'sensor_data_consumer' retrieved from /opt/airflow/dags/sensor_airflow_consumer.py
[2024-12-27T00:18:25.366+0000] {logging_mixin.py:188} INFO - [2024-12-27T00:18:25.366+0000] {dag.py:3089} INFO - Sync 1 DAGs
[2024-12-27T00:18:25.383+0000] {logging_mixin.py:188} INFO - [2024-12-27T00:18:25.383+0000] {dag.py:3947} INFO - Setting next_dagrun for sensor_data_consumer to 2025-01-01 00:00:00+00:00, run_after=2026-01-01 00:00:00+00:00
[2024-12-27T00:18:25.405+0000] {processor.py:183} INFO - Processing /opt/airflow/dags/sensor_airflow_consumer.py took 0.366 seconds
[2024-12-27T00:18:56.296+0000] {processor.py:161} INFO - Started process (PID=22141) to work on /opt/airflow/dags/sensor_airflow_consumer.py
[2024-12-27T00:18:56.296+0000] {processor.py:830} INFO - Processing file /opt/airflow/dags/sensor_airflow_consumer.py for tasks to queue
[2024-12-27T00:18:56.297+0000] {logging_mixin.py:188} INFO - [2024-12-27T00:18:56.297+0000] {dagbag.py:545} INFO - Filling up the DagBag from /opt/airflow/dags/sensor_airflow_consumer.py
[2024-12-27T00:18:56.675+0000] {processor.py:840} INFO - DAG(s) 'sensor_data_consumer' retrieved from /opt/airflow/dags/sensor_airflow_consumer.py
[2024-12-27T00:18:56.714+0000] {logging_mixin.py:188} INFO - [2024-12-27T00:18:56.714+0000] {dag.py:3089} INFO - Sync 1 DAGs
[2024-12-27T00:18:56.747+0000] {logging_mixin.py:188} INFO - [2024-12-27T00:18:56.746+0000] {dag.py:3947} INFO - Setting next_dagrun for sensor_data_consumer to 2025-01-01 00:00:00+00:00, run_after=2026-01-01 00:00:00+00:00
[2024-12-27T00:18:56.772+0000] {processor.py:183} INFO - Processing /opt/airflow/dags/sensor_airflow_consumer.py took 0.481 seconds
[2024-12-27T00:19:27.555+0000] {processor.py:161} INFO - Started process (PID=22164) to work on /opt/airflow/dags/sensor_airflow_consumer.py
[2024-12-27T00:19:27.556+0000] {processor.py:830} INFO - Processing file /opt/airflow/dags/sensor_airflow_consumer.py for tasks to queue
[2024-12-27T00:19:27.557+0000] {logging_mixin.py:188} INFO - [2024-12-27T00:19:27.556+0000] {dagbag.py:545} INFO - Filling up the DagBag from /opt/airflow/dags/sensor_airflow_consumer.py
[2024-12-27T00:19:27.909+0000] {processor.py:840} INFO - DAG(s) 'sensor_data_consumer' retrieved from /opt/airflow/dags/sensor_airflow_consumer.py
[2024-12-27T00:19:27.931+0000] {logging_mixin.py:188} INFO - [2024-12-27T00:19:27.930+0000] {dag.py:3089} INFO - Sync 1 DAGs
[2024-12-27T00:19:27.950+0000] {logging_mixin.py:188} INFO - [2024-12-27T00:19:27.950+0000] {dag.py:3947} INFO - Setting next_dagrun for sensor_data_consumer to 2025-01-01 00:00:00+00:00, run_after=2026-01-01 00:00:00+00:00
[2024-12-27T00:19:27.968+0000] {processor.py:183} INFO - Processing /opt/airflow/dags/sensor_airflow_consumer.py took 0.419 seconds
[2024-12-27T00:19:58.202+0000] {processor.py:161} INFO - Started process (PID=22185) to work on /opt/airflow/dags/sensor_airflow_consumer.py
[2024-12-27T00:19:58.203+0000] {processor.py:830} INFO - Processing file /opt/airflow/dags/sensor_airflow_consumer.py for tasks to queue
[2024-12-27T00:19:58.205+0000] {logging_mixin.py:188} INFO - [2024-12-27T00:19:58.204+0000] {dagbag.py:545} INFO - Filling up the DagBag from /opt/airflow/dags/sensor_airflow_consumer.py
[2024-12-27T00:19:58.677+0000] {processor.py:840} INFO - DAG(s) 'sensor_data_consumer' retrieved from /opt/airflow/dags/sensor_airflow_consumer.py
[2024-12-27T00:19:58.697+0000] {logging_mixin.py:188} INFO - [2024-12-27T00:19:58.697+0000] {dag.py:3089} INFO - Sync 1 DAGs
[2024-12-27T00:19:58.726+0000] {logging_mixin.py:188} INFO - [2024-12-27T00:19:58.725+0000] {dag.py:3947} INFO - Setting next_dagrun for sensor_data_consumer to 2025-01-01 00:00:00+00:00, run_after=2026-01-01 00:00:00+00:00
[2024-12-27T00:19:58.759+0000] {processor.py:183} INFO - Processing /opt/airflow/dags/sensor_airflow_consumer.py took 0.563 seconds
[2024-12-27T00:20:28.906+0000] {processor.py:161} INFO - Started process (PID=22206) to work on /opt/airflow/dags/sensor_airflow_consumer.py
[2024-12-27T00:20:28.907+0000] {processor.py:830} INFO - Processing file /opt/airflow/dags/sensor_airflow_consumer.py for tasks to queue
[2024-12-27T00:20:28.908+0000] {logging_mixin.py:188} INFO - [2024-12-27T00:20:28.908+0000] {dagbag.py:545} INFO - Filling up the DagBag from /opt/airflow/dags/sensor_airflow_consumer.py
[2024-12-27T00:20:29.415+0000] {processor.py:840} INFO - DAG(s) 'sensor_data_consumer' retrieved from /opt/airflow/dags/sensor_airflow_consumer.py
[2024-12-27T00:20:29.438+0000] {logging_mixin.py:188} INFO - [2024-12-27T00:20:29.437+0000] {dag.py:3089} INFO - Sync 1 DAGs
[2024-12-27T00:20:29.458+0000] {logging_mixin.py:188} INFO - [2024-12-27T00:20:29.458+0000] {dag.py:3947} INFO - Setting next_dagrun for sensor_data_consumer to 2025-01-01 00:00:00+00:00, run_after=2026-01-01 00:00:00+00:00
[2024-12-27T00:20:29.476+0000] {processor.py:183} INFO - Processing /opt/airflow/dags/sensor_airflow_consumer.py took 0.578 seconds
[2024-12-27T00:20:59.575+0000] {processor.py:161} INFO - Started process (PID=22230) to work on /opt/airflow/dags/sensor_airflow_consumer.py
[2024-12-27T00:20:59.576+0000] {processor.py:830} INFO - Processing file /opt/airflow/dags/sensor_airflow_consumer.py for tasks to queue
[2024-12-27T00:20:59.577+0000] {logging_mixin.py:188} INFO - [2024-12-27T00:20:59.577+0000] {dagbag.py:545} INFO - Filling up the DagBag from /opt/airflow/dags/sensor_airflow_consumer.py
[2024-12-27T00:20:59.950+0000] {processor.py:840} INFO - DAG(s) 'sensor_data_consumer' retrieved from /opt/airflow/dags/sensor_airflow_consumer.py
[2024-12-27T00:20:59.969+0000] {logging_mixin.py:188} INFO - [2024-12-27T00:20:59.969+0000] {dag.py:3089} INFO - Sync 1 DAGs
[2024-12-27T00:20:59.990+0000] {logging_mixin.py:188} INFO - [2024-12-27T00:20:59.990+0000] {dag.py:3947} INFO - Setting next_dagrun for sensor_data_consumer to 2025-01-01 00:00:00+00:00, run_after=2026-01-01 00:00:00+00:00
[2024-12-27T00:21:00.011+0000] {processor.py:183} INFO - Processing /opt/airflow/dags/sensor_airflow_consumer.py took 0.443 seconds
[2024-12-27T00:21:30.055+0000] {processor.py:161} INFO - Started process (PID=22251) to work on /opt/airflow/dags/sensor_airflow_consumer.py
[2024-12-27T00:21:30.056+0000] {processor.py:830} INFO - Processing file /opt/airflow/dags/sensor_airflow_consumer.py for tasks to queue
[2024-12-27T00:21:30.057+0000] {logging_mixin.py:188} INFO - [2024-12-27T00:21:30.057+0000] {dagbag.py:545} INFO - Filling up the DagBag from /opt/airflow/dags/sensor_airflow_consumer.py
[2024-12-27T00:21:30.402+0000] {processor.py:840} INFO - DAG(s) 'sensor_data_consumer' retrieved from /opt/airflow/dags/sensor_airflow_consumer.py
[2024-12-27T00:21:30.420+0000] {logging_mixin.py:188} INFO - [2024-12-27T00:21:30.420+0000] {dag.py:3089} INFO - Sync 1 DAGs
[2024-12-27T00:21:30.438+0000] {logging_mixin.py:188} INFO - [2024-12-27T00:21:30.437+0000] {dag.py:3947} INFO - Setting next_dagrun for sensor_data_consumer to 2025-01-01 00:00:00+00:00, run_after=2026-01-01 00:00:00+00:00
[2024-12-27T00:21:30.454+0000] {processor.py:183} INFO - Processing /opt/airflow/dags/sensor_airflow_consumer.py took 0.406 seconds
[2024-12-27T00:22:00.500+0000] {processor.py:161} INFO - Started process (PID=22269) to work on /opt/airflow/dags/sensor_airflow_consumer.py
[2024-12-27T00:22:00.501+0000] {processor.py:830} INFO - Processing file /opt/airflow/dags/sensor_airflow_consumer.py for tasks to queue
[2024-12-27T00:22:00.502+0000] {logging_mixin.py:188} INFO - [2024-12-27T00:22:00.502+0000] {dagbag.py:545} INFO - Filling up the DagBag from /opt/airflow/dags/sensor_airflow_consumer.py
[2024-12-27T00:22:00.859+0000] {processor.py:840} INFO - DAG(s) 'sensor_data_consumer' retrieved from /opt/airflow/dags/sensor_airflow_consumer.py
[2024-12-27T00:22:00.876+0000] {logging_mixin.py:188} INFO - [2024-12-27T00:22:00.876+0000] {dag.py:3089} INFO - Sync 1 DAGs
[2024-12-27T00:22:00.894+0000] {logging_mixin.py:188} INFO - [2024-12-27T00:22:00.894+0000] {dag.py:3947} INFO - Setting next_dagrun for sensor_data_consumer to 2025-01-01 00:00:00+00:00, run_after=2026-01-01 00:00:00+00:00
[2024-12-27T00:22:00.911+0000] {processor.py:183} INFO - Processing /opt/airflow/dags/sensor_airflow_consumer.py took 0.416 seconds
[2024-12-27T00:22:30.999+0000] {processor.py:161} INFO - Started process (PID=22290) to work on /opt/airflow/dags/sensor_airflow_consumer.py
[2024-12-27T00:22:31.000+0000] {processor.py:830} INFO - Processing file /opt/airflow/dags/sensor_airflow_consumer.py for tasks to queue
[2024-12-27T00:22:31.001+0000] {logging_mixin.py:188} INFO - [2024-12-27T00:22:31.000+0000] {dagbag.py:545} INFO - Filling up the DagBag from /opt/airflow/dags/sensor_airflow_consumer.py
[2024-12-27T00:22:31.466+0000] {processor.py:840} INFO - DAG(s) 'sensor_data_consumer' retrieved from /opt/airflow/dags/sensor_airflow_consumer.py
[2024-12-27T00:22:31.486+0000] {logging_mixin.py:188} INFO - [2024-12-27T00:22:31.486+0000] {dag.py:3089} INFO - Sync 1 DAGs
[2024-12-27T00:22:31.505+0000] {logging_mixin.py:188} INFO - [2024-12-27T00:22:31.505+0000] {dag.py:3947} INFO - Setting next_dagrun for sensor_data_consumer to 2025-01-01 00:00:00+00:00, run_after=2026-01-01 00:00:00+00:00
[2024-12-27T00:22:31.521+0000] {processor.py:183} INFO - Processing /opt/airflow/dags/sensor_airflow_consumer.py took 0.529 seconds
[2024-12-27T00:23:01.579+0000] {processor.py:161} INFO - Started process (PID=22311) to work on /opt/airflow/dags/sensor_airflow_consumer.py
[2024-12-27T00:23:01.580+0000] {processor.py:830} INFO - Processing file /opt/airflow/dags/sensor_airflow_consumer.py for tasks to queue
[2024-12-27T00:23:01.581+0000] {logging_mixin.py:188} INFO - [2024-12-27T00:23:01.580+0000] {dagbag.py:545} INFO - Filling up the DagBag from /opt/airflow/dags/sensor_airflow_consumer.py
[2024-12-27T00:23:02.088+0000] {processor.py:840} INFO - DAG(s) 'sensor_data_consumer' retrieved from /opt/airflow/dags/sensor_airflow_consumer.py
[2024-12-27T00:23:02.113+0000] {logging_mixin.py:188} INFO - [2024-12-27T00:23:02.113+0000] {dag.py:3089} INFO - Sync 1 DAGs
[2024-12-27T00:23:02.139+0000] {logging_mixin.py:188} INFO - [2024-12-27T00:23:02.138+0000] {dag.py:3947} INFO - Setting next_dagrun for sensor_data_consumer to 2025-01-01 00:00:00+00:00, run_after=2026-01-01 00:00:00+00:00
[2024-12-27T00:23:02.164+0000] {processor.py:183} INFO - Processing /opt/airflow/dags/sensor_airflow_consumer.py took 0.593 seconds
[2024-12-27T00:23:32.272+0000] {processor.py:161} INFO - Started process (PID=22332) to work on /opt/airflow/dags/sensor_airflow_consumer.py
[2024-12-27T00:23:32.273+0000] {processor.py:830} INFO - Processing file /opt/airflow/dags/sensor_airflow_consumer.py for tasks to queue
[2024-12-27T00:23:32.274+0000] {logging_mixin.py:188} INFO - [2024-12-27T00:23:32.274+0000] {dagbag.py:545} INFO - Filling up the DagBag from /opt/airflow/dags/sensor_airflow_consumer.py
[2024-12-27T00:23:32.676+0000] {processor.py:840} INFO - DAG(s) 'sensor_data_consumer' retrieved from /opt/airflow/dags/sensor_airflow_consumer.py
[2024-12-27T00:23:32.695+0000] {logging_mixin.py:188} INFO - [2024-12-27T00:23:32.695+0000] {dag.py:3089} INFO - Sync 1 DAGs
[2024-12-27T00:23:32.712+0000] {logging_mixin.py:188} INFO - [2024-12-27T00:23:32.712+0000] {dag.py:3947} INFO - Setting next_dagrun for sensor_data_consumer to 2025-01-01 00:00:00+00:00, run_after=2026-01-01 00:00:00+00:00
[2024-12-27T00:23:32.731+0000] {processor.py:183} INFO - Processing /opt/airflow/dags/sensor_airflow_consumer.py took 0.466 seconds
[2024-12-27T00:24:02.803+0000] {processor.py:161} INFO - Started process (PID=22353) to work on /opt/airflow/dags/sensor_airflow_consumer.py
[2024-12-27T00:24:02.803+0000] {processor.py:830} INFO - Processing file /opt/airflow/dags/sensor_airflow_consumer.py for tasks to queue
[2024-12-27T00:24:02.804+0000] {logging_mixin.py:188} INFO - [2024-12-27T00:24:02.804+0000] {dagbag.py:545} INFO - Filling up the DagBag from /opt/airflow/dags/sensor_airflow_consumer.py
[2024-12-27T00:24:03.142+0000] {processor.py:840} INFO - DAG(s) 'sensor_data_consumer' retrieved from /opt/airflow/dags/sensor_airflow_consumer.py
[2024-12-27T00:24:03.161+0000] {logging_mixin.py:188} INFO - [2024-12-27T00:24:03.161+0000] {dag.py:3089} INFO - Sync 1 DAGs
[2024-12-27T00:24:03.180+0000] {logging_mixin.py:188} INFO - [2024-12-27T00:24:03.180+0000] {dag.py:3947} INFO - Setting next_dagrun for sensor_data_consumer to 2025-01-01 00:00:00+00:00, run_after=2026-01-01 00:00:00+00:00
[2024-12-27T00:24:03.195+0000] {processor.py:183} INFO - Processing /opt/airflow/dags/sensor_airflow_consumer.py took 0.398 seconds
[2024-12-27T00:24:33.255+0000] {processor.py:161} INFO - Started process (PID=22374) to work on /opt/airflow/dags/sensor_airflow_consumer.py
[2024-12-27T00:24:33.256+0000] {processor.py:830} INFO - Processing file /opt/airflow/dags/sensor_airflow_consumer.py for tasks to queue
[2024-12-27T00:24:33.257+0000] {logging_mixin.py:188} INFO - [2024-12-27T00:24:33.257+0000] {dagbag.py:545} INFO - Filling up the DagBag from /opt/airflow/dags/sensor_airflow_consumer.py
[2024-12-27T00:24:33.647+0000] {processor.py:840} INFO - DAG(s) 'sensor_data_consumer' retrieved from /opt/airflow/dags/sensor_airflow_consumer.py
[2024-12-27T00:24:33.666+0000] {logging_mixin.py:188} INFO - [2024-12-27T00:24:33.666+0000] {dag.py:3089} INFO - Sync 1 DAGs
[2024-12-27T00:24:33.682+0000] {logging_mixin.py:188} INFO - [2024-12-27T00:24:33.682+0000] {dag.py:3947} INFO - Setting next_dagrun for sensor_data_consumer to 2025-01-01 00:00:00+00:00, run_after=2026-01-01 00:00:00+00:00
[2024-12-27T00:24:33.699+0000] {processor.py:183} INFO - Processing /opt/airflow/dags/sensor_airflow_consumer.py took 0.449 seconds
[2024-12-27T00:25:03.754+0000] {processor.py:161} INFO - Started process (PID=22395) to work on /opt/airflow/dags/sensor_airflow_consumer.py
[2024-12-27T00:25:03.755+0000] {processor.py:830} INFO - Processing file /opt/airflow/dags/sensor_airflow_consumer.py for tasks to queue
[2024-12-27T00:25:03.756+0000] {logging_mixin.py:188} INFO - [2024-12-27T00:25:03.756+0000] {dagbag.py:545} INFO - Filling up the DagBag from /opt/airflow/dags/sensor_airflow_consumer.py
[2024-12-27T00:25:04.100+0000] {processor.py:840} INFO - DAG(s) 'sensor_data_consumer' retrieved from /opt/airflow/dags/sensor_airflow_consumer.py
[2024-12-27T00:25:04.119+0000] {logging_mixin.py:188} INFO - [2024-12-27T00:25:04.119+0000] {dag.py:3089} INFO - Sync 1 DAGs
[2024-12-27T00:25:04.138+0000] {logging_mixin.py:188} INFO - [2024-12-27T00:25:04.137+0000] {dag.py:3947} INFO - Setting next_dagrun for sensor_data_consumer to 2025-01-01 00:00:00+00:00, run_after=2026-01-01 00:00:00+00:00
[2024-12-27T00:25:04.154+0000] {processor.py:183} INFO - Processing /opt/airflow/dags/sensor_airflow_consumer.py took 0.406 seconds
[2024-12-27T00:25:34.225+0000] {processor.py:161} INFO - Started process (PID=22416) to work on /opt/airflow/dags/sensor_airflow_consumer.py
[2024-12-27T00:25:34.226+0000] {processor.py:830} INFO - Processing file /opt/airflow/dags/sensor_airflow_consumer.py for tasks to queue
[2024-12-27T00:25:34.227+0000] {logging_mixin.py:188} INFO - [2024-12-27T00:25:34.226+0000] {dagbag.py:545} INFO - Filling up the DagBag from /opt/airflow/dags/sensor_airflow_consumer.py
[2024-12-27T00:25:34.565+0000] {processor.py:840} INFO - DAG(s) 'sensor_data_consumer' retrieved from /opt/airflow/dags/sensor_airflow_consumer.py
[2024-12-27T00:25:34.584+0000] {logging_mixin.py:188} INFO - [2024-12-27T00:25:34.584+0000] {dag.py:3089} INFO - Sync 1 DAGs
[2024-12-27T00:25:34.601+0000] {logging_mixin.py:188} INFO - [2024-12-27T00:25:34.601+0000] {dag.py:3947} INFO - Setting next_dagrun for sensor_data_consumer to 2025-01-01 00:00:00+00:00, run_after=2026-01-01 00:00:00+00:00
[2024-12-27T00:25:34.618+0000] {processor.py:183} INFO - Processing /opt/airflow/dags/sensor_airflow_consumer.py took 0.399 seconds
[2024-12-27T00:26:04.688+0000] {processor.py:161} INFO - Started process (PID=22437) to work on /opt/airflow/dags/sensor_airflow_consumer.py
[2024-12-27T00:26:04.688+0000] {processor.py:830} INFO - Processing file /opt/airflow/dags/sensor_airflow_consumer.py for tasks to queue
[2024-12-27T00:26:04.689+0000] {logging_mixin.py:188} INFO - [2024-12-27T00:26:04.689+0000] {dagbag.py:545} INFO - Filling up the DagBag from /opt/airflow/dags/sensor_airflow_consumer.py
[2024-12-27T00:26:05.064+0000] {processor.py:840} INFO - DAG(s) 'sensor_data_consumer' retrieved from /opt/airflow/dags/sensor_airflow_consumer.py
[2024-12-27T00:26:05.081+0000] {logging_mixin.py:188} INFO - [2024-12-27T00:26:05.081+0000] {dag.py:3089} INFO - Sync 1 DAGs
[2024-12-27T00:26:05.098+0000] {logging_mixin.py:188} INFO - [2024-12-27T00:26:05.098+0000] {dag.py:3947} INFO - Setting next_dagrun for sensor_data_consumer to 2025-01-01 00:00:00+00:00, run_after=2026-01-01 00:00:00+00:00
[2024-12-27T00:26:05.113+0000] {processor.py:183} INFO - Processing /opt/airflow/dags/sensor_airflow_consumer.py took 0.431 seconds
[2024-12-27T00:26:35.316+0000] {processor.py:161} INFO - Started process (PID=22458) to work on /opt/airflow/dags/sensor_airflow_consumer.py
[2024-12-27T00:26:35.317+0000] {processor.py:830} INFO - Processing file /opt/airflow/dags/sensor_airflow_consumer.py for tasks to queue
[2024-12-27T00:26:35.317+0000] {logging_mixin.py:188} INFO - [2024-12-27T00:26:35.317+0000] {dagbag.py:545} INFO - Filling up the DagBag from /opt/airflow/dags/sensor_airflow_consumer.py
[2024-12-27T00:26:35.714+0000] {processor.py:840} INFO - DAG(s) 'sensor_data_consumer' retrieved from /opt/airflow/dags/sensor_airflow_consumer.py
[2024-12-27T00:26:35.733+0000] {logging_mixin.py:188} INFO - [2024-12-27T00:26:35.733+0000] {dag.py:3089} INFO - Sync 1 DAGs
[2024-12-27T00:26:35.751+0000] {logging_mixin.py:188} INFO - [2024-12-27T00:26:35.750+0000] {dag.py:3947} INFO - Setting next_dagrun for sensor_data_consumer to 2025-01-01 00:00:00+00:00, run_after=2026-01-01 00:00:00+00:00
[2024-12-27T00:26:35.767+0000] {processor.py:183} INFO - Processing /opt/airflow/dags/sensor_airflow_consumer.py took 0.458 seconds
[2024-12-27T00:27:05.870+0000] {processor.py:161} INFO - Started process (PID=22479) to work on /opt/airflow/dags/sensor_airflow_consumer.py
[2024-12-27T00:27:05.871+0000] {processor.py:830} INFO - Processing file /opt/airflow/dags/sensor_airflow_consumer.py for tasks to queue
[2024-12-27T00:27:05.872+0000] {logging_mixin.py:188} INFO - [2024-12-27T00:27:05.871+0000] {dagbag.py:545} INFO - Filling up the DagBag from /opt/airflow/dags/sensor_airflow_consumer.py
[2024-12-27T00:27:06.226+0000] {processor.py:840} INFO - DAG(s) 'sensor_data_consumer' retrieved from /opt/airflow/dags/sensor_airflow_consumer.py
[2024-12-27T00:27:06.245+0000] {logging_mixin.py:188} INFO - [2024-12-27T00:27:06.245+0000] {dag.py:3089} INFO - Sync 1 DAGs
[2024-12-27T00:27:06.263+0000] {logging_mixin.py:188} INFO - [2024-12-27T00:27:06.263+0000] {dag.py:3947} INFO - Setting next_dagrun for sensor_data_consumer to 2025-01-01 00:00:00+00:00, run_after=2026-01-01 00:00:00+00:00
[2024-12-27T00:27:06.280+0000] {processor.py:183} INFO - Processing /opt/airflow/dags/sensor_airflow_consumer.py took 0.417 seconds
[2024-12-27T00:27:36.579+0000] {processor.py:161} INFO - Started process (PID=22500) to work on /opt/airflow/dags/sensor_airflow_consumer.py
[2024-12-27T00:27:36.580+0000] {processor.py:830} INFO - Processing file /opt/airflow/dags/sensor_airflow_consumer.py for tasks to queue
[2024-12-27T00:27:36.581+0000] {logging_mixin.py:188} INFO - [2024-12-27T00:27:36.580+0000] {dagbag.py:545} INFO - Filling up the DagBag from /opt/airflow/dags/sensor_airflow_consumer.py
[2024-12-27T00:27:36.828+0000] {processor.py:840} INFO - DAG(s) 'sensor_data_consumer' retrieved from /opt/airflow/dags/sensor_airflow_consumer.py
[2024-12-27T00:27:36.857+0000] {logging_mixin.py:188} INFO - [2024-12-27T00:27:36.857+0000] {dag.py:3089} INFO - Sync 1 DAGs
[2024-12-27T00:27:36.877+0000] {logging_mixin.py:188} INFO - [2024-12-27T00:27:36.877+0000] {dag.py:3947} INFO - Setting next_dagrun for sensor_data_consumer to 2025-01-01 00:00:00+00:00, run_after=2026-01-01 00:00:00+00:00
[2024-12-27T00:27:36.899+0000] {processor.py:183} INFO - Processing /opt/airflow/dags/sensor_airflow_consumer.py took 0.325 seconds
[2024-12-27T00:28:06.941+0000] {processor.py:161} INFO - Started process (PID=22521) to work on /opt/airflow/dags/sensor_airflow_consumer.py
[2024-12-27T00:28:06.942+0000] {processor.py:830} INFO - Processing file /opt/airflow/dags/sensor_airflow_consumer.py for tasks to queue
[2024-12-27T00:28:06.943+0000] {logging_mixin.py:188} INFO - [2024-12-27T00:28:06.943+0000] {dagbag.py:545} INFO - Filling up the DagBag from /opt/airflow/dags/sensor_airflow_consumer.py
[2024-12-27T00:28:07.270+0000] {processor.py:840} INFO - DAG(s) 'sensor_data_consumer' retrieved from /opt/airflow/dags/sensor_airflow_consumer.py
[2024-12-27T00:28:07.296+0000] {logging_mixin.py:188} INFO - [2024-12-27T00:28:07.296+0000] {dag.py:3089} INFO - Sync 1 DAGs
[2024-12-27T00:28:07.325+0000] {logging_mixin.py:188} INFO - [2024-12-27T00:28:07.325+0000] {dag.py:3947} INFO - Setting next_dagrun for sensor_data_consumer to 2025-01-01 00:00:00+00:00, run_after=2026-01-01 00:00:00+00:00
[2024-12-27T00:28:07.345+0000] {processor.py:183} INFO - Processing /opt/airflow/dags/sensor_airflow_consumer.py took 0.410 seconds
[2024-12-27T00:28:37.473+0000] {processor.py:161} INFO - Started process (PID=22545) to work on /opt/airflow/dags/sensor_airflow_consumer.py
[2024-12-27T00:28:37.473+0000] {processor.py:830} INFO - Processing file /opt/airflow/dags/sensor_airflow_consumer.py for tasks to queue
[2024-12-27T00:28:37.474+0000] {logging_mixin.py:188} INFO - [2024-12-27T00:28:37.474+0000] {dagbag.py:545} INFO - Filling up the DagBag from /opt/airflow/dags/sensor_airflow_consumer.py
[2024-12-27T00:28:37.694+0000] {processor.py:840} INFO - DAG(s) 'sensor_data_consumer' retrieved from /opt/airflow/dags/sensor_airflow_consumer.py
[2024-12-27T00:28:37.714+0000] {logging_mixin.py:188} INFO - [2024-12-27T00:28:37.714+0000] {dag.py:3089} INFO - Sync 1 DAGs
[2024-12-27T00:28:37.733+0000] {logging_mixin.py:188} INFO - [2024-12-27T00:28:37.733+0000] {dag.py:3947} INFO - Setting next_dagrun for sensor_data_consumer to 2025-01-01 00:00:00+00:00, run_after=2026-01-01 00:00:00+00:00
[2024-12-27T00:28:37.749+0000] {processor.py:183} INFO - Processing /opt/airflow/dags/sensor_airflow_consumer.py took 0.283 seconds
[2024-12-27T00:29:07.871+0000] {processor.py:161} INFO - Started process (PID=22568) to work on /opt/airflow/dags/sensor_airflow_consumer.py
[2024-12-27T00:29:07.872+0000] {processor.py:830} INFO - Processing file /opt/airflow/dags/sensor_airflow_consumer.py for tasks to queue
[2024-12-27T00:29:07.873+0000] {logging_mixin.py:188} INFO - [2024-12-27T00:29:07.873+0000] {dagbag.py:545} INFO - Filling up the DagBag from /opt/airflow/dags/sensor_airflow_consumer.py
[2024-12-27T00:29:08.105+0000] {processor.py:840} INFO - DAG(s) 'sensor_data_consumer' retrieved from /opt/airflow/dags/sensor_airflow_consumer.py
[2024-12-27T00:29:08.131+0000] {logging_mixin.py:188} INFO - [2024-12-27T00:29:08.130+0000] {dag.py:3089} INFO - Sync 1 DAGs
[2024-12-27T00:29:08.154+0000] {logging_mixin.py:188} INFO - [2024-12-27T00:29:08.154+0000] {dag.py:3947} INFO - Setting next_dagrun for sensor_data_consumer to 2025-01-01 00:00:00+00:00, run_after=2026-01-01 00:00:00+00:00
[2024-12-27T00:29:08.172+0000] {processor.py:183} INFO - Processing /opt/airflow/dags/sensor_airflow_consumer.py took 0.306 seconds
[2024-12-27T00:29:38.289+0000] {processor.py:161} INFO - Started process (PID=22589) to work on /opt/airflow/dags/sensor_airflow_consumer.py
[2024-12-27T00:29:38.290+0000] {processor.py:830} INFO - Processing file /opt/airflow/dags/sensor_airflow_consumer.py for tasks to queue
[2024-12-27T00:29:38.291+0000] {logging_mixin.py:188} INFO - [2024-12-27T00:29:38.291+0000] {dagbag.py:545} INFO - Filling up the DagBag from /opt/airflow/dags/sensor_airflow_consumer.py
[2024-12-27T00:29:38.591+0000] {processor.py:840} INFO - DAG(s) 'sensor_data_consumer' retrieved from /opt/airflow/dags/sensor_airflow_consumer.py
[2024-12-27T00:29:38.616+0000] {logging_mixin.py:188} INFO - [2024-12-27T00:29:38.615+0000] {dag.py:3089} INFO - Sync 1 DAGs
[2024-12-27T00:29:38.636+0000] {logging_mixin.py:188} INFO - [2024-12-27T00:29:38.636+0000] {dag.py:3947} INFO - Setting next_dagrun for sensor_data_consumer to 2025-01-01 00:00:00+00:00, run_after=2026-01-01 00:00:00+00:00
[2024-12-27T00:29:38.663+0000] {processor.py:183} INFO - Processing /opt/airflow/dags/sensor_airflow_consumer.py took 0.383 seconds
[2024-12-27T00:30:09.543+0000] {processor.py:161} INFO - Started process (PID=22610) to work on /opt/airflow/dags/sensor_airflow_consumer.py
[2024-12-27T00:30:09.544+0000] {processor.py:830} INFO - Processing file /opt/airflow/dags/sensor_airflow_consumer.py for tasks to queue
[2024-12-27T00:30:09.545+0000] {logging_mixin.py:188} INFO - [2024-12-27T00:30:09.545+0000] {dagbag.py:545} INFO - Filling up the DagBag from /opt/airflow/dags/sensor_airflow_consumer.py
[2024-12-27T00:30:09.797+0000] {processor.py:840} INFO - DAG(s) 'sensor_data_consumer' retrieved from /opt/airflow/dags/sensor_airflow_consumer.py
[2024-12-27T00:30:09.820+0000] {logging_mixin.py:188} INFO - [2024-12-27T00:30:09.820+0000] {dag.py:3089} INFO - Sync 1 DAGs
[2024-12-27T00:30:09.847+0000] {logging_mixin.py:188} INFO - [2024-12-27T00:30:09.846+0000] {dag.py:3947} INFO - Setting next_dagrun for sensor_data_consumer to 2025-01-01 00:00:00+00:00, run_after=2026-01-01 00:00:00+00:00
[2024-12-27T00:30:09.892+0000] {processor.py:183} INFO - Processing /opt/airflow/dags/sensor_airflow_consumer.py took 0.355 seconds
[2024-12-27T00:30:39.997+0000] {processor.py:161} INFO - Started process (PID=22631) to work on /opt/airflow/dags/sensor_airflow_consumer.py
[2024-12-27T00:30:39.998+0000] {processor.py:830} INFO - Processing file /opt/airflow/dags/sensor_airflow_consumer.py for tasks to queue
[2024-12-27T00:30:39.999+0000] {logging_mixin.py:188} INFO - [2024-12-27T00:30:39.998+0000] {dagbag.py:545} INFO - Filling up the DagBag from /opt/airflow/dags/sensor_airflow_consumer.py
[2024-12-27T00:30:40.251+0000] {processor.py:840} INFO - DAG(s) 'sensor_data_consumer' retrieved from /opt/airflow/dags/sensor_airflow_consumer.py
[2024-12-27T00:30:40.276+0000] {logging_mixin.py:188} INFO - [2024-12-27T00:30:40.276+0000] {dag.py:3089} INFO - Sync 1 DAGs
[2024-12-27T00:30:40.297+0000] {logging_mixin.py:188} INFO - [2024-12-27T00:30:40.297+0000] {dag.py:3947} INFO - Setting next_dagrun for sensor_data_consumer to 2025-01-01 00:00:00+00:00, run_after=2026-01-01 00:00:00+00:00
[2024-12-27T00:30:40.314+0000] {processor.py:183} INFO - Processing /opt/airflow/dags/sensor_airflow_consumer.py took 0.324 seconds
[2024-12-27T00:31:11.247+0000] {processor.py:161} INFO - Started process (PID=22652) to work on /opt/airflow/dags/sensor_airflow_consumer.py
[2024-12-27T00:31:11.247+0000] {processor.py:830} INFO - Processing file /opt/airflow/dags/sensor_airflow_consumer.py for tasks to queue
[2024-12-27T00:31:11.248+0000] {logging_mixin.py:188} INFO - [2024-12-27T00:31:11.248+0000] {dagbag.py:545} INFO - Filling up the DagBag from /opt/airflow/dags/sensor_airflow_consumer.py
[2024-12-27T00:31:11.472+0000] {processor.py:840} INFO - DAG(s) 'sensor_data_consumer' retrieved from /opt/airflow/dags/sensor_airflow_consumer.py
[2024-12-27T00:31:11.492+0000] {logging_mixin.py:188} INFO - [2024-12-27T00:31:11.492+0000] {dag.py:3089} INFO - Sync 1 DAGs
[2024-12-27T00:31:11.511+0000] {logging_mixin.py:188} INFO - [2024-12-27T00:31:11.510+0000] {dag.py:3947} INFO - Setting next_dagrun for sensor_data_consumer to 2025-01-01 00:00:00+00:00, run_after=2026-01-01 00:00:00+00:00
[2024-12-27T00:31:11.525+0000] {processor.py:183} INFO - Processing /opt/airflow/dags/sensor_airflow_consumer.py took 0.284 seconds
[2024-12-27T00:31:41.591+0000] {processor.py:161} INFO - Started process (PID=22673) to work on /opt/airflow/dags/sensor_airflow_consumer.py
[2024-12-27T00:31:41.592+0000] {processor.py:830} INFO - Processing file /opt/airflow/dags/sensor_airflow_consumer.py for tasks to queue
[2024-12-27T00:31:41.594+0000] {logging_mixin.py:188} INFO - [2024-12-27T00:31:41.593+0000] {dagbag.py:545} INFO - Filling up the DagBag from /opt/airflow/dags/sensor_airflow_consumer.py
[2024-12-27T00:31:41.848+0000] {processor.py:840} INFO - DAG(s) 'sensor_data_consumer' retrieved from /opt/airflow/dags/sensor_airflow_consumer.py
[2024-12-27T00:31:41.869+0000] {logging_mixin.py:188} INFO - [2024-12-27T00:31:41.868+0000] {dag.py:3089} INFO - Sync 1 DAGs
[2024-12-27T00:31:41.887+0000] {logging_mixin.py:188} INFO - [2024-12-27T00:31:41.887+0000] {dag.py:3947} INFO - Setting next_dagrun for sensor_data_consumer to 2025-01-01 00:00:00+00:00, run_after=2026-01-01 00:00:00+00:00
[2024-12-27T00:31:41.905+0000] {processor.py:183} INFO - Processing /opt/airflow/dags/sensor_airflow_consumer.py took 0.323 seconds
[2024-12-27T00:32:12.045+0000] {processor.py:161} INFO - Started process (PID=22694) to work on /opt/airflow/dags/sensor_airflow_consumer.py
[2024-12-27T00:32:12.046+0000] {processor.py:830} INFO - Processing file /opt/airflow/dags/sensor_airflow_consumer.py for tasks to queue
[2024-12-27T00:32:12.047+0000] {logging_mixin.py:188} INFO - [2024-12-27T00:32:12.046+0000] {dagbag.py:545} INFO - Filling up the DagBag from /opt/airflow/dags/sensor_airflow_consumer.py
[2024-12-27T00:32:12.270+0000] {processor.py:840} INFO - DAG(s) 'sensor_data_consumer' retrieved from /opt/airflow/dags/sensor_airflow_consumer.py
[2024-12-27T00:32:12.301+0000] {logging_mixin.py:188} INFO - [2024-12-27T00:32:12.301+0000] {dag.py:3089} INFO - Sync 1 DAGs
[2024-12-27T00:32:12.330+0000] {logging_mixin.py:188} INFO - [2024-12-27T00:32:12.329+0000] {dag.py:3947} INFO - Setting next_dagrun for sensor_data_consumer to 2025-01-01 00:00:00+00:00, run_after=2026-01-01 00:00:00+00:00
[2024-12-27T00:32:12.355+0000] {processor.py:183} INFO - Processing /opt/airflow/dags/sensor_airflow_consumer.py took 0.318 seconds
[2024-12-27T00:32:42.421+0000] {processor.py:161} INFO - Started process (PID=22715) to work on /opt/airflow/dags/sensor_airflow_consumer.py
[2024-12-27T00:32:42.422+0000] {processor.py:830} INFO - Processing file /opt/airflow/dags/sensor_airflow_consumer.py for tasks to queue
[2024-12-27T00:32:42.423+0000] {logging_mixin.py:188} INFO - [2024-12-27T00:32:42.422+0000] {dagbag.py:545} INFO - Filling up the DagBag from /opt/airflow/dags/sensor_airflow_consumer.py
[2024-12-27T00:32:42.652+0000] {processor.py:840} INFO - DAG(s) 'sensor_data_consumer' retrieved from /opt/airflow/dags/sensor_airflow_consumer.py
[2024-12-27T00:32:42.680+0000] {logging_mixin.py:188} INFO - [2024-12-27T00:32:42.680+0000] {dag.py:3089} INFO - Sync 1 DAGs
[2024-12-27T00:32:42.702+0000] {logging_mixin.py:188} INFO - [2024-12-27T00:32:42.702+0000] {dag.py:3947} INFO - Setting next_dagrun for sensor_data_consumer to 2025-01-01 00:00:00+00:00, run_after=2026-01-01 00:00:00+00:00
[2024-12-27T00:32:42.727+0000] {processor.py:183} INFO - Processing /opt/airflow/dags/sensor_airflow_consumer.py took 0.312 seconds
[2024-12-27T00:33:12.827+0000] {processor.py:161} INFO - Started process (PID=22736) to work on /opt/airflow/dags/sensor_airflow_consumer.py
[2024-12-27T00:33:12.828+0000] {processor.py:830} INFO - Processing file /opt/airflow/dags/sensor_airflow_consumer.py for tasks to queue
[2024-12-27T00:33:12.829+0000] {logging_mixin.py:188} INFO - [2024-12-27T00:33:12.829+0000] {dagbag.py:545} INFO - Filling up the DagBag from /opt/airflow/dags/sensor_airflow_consumer.py
[2024-12-27T00:33:13.040+0000] {processor.py:840} INFO - DAG(s) 'sensor_data_consumer' retrieved from /opt/airflow/dags/sensor_airflow_consumer.py
[2024-12-27T00:33:13.067+0000] {logging_mixin.py:188} INFO - [2024-12-27T00:33:13.067+0000] {dag.py:3089} INFO - Sync 1 DAGs
[2024-12-27T00:33:13.088+0000] {logging_mixin.py:188} INFO - [2024-12-27T00:33:13.088+0000] {dag.py:3947} INFO - Setting next_dagrun for sensor_data_consumer to 2025-01-01 00:00:00+00:00, run_after=2026-01-01 00:00:00+00:00
[2024-12-27T00:33:13.107+0000] {processor.py:183} INFO - Processing /opt/airflow/dags/sensor_airflow_consumer.py took 0.285 seconds
[2024-12-27T00:33:44.082+0000] {processor.py:161} INFO - Started process (PID=22757) to work on /opt/airflow/dags/sensor_airflow_consumer.py
[2024-12-27T00:33:44.083+0000] {processor.py:830} INFO - Processing file /opt/airflow/dags/sensor_airflow_consumer.py for tasks to queue
[2024-12-27T00:33:44.084+0000] {logging_mixin.py:188} INFO - [2024-12-27T00:33:44.083+0000] {dagbag.py:545} INFO - Filling up the DagBag from /opt/airflow/dags/sensor_airflow_consumer.py
[2024-12-27T00:33:44.299+0000] {processor.py:840} INFO - DAG(s) 'sensor_data_consumer' retrieved from /opt/airflow/dags/sensor_airflow_consumer.py
[2024-12-27T00:33:44.319+0000] {logging_mixin.py:188} INFO - [2024-12-27T00:33:44.319+0000] {dag.py:3089} INFO - Sync 1 DAGs
[2024-12-27T00:33:44.337+0000] {logging_mixin.py:188} INFO - [2024-12-27T00:33:44.337+0000] {dag.py:3947} INFO - Setting next_dagrun for sensor_data_consumer to 2025-01-01 00:00:00+00:00, run_after=2026-01-01 00:00:00+00:00
[2024-12-27T00:33:44.352+0000] {processor.py:183} INFO - Processing /opt/airflow/dags/sensor_airflow_consumer.py took 0.274 seconds
[2024-12-27T00:34:14.441+0000] {processor.py:161} INFO - Started process (PID=22778) to work on /opt/airflow/dags/sensor_airflow_consumer.py
[2024-12-27T00:34:14.442+0000] {processor.py:830} INFO - Processing file /opt/airflow/dags/sensor_airflow_consumer.py for tasks to queue
[2024-12-27T00:34:14.443+0000] {logging_mixin.py:188} INFO - [2024-12-27T00:34:14.443+0000] {dagbag.py:545} INFO - Filling up the DagBag from /opt/airflow/dags/sensor_airflow_consumer.py
[2024-12-27T00:34:14.644+0000] {processor.py:840} INFO - DAG(s) 'sensor_data_consumer' retrieved from /opt/airflow/dags/sensor_airflow_consumer.py
[2024-12-27T00:34:14.665+0000] {logging_mixin.py:188} INFO - [2024-12-27T00:34:14.665+0000] {dag.py:3089} INFO - Sync 1 DAGs
[2024-12-27T00:34:14.683+0000] {logging_mixin.py:188} INFO - [2024-12-27T00:34:14.683+0000] {dag.py:3947} INFO - Setting next_dagrun for sensor_data_consumer to 2025-01-01 00:00:00+00:00, run_after=2026-01-01 00:00:00+00:00
[2024-12-27T00:34:14.699+0000] {processor.py:183} INFO - Processing /opt/airflow/dags/sensor_airflow_consumer.py took 0.263 seconds
[2024-12-27T00:34:44.774+0000] {processor.py:161} INFO - Started process (PID=22799) to work on /opt/airflow/dags/sensor_airflow_consumer.py
[2024-12-27T00:34:44.775+0000] {processor.py:830} INFO - Processing file /opt/airflow/dags/sensor_airflow_consumer.py for tasks to queue
[2024-12-27T00:34:44.776+0000] {logging_mixin.py:188} INFO - [2024-12-27T00:34:44.776+0000] {dagbag.py:545} INFO - Filling up the DagBag from /opt/airflow/dags/sensor_airflow_consumer.py
[2024-12-27T00:34:44.979+0000] {processor.py:840} INFO - DAG(s) 'sensor_data_consumer' retrieved from /opt/airflow/dags/sensor_airflow_consumer.py
[2024-12-27T00:34:45.001+0000] {logging_mixin.py:188} INFO - [2024-12-27T00:34:45.001+0000] {dag.py:3089} INFO - Sync 1 DAGs
[2024-12-27T00:34:45.023+0000] {logging_mixin.py:188} INFO - [2024-12-27T00:34:45.023+0000] {dag.py:3947} INFO - Setting next_dagrun for sensor_data_consumer to 2025-01-01 00:00:00+00:00, run_after=2026-01-01 00:00:00+00:00
[2024-12-27T00:34:45.045+0000] {processor.py:183} INFO - Processing /opt/airflow/dags/sensor_airflow_consumer.py took 0.276 seconds
[2024-12-27T00:35:15.096+0000] {processor.py:161} INFO - Started process (PID=22820) to work on /opt/airflow/dags/sensor_airflow_consumer.py
[2024-12-27T00:35:15.097+0000] {processor.py:830} INFO - Processing file /opt/airflow/dags/sensor_airflow_consumer.py for tasks to queue
[2024-12-27T00:35:15.098+0000] {logging_mixin.py:188} INFO - [2024-12-27T00:35:15.098+0000] {dagbag.py:545} INFO - Filling up the DagBag from /opt/airflow/dags/sensor_airflow_consumer.py
[2024-12-27T00:35:15.315+0000] {processor.py:840} INFO - DAG(s) 'sensor_data_consumer' retrieved from /opt/airflow/dags/sensor_airflow_consumer.py
[2024-12-27T00:35:15.336+0000] {logging_mixin.py:188} INFO - [2024-12-27T00:35:15.336+0000] {dag.py:3089} INFO - Sync 1 DAGs
[2024-12-27T00:35:15.355+0000] {logging_mixin.py:188} INFO - [2024-12-27T00:35:15.355+0000] {dag.py:3947} INFO - Setting next_dagrun for sensor_data_consumer to 2025-01-01 00:00:00+00:00, run_after=2026-01-01 00:00:00+00:00
[2024-12-27T00:35:15.372+0000] {processor.py:183} INFO - Processing /opt/airflow/dags/sensor_airflow_consumer.py took 0.282 seconds
[2024-12-27T00:35:45.416+0000] {processor.py:161} INFO - Started process (PID=22841) to work on /opt/airflow/dags/sensor_airflow_consumer.py
[2024-12-27T00:35:45.416+0000] {processor.py:830} INFO - Processing file /opt/airflow/dags/sensor_airflow_consumer.py for tasks to queue
[2024-12-27T00:35:45.417+0000] {logging_mixin.py:188} INFO - [2024-12-27T00:35:45.417+0000] {dagbag.py:545} INFO - Filling up the DagBag from /opt/airflow/dags/sensor_airflow_consumer.py
[2024-12-27T00:35:45.620+0000] {processor.py:840} INFO - DAG(s) 'sensor_data_consumer' retrieved from /opt/airflow/dags/sensor_airflow_consumer.py
[2024-12-27T00:35:45.642+0000] {logging_mixin.py:188} INFO - [2024-12-27T00:35:45.642+0000] {dag.py:3089} INFO - Sync 1 DAGs
[2024-12-27T00:35:45.663+0000] {logging_mixin.py:188} INFO - [2024-12-27T00:35:45.663+0000] {dag.py:3947} INFO - Setting next_dagrun for sensor_data_consumer to 2025-01-01 00:00:00+00:00, run_after=2026-01-01 00:00:00+00:00
[2024-12-27T00:35:45.691+0000] {processor.py:183} INFO - Processing /opt/airflow/dags/sensor_airflow_consumer.py took 0.280 seconds
[2024-12-27T00:36:15.768+0000] {processor.py:161} INFO - Started process (PID=22862) to work on /opt/airflow/dags/sensor_airflow_consumer.py
[2024-12-27T00:36:15.769+0000] {processor.py:830} INFO - Processing file /opt/airflow/dags/sensor_airflow_consumer.py for tasks to queue
[2024-12-27T00:36:15.770+0000] {logging_mixin.py:188} INFO - [2024-12-27T00:36:15.770+0000] {dagbag.py:545} INFO - Filling up the DagBag from /opt/airflow/dags/sensor_airflow_consumer.py
[2024-12-27T00:36:15.976+0000] {processor.py:840} INFO - DAG(s) 'sensor_data_consumer' retrieved from /opt/airflow/dags/sensor_airflow_consumer.py
[2024-12-27T00:36:15.999+0000] {logging_mixin.py:188} INFO - [2024-12-27T00:36:15.999+0000] {dag.py:3089} INFO - Sync 1 DAGs
[2024-12-27T00:36:16.020+0000] {logging_mixin.py:188} INFO - [2024-12-27T00:36:16.020+0000] {dag.py:3947} INFO - Setting next_dagrun for sensor_data_consumer to 2025-01-01 00:00:00+00:00, run_after=2026-01-01 00:00:00+00:00
[2024-12-27T00:36:16.037+0000] {processor.py:183} INFO - Processing /opt/airflow/dags/sensor_airflow_consumer.py took 0.274 seconds
[2024-12-27T00:36:46.156+0000] {processor.py:161} INFO - Started process (PID=22883) to work on /opt/airflow/dags/sensor_airflow_consumer.py
[2024-12-27T00:36:46.156+0000] {processor.py:830} INFO - Processing file /opt/airflow/dags/sensor_airflow_consumer.py for tasks to queue
[2024-12-27T00:36:46.157+0000] {logging_mixin.py:188} INFO - [2024-12-27T00:36:46.157+0000] {dagbag.py:545} INFO - Filling up the DagBag from /opt/airflow/dags/sensor_airflow_consumer.py
[2024-12-27T00:36:46.364+0000] {processor.py:840} INFO - DAG(s) 'sensor_data_consumer' retrieved from /opt/airflow/dags/sensor_airflow_consumer.py
[2024-12-27T00:36:46.385+0000] {logging_mixin.py:188} INFO - [2024-12-27T00:36:46.385+0000] {dag.py:3089} INFO - Sync 1 DAGs
[2024-12-27T00:36:46.406+0000] {logging_mixin.py:188} INFO - [2024-12-27T00:36:46.406+0000] {dag.py:3947} INFO - Setting next_dagrun for sensor_data_consumer to 2025-01-01 00:00:00+00:00, run_after=2026-01-01 00:00:00+00:00
[2024-12-27T00:36:46.422+0000] {processor.py:183} INFO - Processing /opt/airflow/dags/sensor_airflow_consumer.py took 0.271 seconds
[2024-12-27T00:37:16.484+0000] {processor.py:161} INFO - Started process (PID=22904) to work on /opt/airflow/dags/sensor_airflow_consumer.py
[2024-12-27T00:37:16.485+0000] {processor.py:830} INFO - Processing file /opt/airflow/dags/sensor_airflow_consumer.py for tasks to queue
[2024-12-27T00:37:16.485+0000] {logging_mixin.py:188} INFO - [2024-12-27T00:37:16.485+0000] {dagbag.py:545} INFO - Filling up the DagBag from /opt/airflow/dags/sensor_airflow_consumer.py
[2024-12-27T00:37:16.691+0000] {processor.py:840} INFO - DAG(s) 'sensor_data_consumer' retrieved from /opt/airflow/dags/sensor_airflow_consumer.py
[2024-12-27T00:37:16.717+0000] {logging_mixin.py:188} INFO - [2024-12-27T00:37:16.717+0000] {dag.py:3089} INFO - Sync 1 DAGs
[2024-12-27T00:37:16.737+0000] {logging_mixin.py:188} INFO - [2024-12-27T00:37:16.737+0000] {dag.py:3947} INFO - Setting next_dagrun for sensor_data_consumer to 2025-01-01 00:00:00+00:00, run_after=2026-01-01 00:00:00+00:00
[2024-12-27T00:37:16.758+0000] {processor.py:183} INFO - Processing /opt/airflow/dags/sensor_airflow_consumer.py took 0.279 seconds
[2024-12-27T00:37:46.840+0000] {processor.py:161} INFO - Started process (PID=22925) to work on /opt/airflow/dags/sensor_airflow_consumer.py
[2024-12-27T00:37:46.840+0000] {processor.py:830} INFO - Processing file /opt/airflow/dags/sensor_airflow_consumer.py for tasks to queue
[2024-12-27T00:37:46.842+0000] {logging_mixin.py:188} INFO - [2024-12-27T00:37:46.841+0000] {dagbag.py:545} INFO - Filling up the DagBag from /opt/airflow/dags/sensor_airflow_consumer.py
[2024-12-27T00:37:47.056+0000] {processor.py:840} INFO - DAG(s) 'sensor_data_consumer' retrieved from /opt/airflow/dags/sensor_airflow_consumer.py
[2024-12-27T00:37:47.075+0000] {logging_mixin.py:188} INFO - [2024-12-27T00:37:47.075+0000] {dag.py:3089} INFO - Sync 1 DAGs
[2024-12-27T00:37:47.095+0000] {logging_mixin.py:188} INFO - [2024-12-27T00:37:47.095+0000] {dag.py:3947} INFO - Setting next_dagrun for sensor_data_consumer to 2025-01-01 00:00:00+00:00, run_after=2026-01-01 00:00:00+00:00
[2024-12-27T00:37:47.113+0000] {processor.py:183} INFO - Processing /opt/airflow/dags/sensor_airflow_consumer.py took 0.278 seconds
[2024-12-27T00:38:17.236+0000] {processor.py:161} INFO - Started process (PID=22946) to work on /opt/airflow/dags/sensor_airflow_consumer.py
[2024-12-27T00:38:17.237+0000] {processor.py:830} INFO - Processing file /opt/airflow/dags/sensor_airflow_consumer.py for tasks to queue
[2024-12-27T00:38:17.238+0000] {logging_mixin.py:188} INFO - [2024-12-27T00:38:17.238+0000] {dagbag.py:545} INFO - Filling up the DagBag from /opt/airflow/dags/sensor_airflow_consumer.py
[2024-12-27T00:38:17.485+0000] {processor.py:840} INFO - DAG(s) 'sensor_data_consumer' retrieved from /opt/airflow/dags/sensor_airflow_consumer.py
[2024-12-27T00:38:17.508+0000] {logging_mixin.py:188} INFO - [2024-12-27T00:38:17.507+0000] {dag.py:3089} INFO - Sync 1 DAGs
[2024-12-27T00:38:17.529+0000] {logging_mixin.py:188} INFO - [2024-12-27T00:38:17.528+0000] {dag.py:3947} INFO - Setting next_dagrun for sensor_data_consumer to 2025-01-01 00:00:00+00:00, run_after=2026-01-01 00:00:00+00:00
[2024-12-27T00:38:17.564+0000] {processor.py:183} INFO - Processing /opt/airflow/dags/sensor_airflow_consumer.py took 0.335 seconds
[2024-12-27T00:38:48.507+0000] {processor.py:161} INFO - Started process (PID=22967) to work on /opt/airflow/dags/sensor_airflow_consumer.py
[2024-12-27T00:38:48.507+0000] {processor.py:830} INFO - Processing file /opt/airflow/dags/sensor_airflow_consumer.py for tasks to queue
[2024-12-27T00:38:48.509+0000] {logging_mixin.py:188} INFO - [2024-12-27T00:38:48.508+0000] {dagbag.py:545} INFO - Filling up the DagBag from /opt/airflow/dags/sensor_airflow_consumer.py
[2024-12-27T00:38:48.777+0000] {processor.py:840} INFO - DAG(s) 'sensor_data_consumer' retrieved from /opt/airflow/dags/sensor_airflow_consumer.py
[2024-12-27T00:38:48.798+0000] {logging_mixin.py:188} INFO - [2024-12-27T00:38:48.798+0000] {dag.py:3089} INFO - Sync 1 DAGs
[2024-12-27T00:38:48.821+0000] {logging_mixin.py:188} INFO - [2024-12-27T00:38:48.821+0000] {dag.py:3947} INFO - Setting next_dagrun for sensor_data_consumer to 2025-01-01 00:00:00+00:00, run_after=2026-01-01 00:00:00+00:00
[2024-12-27T00:38:48.843+0000] {processor.py:183} INFO - Processing /opt/airflow/dags/sensor_airflow_consumer.py took 0.342 seconds
[2024-12-27T00:39:18.905+0000] {processor.py:161} INFO - Started process (PID=22988) to work on /opt/airflow/dags/sensor_airflow_consumer.py
[2024-12-27T00:39:18.906+0000] {processor.py:830} INFO - Processing file /opt/airflow/dags/sensor_airflow_consumer.py for tasks to queue
[2024-12-27T00:39:18.908+0000] {logging_mixin.py:188} INFO - [2024-12-27T00:39:18.907+0000] {dagbag.py:545} INFO - Filling up the DagBag from /opt/airflow/dags/sensor_airflow_consumer.py
[2024-12-27T00:39:19.184+0000] {processor.py:840} INFO - DAG(s) 'sensor_data_consumer' retrieved from /opt/airflow/dags/sensor_airflow_consumer.py
[2024-12-27T00:39:19.211+0000] {logging_mixin.py:188} INFO - [2024-12-27T00:39:19.210+0000] {dag.py:3089} INFO - Sync 1 DAGs
[2024-12-27T00:39:19.235+0000] {logging_mixin.py:188} INFO - [2024-12-27T00:39:19.234+0000] {dag.py:3947} INFO - Setting next_dagrun for sensor_data_consumer to 2025-01-01 00:00:00+00:00, run_after=2026-01-01 00:00:00+00:00
[2024-12-27T00:39:19.257+0000] {processor.py:183} INFO - Processing /opt/airflow/dags/sensor_airflow_consumer.py took 0.360 seconds
[2024-12-27T00:39:49.336+0000] {processor.py:161} INFO - Started process (PID=23009) to work on /opt/airflow/dags/sensor_airflow_consumer.py
[2024-12-27T00:39:49.337+0000] {processor.py:830} INFO - Processing file /opt/airflow/dags/sensor_airflow_consumer.py for tasks to queue
[2024-12-27T00:39:49.338+0000] {logging_mixin.py:188} INFO - [2024-12-27T00:39:49.338+0000] {dagbag.py:545} INFO - Filling up the DagBag from /opt/airflow/dags/sensor_airflow_consumer.py
[2024-12-27T00:39:49.561+0000] {processor.py:840} INFO - DAG(s) 'sensor_data_consumer' retrieved from /opt/airflow/dags/sensor_airflow_consumer.py
[2024-12-27T00:39:49.583+0000] {logging_mixin.py:188} INFO - [2024-12-27T00:39:49.582+0000] {dag.py:3089} INFO - Sync 1 DAGs
[2024-12-27T00:39:49.601+0000] {logging_mixin.py:188} INFO - [2024-12-27T00:39:49.601+0000] {dag.py:3947} INFO - Setting next_dagrun for sensor_data_consumer to 2025-01-01 00:00:00+00:00, run_after=2026-01-01 00:00:00+00:00
[2024-12-27T00:39:49.618+0000] {processor.py:183} INFO - Processing /opt/airflow/dags/sensor_airflow_consumer.py took 0.286 seconds
[2024-12-27T00:40:19.663+0000] {processor.py:161} INFO - Started process (PID=23030) to work on /opt/airflow/dags/sensor_airflow_consumer.py
[2024-12-27T00:40:19.664+0000] {processor.py:830} INFO - Processing file /opt/airflow/dags/sensor_airflow_consumer.py for tasks to queue
[2024-12-27T00:40:19.665+0000] {logging_mixin.py:188} INFO - [2024-12-27T00:40:19.665+0000] {dagbag.py:545} INFO - Filling up the DagBag from /opt/airflow/dags/sensor_airflow_consumer.py
[2024-12-27T00:40:19.880+0000] {processor.py:840} INFO - DAG(s) 'sensor_data_consumer' retrieved from /opt/airflow/dags/sensor_airflow_consumer.py
[2024-12-27T00:40:19.904+0000] {logging_mixin.py:188} INFO - [2024-12-27T00:40:19.904+0000] {dag.py:3089} INFO - Sync 1 DAGs
[2024-12-27T00:40:19.932+0000] {logging_mixin.py:188} INFO - [2024-12-27T00:40:19.931+0000] {dag.py:3947} INFO - Setting next_dagrun for sensor_data_consumer to 2025-01-01 00:00:00+00:00, run_after=2026-01-01 00:00:00+00:00
[2024-12-27T00:40:19.966+0000] {processor.py:183} INFO - Processing /opt/airflow/dags/sensor_airflow_consumer.py took 0.309 seconds
[2024-12-27T00:40:50.905+0000] {processor.py:161} INFO - Started process (PID=23051) to work on /opt/airflow/dags/sensor_airflow_consumer.py
[2024-12-27T00:40:50.906+0000] {processor.py:830} INFO - Processing file /opt/airflow/dags/sensor_airflow_consumer.py for tasks to queue
[2024-12-27T00:40:50.907+0000] {logging_mixin.py:188} INFO - [2024-12-27T00:40:50.907+0000] {dagbag.py:545} INFO - Filling up the DagBag from /opt/airflow/dags/sensor_airflow_consumer.py
[2024-12-27T00:40:51.144+0000] {processor.py:840} INFO - DAG(s) 'sensor_data_consumer' retrieved from /opt/airflow/dags/sensor_airflow_consumer.py
[2024-12-27T00:40:51.163+0000] {logging_mixin.py:188} INFO - [2024-12-27T00:40:51.162+0000] {dag.py:3089} INFO - Sync 1 DAGs
[2024-12-27T00:40:51.181+0000] {logging_mixin.py:188} INFO - [2024-12-27T00:40:51.181+0000] {dag.py:3947} INFO - Setting next_dagrun for sensor_data_consumer to 2025-01-01 00:00:00+00:00, run_after=2026-01-01 00:00:00+00:00
[2024-12-27T00:40:51.196+0000] {processor.py:183} INFO - Processing /opt/airflow/dags/sensor_airflow_consumer.py took 0.297 seconds
[2024-12-27T00:41:21.296+0000] {processor.py:161} INFO - Started process (PID=23072) to work on /opt/airflow/dags/sensor_airflow_consumer.py
[2024-12-27T00:41:21.297+0000] {processor.py:830} INFO - Processing file /opt/airflow/dags/sensor_airflow_consumer.py for tasks to queue
[2024-12-27T00:41:21.298+0000] {logging_mixin.py:188} INFO - [2024-12-27T00:41:21.297+0000] {dagbag.py:545} INFO - Filling up the DagBag from /opt/airflow/dags/sensor_airflow_consumer.py
[2024-12-27T00:41:21.499+0000] {processor.py:840} INFO - DAG(s) 'sensor_data_consumer' retrieved from /opt/airflow/dags/sensor_airflow_consumer.py
[2024-12-27T00:41:21.520+0000] {logging_mixin.py:188} INFO - [2024-12-27T00:41:21.520+0000] {dag.py:3089} INFO - Sync 1 DAGs
[2024-12-27T00:41:21.537+0000] {logging_mixin.py:188} INFO - [2024-12-27T00:41:21.537+0000] {dag.py:3947} INFO - Setting next_dagrun for sensor_data_consumer to 2025-01-01 00:00:00+00:00, run_after=2026-01-01 00:00:00+00:00
[2024-12-27T00:41:21.556+0000] {processor.py:183} INFO - Processing /opt/airflow/dags/sensor_airflow_consumer.py took 0.265 seconds
[2024-12-27T00:41:51.643+0000] {processor.py:161} INFO - Started process (PID=23093) to work on /opt/airflow/dags/sensor_airflow_consumer.py
[2024-12-27T00:41:51.644+0000] {processor.py:830} INFO - Processing file /opt/airflow/dags/sensor_airflow_consumer.py for tasks to queue
[2024-12-27T00:41:51.644+0000] {logging_mixin.py:188} INFO - [2024-12-27T00:41:51.644+0000] {dagbag.py:545} INFO - Filling up the DagBag from /opt/airflow/dags/sensor_airflow_consumer.py
[2024-12-27T00:41:51.846+0000] {processor.py:840} INFO - DAG(s) 'sensor_data_consumer' retrieved from /opt/airflow/dags/sensor_airflow_consumer.py
[2024-12-27T00:41:51.867+0000] {logging_mixin.py:188} INFO - [2024-12-27T00:41:51.867+0000] {dag.py:3089} INFO - Sync 1 DAGs
[2024-12-27T00:41:51.886+0000] {logging_mixin.py:188} INFO - [2024-12-27T00:41:51.885+0000] {dag.py:3947} INFO - Setting next_dagrun for sensor_data_consumer to 2025-01-01 00:00:00+00:00, run_after=2026-01-01 00:00:00+00:00
[2024-12-27T00:41:51.904+0000] {processor.py:183} INFO - Processing /opt/airflow/dags/sensor_airflow_consumer.py took 0.266 seconds
[2024-12-27T00:42:21.955+0000] {processor.py:161} INFO - Started process (PID=23114) to work on /opt/airflow/dags/sensor_airflow_consumer.py
[2024-12-27T00:42:21.955+0000] {processor.py:830} INFO - Processing file /opt/airflow/dags/sensor_airflow_consumer.py for tasks to queue
[2024-12-27T00:42:21.956+0000] {logging_mixin.py:188} INFO - [2024-12-27T00:42:21.956+0000] {dagbag.py:545} INFO - Filling up the DagBag from /opt/airflow/dags/sensor_airflow_consumer.py
[2024-12-27T00:42:22.158+0000] {processor.py:840} INFO - DAG(s) 'sensor_data_consumer' retrieved from /opt/airflow/dags/sensor_airflow_consumer.py
[2024-12-27T00:42:22.179+0000] {logging_mixin.py:188} INFO - [2024-12-27T00:42:22.179+0000] {dag.py:3089} INFO - Sync 1 DAGs
[2024-12-27T00:42:22.196+0000] {logging_mixin.py:188} INFO - [2024-12-27T00:42:22.196+0000] {dag.py:3947} INFO - Setting next_dagrun for sensor_data_consumer to 2025-01-01 00:00:00+00:00, run_after=2026-01-01 00:00:00+00:00
[2024-12-27T00:42:22.213+0000] {processor.py:183} INFO - Processing /opt/airflow/dags/sensor_airflow_consumer.py took 0.263 seconds
[2024-12-27T00:42:52.261+0000] {processor.py:161} INFO - Started process (PID=23135) to work on /opt/airflow/dags/sensor_airflow_consumer.py
[2024-12-27T00:42:52.262+0000] {processor.py:830} INFO - Processing file /opt/airflow/dags/sensor_airflow_consumer.py for tasks to queue
[2024-12-27T00:42:52.263+0000] {logging_mixin.py:188} INFO - [2024-12-27T00:42:52.262+0000] {dagbag.py:545} INFO - Filling up the DagBag from /opt/airflow/dags/sensor_airflow_consumer.py
[2024-12-27T00:42:52.472+0000] {processor.py:840} INFO - DAG(s) 'sensor_data_consumer' retrieved from /opt/airflow/dags/sensor_airflow_consumer.py
[2024-12-27T00:42:52.491+0000] {logging_mixin.py:188} INFO - [2024-12-27T00:42:52.491+0000] {dag.py:3089} INFO - Sync 1 DAGs
[2024-12-27T00:42:52.510+0000] {logging_mixin.py:188} INFO - [2024-12-27T00:42:52.509+0000] {dag.py:3947} INFO - Setting next_dagrun for sensor_data_consumer to 2025-01-01 00:00:00+00:00, run_after=2026-01-01 00:00:00+00:00
[2024-12-27T00:42:52.525+0000] {processor.py:183} INFO - Processing /opt/airflow/dags/sensor_airflow_consumer.py took 0.269 seconds
[2024-12-27T00:43:22.560+0000] {processor.py:161} INFO - Started process (PID=23156) to work on /opt/airflow/dags/sensor_airflow_consumer.py
[2024-12-27T00:43:22.560+0000] {processor.py:830} INFO - Processing file /opt/airflow/dags/sensor_airflow_consumer.py for tasks to queue
[2024-12-27T00:43:22.561+0000] {logging_mixin.py:188} INFO - [2024-12-27T00:43:22.561+0000] {dagbag.py:545} INFO - Filling up the DagBag from /opt/airflow/dags/sensor_airflow_consumer.py
[2024-12-27T00:43:22.767+0000] {processor.py:840} INFO - DAG(s) 'sensor_data_consumer' retrieved from /opt/airflow/dags/sensor_airflow_consumer.py
[2024-12-27T00:43:22.790+0000] {logging_mixin.py:188} INFO - [2024-12-27T00:43:22.790+0000] {dag.py:3089} INFO - Sync 1 DAGs
[2024-12-27T00:43:22.808+0000] {logging_mixin.py:188} INFO - [2024-12-27T00:43:22.808+0000] {dag.py:3947} INFO - Setting next_dagrun for sensor_data_consumer to 2025-01-01 00:00:00+00:00, run_after=2026-01-01 00:00:00+00:00
[2024-12-27T00:43:22.824+0000] {processor.py:183} INFO - Processing /opt/airflow/dags/sensor_airflow_consumer.py took 0.270 seconds
[2024-12-27T00:43:52.908+0000] {processor.py:161} INFO - Started process (PID=23177) to work on /opt/airflow/dags/sensor_airflow_consumer.py
[2024-12-27T00:43:52.908+0000] {processor.py:830} INFO - Processing file /opt/airflow/dags/sensor_airflow_consumer.py for tasks to queue
[2024-12-27T00:43:52.909+0000] {logging_mixin.py:188} INFO - [2024-12-27T00:43:52.909+0000] {dagbag.py:545} INFO - Filling up the DagBag from /opt/airflow/dags/sensor_airflow_consumer.py
[2024-12-27T00:43:53.134+0000] {processor.py:840} INFO - DAG(s) 'sensor_data_consumer' retrieved from /opt/airflow/dags/sensor_airflow_consumer.py
[2024-12-27T00:43:53.161+0000] {logging_mixin.py:188} INFO - [2024-12-27T00:43:53.161+0000] {dag.py:3089} INFO - Sync 1 DAGs
[2024-12-27T00:43:53.180+0000] {logging_mixin.py:188} INFO - [2024-12-27T00:43:53.179+0000] {dag.py:3947} INFO - Setting next_dagrun for sensor_data_consumer to 2025-01-01 00:00:00+00:00, run_after=2026-01-01 00:00:00+00:00
[2024-12-27T00:43:53.196+0000] {processor.py:183} INFO - Processing /opt/airflow/dags/sensor_airflow_consumer.py took 0.294 seconds
