[2024-11-10T01:49:18.680+0000] {local_task_job_runner.py:120} INFO - ::group::Pre task execution logs
[2024-11-10T01:49:18.703+0000] {taskinstance.py:2076} INFO - Dependencies all met for dep_context=non-requeueable deps ti=<TaskInstance: pipeline.insert_data_into_data_warehouse manual__2024-11-10T01:49:11.910303+00:00 [queued]>
[2024-11-10T01:49:18.710+0000] {taskinstance.py:2076} INFO - Dependencies all met for dep_context=requeueable deps ti=<TaskInstance: pipeline.insert_data_into_data_warehouse manual__2024-11-10T01:49:11.910303+00:00 [queued]>
[2024-11-10T01:49:18.711+0000] {taskinstance.py:2306} INFO - Starting attempt 1 of 1
[2024-11-10T01:49:18.723+0000] {taskinstance.py:2330} INFO - Executing <Task(_PythonDecoratedOperator): insert_data_into_data_warehouse> on 2024-11-10 01:49:11.910303+00:00
[2024-11-10T01:49:18.727+0000] {standard_task_runner.py:64} INFO - Started process 240 to run task
[2024-11-10T01:49:18.730+0000] {standard_task_runner.py:90} INFO - Running: ['***', 'tasks', 'run', 'pipeline', 'insert_data_into_data_warehouse', 'manual__2024-11-10T01:49:11.910303+00:00', '--job-id', '446', '--raw', '--subdir', 'DAGS_FOLDER/pipline.py', '--cfg-path', '/tmp/tmp9n7yeg_w']
[2024-11-10T01:49:18.733+0000] {standard_task_runner.py:91} INFO - Job 446: Subtask insert_data_into_data_warehouse
[2024-11-10T01:49:18.772+0000] {task_command.py:426} INFO - Running <TaskInstance: pipeline.insert_data_into_data_warehouse manual__2024-11-10T01:49:11.910303+00:00 [running]> on host f27d990d3764
[2024-11-10T01:49:18.881+0000] {taskinstance.py:2648} INFO - Exporting env vars: AIRFLOW_CTX_DAG_OWNER='***' AIRFLOW_CTX_DAG_ID='pipeline' AIRFLOW_CTX_TASK_ID='insert_data_into_data_warehouse' AIRFLOW_CTX_EXECUTION_DATE='2024-11-10T01:49:11.910303+00:00' AIRFLOW_CTX_TRY_NUMBER='1' AIRFLOW_CTX_DAG_RUN_ID='manual__2024-11-10T01:49:11.910303+00:00'
[2024-11-10T01:49:18.882+0000] {taskinstance.py:430} INFO - ::endgroup::
[2024-11-10T01:49:18.896+0000] {base.py:84} INFO - Using connection ID 'mysql_default' for task execution.
[2024-11-10T01:49:18.950+0000] {pipline.py:154} ERROR - Error creating or retrieving journal 'IEEE Transactions on Technology and Society': string indices must be integers, not 'str'
[2024-11-10T01:49:18.951+0000] {pipline.py:199} WARNING - Journal 'IEEE Transactions on Technology and Society' was not inserted.
[2024-11-10T01:49:18.957+0000] {base.py:84} INFO - Using connection ID 'mysql_default' for task execution.
[2024-11-10T01:49:18.974+0000] {pipline.py:154} ERROR - Error creating or retrieving journal 'IEEE Transactions on Technology and Society': string indices must be integers, not 'str'
[2024-11-10T01:49:18.974+0000] {pipline.py:199} WARNING - Journal 'IEEE Transactions on Technology and Society' was not inserted.
[2024-11-10T01:49:18.980+0000] {base.py:84} INFO - Using connection ID 'mysql_default' for task execution.
[2024-11-10T01:49:19.016+0000] {base.py:84} INFO - Using connection ID 'mysql_default' for task execution.
[2024-11-10T01:49:19.040+0000] {pipline.py:178} INFO - Publication 'The Generative AI Landscape in Education: Mapping the Terrain of Opportunities, Challenges, and Student Perception' inserted successfully.
[2024-11-10T01:49:19.045+0000] {base.py:84} INFO - Using connection ID 'mysql_default' for task execution.
[2024-11-10T01:49:19.055+0000] {pipline.py:154} ERROR - Error creating or retrieving journal 'IEEE Computer Architecture Letters': string indices must be integers, not 'str'
[2024-11-10T01:49:19.055+0000] {pipline.py:199} WARNING - Journal 'IEEE Computer Architecture Letters' was not inserted.
[2024-11-10T01:49:19.061+0000] {base.py:84} INFO - Using connection ID 'mysql_default' for task execution.
[2024-11-10T01:49:19.070+0000] {pipline.py:154} ERROR - Error creating or retrieving journal 'IEEE Embedded Systems Letters': string indices must be integers, not 'str'
[2024-11-10T01:49:19.071+0000] {pipline.py:199} WARNING - Journal 'IEEE Embedded Systems Letters' was not inserted.
[2024-11-10T01:49:19.076+0000] {base.py:84} INFO - Using connection ID 'mysql_default' for task execution.
[2024-11-10T01:49:19.107+0000] {base.py:84} INFO - Using connection ID 'mysql_default' for task execution.
[2024-11-10T01:49:19.127+0000] {pipline.py:178} INFO - Publication 'A Survey of Real-Time Strategy Game AI Research and Competition in StarCraft' inserted successfully.
[2024-11-10T01:49:19.132+0000] {base.py:84} INFO - Using connection ID 'mysql_default' for task execution.
[2024-11-10T01:49:19.162+0000] {base.py:84} INFO - Using connection ID 'mysql_default' for task execution.
[2024-11-10T01:49:19.187+0000] {pipline.py:178} INFO - Publication 'Unraveling ML Models of Emotion With NOVA: Multi-Level Explainable AI for Non-Experts' inserted successfully.
[2024-11-10T01:49:19.192+0000] {base.py:84} INFO - Using connection ID 'mysql_default' for task execution.
[2024-11-10T01:49:19.218+0000] {base.py:84} INFO - Using connection ID 'mysql_default' for task execution.
[2024-11-10T01:49:19.239+0000] {pipline.py:178} INFO - Publication 'AIS-PVT: Long-Time AIS Data Assisted Pyramid Vision Transformer for Sea-Land Segmentation in Dual-Polarization SAR Imagery' inserted successfully.
[2024-11-10T01:49:19.245+0000] {base.py:84} INFO - Using connection ID 'mysql_default' for task execution.
[2024-11-10T01:49:19.269+0000] {base.py:84} INFO - Using connection ID 'mysql_default' for task execution.
[2024-11-10T01:49:19.289+0000] {pipline.py:178} INFO - Publication 'Explainable AI for Cheating Detection and Churn Prediction in Online Games' inserted successfully.
[2024-11-10T01:49:19.294+0000] {base.py:84} INFO - Using connection ID 'mysql_default' for task execution.
[2024-11-10T01:49:19.320+0000] {base.py:84} INFO - Using connection ID 'mysql_default' for task execution.
[2024-11-10T01:49:19.341+0000] {pipline.py:178} INFO - Publication 'Towards Measuring Fairness in AI: The Casual Conversations Dataset' inserted successfully.
[2024-11-10T01:49:19.346+0000] {base.py:84} INFO - Using connection ID 'mysql_default' for task execution.
[2024-11-10T01:49:19.362+0000] {base.py:84} INFO - Using connection ID 'mysql_default' for task execution.
[2024-11-10T01:49:19.386+0000] {pipline.py:178} INFO - Publication 'Personas for Artificial Intelligence (AI) an Open Source Toolbox' inserted successfully.
[2024-11-10T01:49:19.392+0000] {base.py:84} INFO - Using connection ID 'mysql_default' for task execution.
[2024-11-10T01:49:19.408+0000] {base.py:84} INFO - Using connection ID 'mysql_default' for task execution.
[2024-11-10T01:49:19.434+0000] {pipline.py:178} INFO - Publication 'A Game AI Competition to Foster Collaborative AI Research and Development' inserted successfully.
[2024-11-10T01:49:19.440+0000] {base.py:84} INFO - Using connection ID 'mysql_default' for task execution.
[2024-11-10T01:49:19.450+0000] {pipline.py:154} ERROR - Error creating or retrieving journal 'IEEE Transactions on Technology and Society': string indices must be integers, not 'str'
[2024-11-10T01:49:19.451+0000] {pipline.py:199} WARNING - Journal 'IEEE Transactions on Technology and Society' was not inserted.
[2024-11-10T01:49:19.456+0000] {base.py:84} INFO - Using connection ID 'mysql_default' for task execution.
[2024-11-10T01:49:19.471+0000] {base.py:84} INFO - Using connection ID 'mysql_default' for task execution.
[2024-11-10T01:49:19.518+0000] {pipline.py:178} INFO - Publication 'XAI-IoT: An Explainable AI Framework for Enhancing Anomaly Detection in IoT Systems' inserted successfully.
[2024-11-10T01:49:19.524+0000] {base.py:84} INFO - Using connection ID 'mysql_default' for task execution.
[2024-11-10T01:49:19.545+0000] {base.py:84} INFO - Using connection ID 'mysql_default' for task execution.
[2024-11-10T01:49:19.572+0000] {pipline.py:178} INFO - Publication 'Human-Centered AI in Smart Farming: Toward Agriculture 5.0' inserted successfully.
[2024-11-10T01:49:19.578+0000] {base.py:84} INFO - Using connection ID 'mysql_default' for task execution.
[2024-11-10T01:49:19.603+0000] {base.py:84} INFO - Using connection ID 'mysql_default' for task execution.
[2024-11-10T01:49:19.626+0000] {pipline.py:178} INFO - Publication 'An Area-Efficient Systolic Array Redundancy Architecture for Reliable AI Accelerator' inserted successfully.
[2024-11-10T01:49:19.631+0000] {base.py:84} INFO - Using connection ID 'mysql_default' for task execution.
[2024-11-10T01:49:19.657+0000] {base.py:84} INFO - Using connection ID 'mysql_default' for task execution.
[2024-11-10T01:49:19.678+0000] {pipline.py:178} INFO - Publication 'Unleashing the Power of Edge-Cloud Generative AI in Mobile Networks: A Survey of AIGC Services' inserted successfully.
[2024-11-10T01:49:19.683+0000] {base.py:84} INFO - Using connection ID 'mysql_default' for task execution.
[2024-11-10T01:49:19.711+0000] {base.py:84} INFO - Using connection ID 'mysql_default' for task execution.
[2024-11-10T01:49:19.755+0000] {pipline.py:178} INFO - Publication 'Exploring the Effect of Generative AI on Social Sustainability Through Integrating AI Attributes, TPB, and T-EESST: A Deep Learning-Based Hybrid SEM-ANN Approach' inserted successfully.
[2024-11-10T01:49:19.761+0000] {base.py:84} INFO - Using connection ID 'mysql_default' for task execution.
[2024-11-10T01:49:19.776+0000] {base.py:84} INFO - Using connection ID 'mysql_default' for task execution.
[2024-11-10T01:49:19.796+0000] {pipline.py:178} INFO - Publication 'The Ethics of AI in Games' inserted successfully.
[2024-11-10T01:49:19.801+0000] {base.py:84} INFO - Using connection ID 'mysql_default' for task execution.
[2024-11-10T01:49:19.816+0000] {base.py:84} INFO - Using connection ID 'mysql_default' for task execution.
[2024-11-10T01:49:19.840+0000] {pipline.py:178} INFO - Publication 'E-XAI: Evaluating Black-Box Explainable AI Frameworks for Network Intrusion Detection' inserted successfully.
[2024-11-10T01:49:19.845+0000] {base.py:84} INFO - Using connection ID 'mysql_default' for task execution.
[2024-11-10T01:49:19.861+0000] {base.py:84} INFO - Using connection ID 'mysql_default' for task execution.
[2024-11-10T01:49:19.881+0000] {pipline.py:178} INFO - Publication 'Demystifying Defects: Federated Learning and Explainable AI for Semiconductor Fault Detection' inserted successfully.
[2024-11-10T01:49:19.888+0000] {base.py:84} INFO - Using connection ID 'mysql_default' for task execution.
[2024-11-10T01:49:19.903+0000] {base.py:84} INFO - Using connection ID 'mysql_default' for task execution.
[2024-11-10T01:49:19.926+0000] {pipline.py:178} INFO - Publication 'Developing a Transparent Diagnosis Model for Diabetic Retinopathy Using Explainable AI' inserted successfully.
[2024-11-10T01:49:19.931+0000] {base.py:84} INFO - Using connection ID 'mysql_default' for task execution.
[2024-11-10T01:49:19.946+0000] {base.py:84} INFO - Using connection ID 'mysql_default' for task execution.
[2024-11-10T01:49:19.968+0000] {pipline.py:178} INFO - Publication 'AI and Security, From an Information Security and Risk Manager Standpoint' inserted successfully.
[2024-11-10T01:49:19.973+0000] {base.py:84} INFO - Using connection ID 'mysql_default' for task execution.
[2024-11-10T01:49:19.988+0000] {base.py:84} INFO - Using connection ID 'mysql_default' for task execution.
[2024-11-10T01:49:20.006+0000] {pipline.py:178} INFO - Publication 'Empirical Evaluations of Framework for Adaptive Trust Calibration in Human-AI Cooperation' inserted successfully.
[2024-11-10T01:49:20.011+0000] {base.py:84} INFO - Using connection ID 'mysql_default' for task execution.
[2024-11-10T01:49:20.021+0000] {pipline.py:154} ERROR - Error creating or retrieving journal 'IEEE Transactions on Technology and Society': string indices must be integers, not 'str'
[2024-11-10T01:49:20.021+0000] {pipline.py:199} WARNING - Journal 'IEEE Transactions on Technology and Society' was not inserted.
[2024-11-10T01:49:20.026+0000] {base.py:84} INFO - Using connection ID 'mysql_default' for task execution.
[2024-11-10T01:49:20.035+0000] {pipline.py:154} ERROR - Error creating or retrieving journal 'IEEE Transactions on Technology and Society': string indices must be integers, not 'str'
[2024-11-10T01:49:20.036+0000] {pipline.py:199} WARNING - Journal 'IEEE Transactions on Technology and Society' was not inserted.
[2024-11-10T01:49:20.037+0000] {python.py:237} INFO - Done. Returned value was: None
[2024-11-10T01:49:20.037+0000] {taskinstance.py:441} INFO - ::group::Post task execution logs
[2024-11-10T01:49:20.045+0000] {taskinstance.py:1206} INFO - Marking task as SUCCESS. dag_id=pipeline, task_id=insert_data_into_data_warehouse, run_id=manual__2024-11-10T01:49:11.910303+00:00, execution_date=20241110T014911, start_date=20241110T014918, end_date=20241110T014920
[2024-11-10T01:49:20.067+0000] {local_task_job_runner.py:243} INFO - Task exited with return code 0
[2024-11-10T01:49:20.095+0000] {taskinstance.py:3503} INFO - 1 downstream tasks scheduled from follow-on schedule check
[2024-11-10T01:49:20.098+0000] {local_task_job_runner.py:222} INFO - ::endgroup::
