[2024-12-22T15:40:36.699+0000] {local_task_job_runner.py:120} INFO - ::group::Pre task execution logs
[2024-12-22T15:40:36.766+0000] {taskinstance.py:2076} INFO - Dependencies all met for dep_context=non-requeueable deps ti=<TaskInstance: pipeline.fetch_data_from_csv manual__2024-12-22T15:40:16.478641+00:00 [queued]>
[2024-12-22T15:40:36.785+0000] {taskinstance.py:2076} INFO - Dependencies all met for dep_context=requeueable deps ti=<TaskInstance: pipeline.fetch_data_from_csv manual__2024-12-22T15:40:16.478641+00:00 [queued]>
[2024-12-22T15:40:36.786+0000] {taskinstance.py:2306} INFO - Starting attempt 1 of 1
[2024-12-22T15:40:36.813+0000] {taskinstance.py:2330} INFO - Executing <Task(_PythonDecoratedOperator): fetch_data_from_csv> on 2024-12-22 15:40:16.478641+00:00
[2024-12-22T15:40:36.819+0000] {standard_task_runner.py:64} INFO - Started process 442 to run task
[2024-12-22T15:40:36.827+0000] {standard_task_runner.py:90} INFO - Running: ['***', 'tasks', 'run', 'pipeline', 'fetch_data_from_csv', 'manual__2024-12-22T15:40:16.478641+00:00', '--job-id', '696', '--raw', '--subdir', 'DAGS_FOLDER/pipline.py', '--cfg-path', '/tmp/tmp0mpk2amh']
[2024-12-22T15:40:36.830+0000] {standard_task_runner.py:91} INFO - Job 696: Subtask fetch_data_from_csv
[2024-12-22T15:40:36.924+0000] {task_command.py:426} INFO - Running <TaskInstance: pipeline.fetch_data_from_csv manual__2024-12-22T15:40:16.478641+00:00 [running]> on host 8dff7047e9ba
[2024-12-22T15:40:37.119+0000] {taskinstance.py:2648} INFO - Exporting env vars: AIRFLOW_CTX_DAG_OWNER='***' AIRFLOW_CTX_DAG_ID='pipeline' AIRFLOW_CTX_TASK_ID='fetch_data_from_csv' AIRFLOW_CTX_EXECUTION_DATE='2024-12-22T15:40:16.478641+00:00' AIRFLOW_CTX_TRY_NUMBER='1' AIRFLOW_CTX_DAG_RUN_ID='manual__2024-12-22T15:40:16.478641+00:00'
[2024-12-22T15:40:37.122+0000] {taskinstance.py:430} INFO - ::endgroup::
[2024-12-22T15:40:54.247+0000] {logging_mixin.py:188} INFO - +----------+---------+---+
|First Name|Last Name|Age|
+----------+---------+---+
|      John|      Doe| 28|
|      Jane|    Smith| 34|
|     Alice|    Brown| 23|
+----------+---------+---+
[2024-12-22T15:40:54.249+0000] {taskinstance.py:441} INFO - ::group::Post task execution logs
[2024-12-22T15:40:54.250+0000] {taskinstance.py:2905} ERROR - Task failed with exception
Traceback (most recent call last):
  File "/home/airflow/.local/lib/python3.11/site-packages/airflow/models/taskinstance.py", line 465, in _execute_task
    result = _execute_callable(context=context, **execute_callable_kwargs)
             ^^^^^^^^^^^^^^^^^^^^^^^^^^^^^^^^^^^^^^^^^^^^^^^^^^^^^^^^^^^^^
  File "/home/airflow/.local/lib/python3.11/site-packages/airflow/models/taskinstance.py", line 432, in _execute_callable
    return execute_callable(context=context, **execute_callable_kwargs)
           ^^^^^^^^^^^^^^^^^^^^^^^^^^^^^^^^^^^^^^^^^^^^^^^^^^^^^^^^^^^^
  File "/home/airflow/.local/lib/python3.11/site-packages/airflow/models/baseoperator.py", line 401, in wrapper
    return func(self, *args, **kwargs)
           ^^^^^^^^^^^^^^^^^^^^^^^^^^^
  File "/home/airflow/.local/lib/python3.11/site-packages/airflow/decorators/base.py", line 265, in execute
    return_value = super().execute(context)
                   ^^^^^^^^^^^^^^^^^^^^^^^^
  File "/home/airflow/.local/lib/python3.11/site-packages/airflow/models/baseoperator.py", line 401, in wrapper
    return func(self, *args, **kwargs)
           ^^^^^^^^^^^^^^^^^^^^^^^^^^^
  File "/home/airflow/.local/lib/python3.11/site-packages/airflow/operators/python.py", line 235, in execute
    return_value = self.execute_callable()
                   ^^^^^^^^^^^^^^^^^^^^^^^
  File "/home/airflow/.local/lib/python3.11/site-packages/airflow/operators/python.py", line 252, in execute_callable
    return self.python_callable(*self.op_args, **self.op_kwargs)
           ^^^^^^^^^^^^^^^^^^^^^^^^^^^^^^^^^^^^^^^^^^^^^^^^^^^^^
  File "/opt/airflow/dags/pipline.py", line 110, in fetch_data_from_csv
    filtered_df = df.filter(col("Age") > 30)
                            ^^^
NameError: name 'col' is not defined
[2024-12-22T15:40:54.264+0000] {taskinstance.py:1206} INFO - Marking task as FAILED. dag_id=pipeline, task_id=fetch_data_from_csv, run_id=manual__2024-12-22T15:40:16.478641+00:00, execution_date=20241222T154016, start_date=20241222T154036, end_date=20241222T154054
[2024-12-22T15:40:54.286+0000] {standard_task_runner.py:110} ERROR - Failed to execute job 696 for task fetch_data_from_csv (name 'col' is not defined; 442)
[2024-12-22T15:40:54.336+0000] {local_task_job_runner.py:243} INFO - Task exited with return code 1
[2024-12-22T15:40:54.376+0000] {taskinstance.py:3503} INFO - 0 downstream tasks scheduled from follow-on schedule check
[2024-12-22T15:40:54.380+0000] {local_task_job_runner.py:222} INFO - ::endgroup::
