[2024-12-22T14:57:32.034+0000] {local_task_job_runner.py:120} INFO - ::group::Pre task execution logs
[2024-12-22T14:57:32.118+0000] {taskinstance.py:2076} INFO - Dependencies all met for dep_context=non-requeueable deps ti=<TaskInstance: pipeline.fetch_data_from_postgres scheduled__2024-12-21T00:00:00+00:00 [queued]>
[2024-12-22T14:57:32.135+0000] {taskinstance.py:2076} INFO - Dependencies all met for dep_context=requeueable deps ti=<TaskInstance: pipeline.fetch_data_from_postgres scheduled__2024-12-21T00:00:00+00:00 [queued]>
[2024-12-22T14:57:32.138+0000] {taskinstance.py:2306} INFO - Starting attempt 1 of 1
[2024-12-22T14:57:32.167+0000] {taskinstance.py:2330} INFO - Executing <Task(_PythonDecoratedOperator): fetch_data_from_postgres> on 2024-12-21 00:00:00+00:00
[2024-12-22T14:57:32.181+0000] {standard_task_runner.py:64} INFO - Started process 238 to run task
[2024-12-22T14:57:32.187+0000] {standard_task_runner.py:90} INFO - Running: ['***', 'tasks', 'run', 'pipeline', 'fetch_data_from_postgres', 'scheduled__2024-12-21T00:00:00+00:00', '--job-id', '677', '--raw', '--subdir', 'DAGS_FOLDER/pipline.py', '--cfg-path', '/tmp/tmpgdcdiqp8']
[2024-12-22T14:57:32.191+0000] {standard_task_runner.py:91} INFO - Job 677: Subtask fetch_data_from_postgres
[2024-12-22T14:57:32.290+0000] {task_command.py:426} INFO - Running <TaskInstance: pipeline.fetch_data_from_postgres scheduled__2024-12-21T00:00:00+00:00 [running]> on host de38bc5f6de7
[2024-12-22T14:57:32.479+0000] {taskinstance.py:2648} INFO - Exporting env vars: AIRFLOW_CTX_DAG_OWNER='***' AIRFLOW_CTX_DAG_ID='pipeline' AIRFLOW_CTX_TASK_ID='fetch_data_from_postgres' AIRFLOW_CTX_EXECUTION_DATE='2024-12-21T00:00:00+00:00' AIRFLOW_CTX_TRY_NUMBER='1' AIRFLOW_CTX_DAG_RUN_ID='scheduled__2024-12-21T00:00:00+00:00'
[2024-12-22T14:57:32.480+0000] {taskinstance.py:430} INFO - ::endgroup::
[2024-12-22T14:57:32.493+0000] {base.py:84} INFO - Using connection ID 'postgres_default' for task execution.
[2024-12-22T14:57:34.535+0000] {logging_mixin.py:188} INFO - Error connecting to PostgreSQL: connection to server at "host.docker.internal" (192.168.65.254), port 5433 failed: Connection refused
	Is the server running on that host and accepting TCP/IP connections?
[2024-12-22T14:57:34.535+0000] {python.py:237} INFO - Done. Returned value was: None
[2024-12-22T14:57:34.537+0000] {taskinstance.py:441} INFO - ::group::Post task execution logs
[2024-12-22T14:57:34.547+0000] {taskinstance.py:1206} INFO - Marking task as SUCCESS. dag_id=pipeline, task_id=fetch_data_from_postgres, run_id=scheduled__2024-12-21T00:00:00+00:00, execution_date=20241221T000000, start_date=20241222T145732, end_date=20241222T145734
[2024-12-22T14:57:34.608+0000] {local_task_job_runner.py:243} INFO - Task exited with return code 0
[2024-12-22T14:57:34.640+0000] {taskinstance.py:3503} INFO - 1 downstream tasks scheduled from follow-on schedule check
[2024-12-22T14:57:34.643+0000] {local_task_job_runner.py:222} INFO - ::endgroup::
