[2024-11-09T01:52:52.814+0000] {local_task_job_runner.py:120} INFO - ::group::Pre task execution logs
[2024-11-09T01:52:52.840+0000] {taskinstance.py:2076} INFO - Dependencies all met for dep_context=non-requeueable deps ti=<TaskInstance: pipeline.insert_data_into_data_warehouse manual__2024-11-09T01:52:49.242681+00:00 [queued]>
[2024-11-09T01:52:52.847+0000] {taskinstance.py:2076} INFO - Dependencies all met for dep_context=requeueable deps ti=<TaskInstance: pipeline.insert_data_into_data_warehouse manual__2024-11-09T01:52:49.242681+00:00 [queued]>
[2024-11-09T01:52:52.848+0000] {taskinstance.py:2306} INFO - Starting attempt 1 of 1
[2024-11-09T01:52:52.859+0000] {taskinstance.py:2330} INFO - Executing <Task(_PythonDecoratedOperator): insert_data_into_data_warehouse> on 2024-11-09 01:52:49.242681+00:00
[2024-11-09T01:52:52.863+0000] {standard_task_runner.py:64} INFO - Started process 197 to run task
[2024-11-09T01:52:52.866+0000] {standard_task_runner.py:90} INFO - Running: ['***', 'tasks', 'run', 'pipeline', 'insert_data_into_data_warehouse', 'manual__2024-11-09T01:52:49.242681+00:00', '--job-id', '160', '--raw', '--subdir', 'DAGS_FOLDER/pipline.py', '--cfg-path', '/tmp/tmpe04rpi47']
[2024-11-09T01:52:52.868+0000] {standard_task_runner.py:91} INFO - Job 160: Subtask insert_data_into_data_warehouse
[2024-11-09T01:52:52.909+0000] {task_command.py:426} INFO - Running <TaskInstance: pipeline.insert_data_into_data_warehouse manual__2024-11-09T01:52:49.242681+00:00 [running]> on host 111b93fead11
[2024-11-09T01:52:53.041+0000] {taskinstance.py:2648} INFO - Exporting env vars: AIRFLOW_CTX_DAG_OWNER='***' AIRFLOW_CTX_DAG_ID='pipeline' AIRFLOW_CTX_TASK_ID='insert_data_into_data_warehouse' AIRFLOW_CTX_EXECUTION_DATE='2024-11-09T01:52:49.242681+00:00' AIRFLOW_CTX_TRY_NUMBER='1' AIRFLOW_CTX_DAG_RUN_ID='manual__2024-11-09T01:52:49.242681+00:00'
[2024-11-09T01:52:53.042+0000] {taskinstance.py:430} INFO - ::endgroup::
[2024-11-09T01:52:53.049+0000] {base.py:84} INFO - Using connection ID 'mysql_default' for task execution.
[2024-11-09T01:52:53.108+0000] {logging_mixin.py:188} INFO - Erreur lors de l'insertion des données : list indices must be integers or slices, not str
[2024-11-09T01:52:53.111+0000] {logging_mixin.py:188} INFO - Connexion MySQL fermée.
[2024-11-09T01:52:53.112+0000] {python.py:237} INFO - Done. Returned value was: None
[2024-11-09T01:52:53.113+0000] {taskinstance.py:441} INFO - ::group::Post task execution logs
[2024-11-09T01:52:53.120+0000] {taskinstance.py:1206} INFO - Marking task as SUCCESS. dag_id=pipeline, task_id=insert_data_into_data_warehouse, run_id=manual__2024-11-09T01:52:49.242681+00:00, execution_date=20241109T015249, start_date=20241109T015252, end_date=20241109T015253
[2024-11-09T01:52:53.160+0000] {local_task_job_runner.py:243} INFO - Task exited with return code 0
[2024-11-09T01:52:53.181+0000] {taskinstance.py:3503} INFO - 1 downstream tasks scheduled from follow-on schedule check
[2024-11-09T01:52:53.191+0000] {local_task_job_runner.py:222} INFO - ::endgroup::
